2022-06-20T02:01:27.118Z,0.118778,15a8,6 [FLog::Output] RobloxGitHash: 4d6c4589e833eb28bf4e444d7eea6ce3f388fc88
2022-06-20T02:01:27.120Z,0.120778,15a8,6 [FLog::Output] The channel is production
2022-06-20T02:01:27.501Z,0.501183,15a8,6 [FLog::Error] Test log: Map check complete and successful!
2022-06-20T02:01:27.501Z,0.501183,15a8,6 [FLog::Error] Dynamic initializer test result: SUCCESS
2022-06-20T02:01:27.501Z,0.501183,15a8,6 [FLog::Output] TaskSchedulerMk2::applyAsyncTaskThreadCount( 3 ) <req: 0 active: 0>
2022-06-20T02:01:27.509Z,0.509254,15a8,6 [FLog::Output] TaskSchedulerMk2::applyAsyncTaskThreadCount( 3 ) <req: 3 active: 3>
2022-06-20T02:01:27.563Z,0.563731,15a8,6 [FLog::Output] Loading AppSettings.xml from C:\Users\adminbot6000\AppData\Local\Roblox\Versions\version-fb795406f04b4467\AppSettings.xml
2022-06-20T02:01:27.565Z,0.565749,15a8,6 [FLog::Output] setAssetFolder content
2022-06-20T02:01:27.567Z,0.567766,15a8,6 [FLog::Output] setExtraAssetFolder C:/Users\adminbot6000\AppData\Local\Roblox\Versions\version-fb795406f04b4467\ExtraContent
2022-06-20T02:01:27.866Z,0.866615,15a8,6 [FLog::Output] CrashReporter Start
2022-06-20T02:01:27.868Z,0.868611,15a8,6 [FLog::Output] The crash upload percentage is 10
2022-06-20T02:01:27.868Z,0.868611,15a8,6 [FLog::Output] Authentication request URL: https://auth.roblox.com/v1/authentication-ticket/redeem ticket: w1ZCiN7dRyUk6DpgGbJKBHQJ5h87XPWSCqq9NLIa18RmcOmySRVYM7l0JoAb1i8l-Tu2_6VPOF2tKgqt6pPngV6w_9kdqKpWYeJLa_QmxHVcz-h9goq5NIIKWX9eE3v_qtHNPjQye-vByE_O9rD8wqSO6L6FBcTKvmbkP-FaPLbwZ56XzTx2PHDLPzFKfDuSKhPrZtC-7Eiud45vfNAnYvc9jWtNXsUuyrdlaMX-mWU
2022-06-20T02:01:27.881Z,0.881815,1814,6 [FLog::Output] WatcherThread Started
2022-06-20T02:01:29.115Z,2.115413,15a8,6 [FLog::Error] Error: Important !Loading shader files
2022-06-20T02:01:29.117Z,2.117393,15a8,6 [FLog::Output] TaskSchedulerMk2::applyAsyncTaskThreadCount( 3 ) <req: 3 active: 3>
2022-06-20T02:01:29.119Z,2.119372,15a8,6 [FLog::Output] Info: Initializing new game
2022-06-20T02:01:29.138Z,2.138178,15a8,6 [FLog::Output] account = UA-43420590-14, schedule = 500
2022-06-20T02:01:29.138Z,2.138178,15a8,6 [FLog::Output] TaskSchedulerMk2::applyAsyncTaskThreadCount( 3 ) <req: 3 active: 3>
2022-06-20T02:01:29.572Z,2.572182,15a8,6 [FLog::Output] Hello Avatars!
2022-06-20T02:01:29.574Z,2.574163,15a8,6 [FLog::Output] Hello! <Tap tap> Is this thing on?
2022-06-20T02:01:29.574Z,2.574163,15a8,6 [FLog::Output] Hello World will suffice.
2022-06-20T02:01:29.574Z,2.574163,15a8,6 [FLog::Output] Hello from a lush garden!
2022-06-20T02:01:29.574Z,2.574163,15a8,6 [FLog::Output] Hello! Happy to meet you.
2022-06-20T02:01:29.575Z,2.575154,15a8,6 [FLog::Output] Hello Cool Kids!
2022-06-20T02:01:29.575Z,2.575154,15a8,6 [FLog::Output] Hello! Let's hope this works.
2022-06-20T02:01:29.575Z,2.575154,15a8,6 [FLog::Output] Hello from the other side of the galaxy!
2022-06-20T02:01:29.803Z,2.803276,15a8,6 [FLog::VR] VR: VR_IsSteamVRRunning returned false
2022-06-20T02:01:29.821Z,2.821312,15a8,6 [FLog::Graphics] D3D11 Adapter: VMware SVGA 3D
2022-06-20T02:01:29.821Z,2.821312,15a8,6 [FLog::Graphics] D3D11 Adapter: Vendor 15ad Device 0405 VRAM 4 RAM 2521
2022-06-20T02:01:29.821Z,2.821312,15a8,6 [channel] Caps: ThreadSafe 0 Framebuffer 1 FpFramebuffer 1 Shaders 1 Compute 1 Instancing 1 ConstBuffers 1
2022-06-20T02:01:29.821Z,2.821312,15a8,6 [channel] Caps: Framebuffer: MRT 8 MSAA 8 Stencil 1
2022-06-20T02:01:29.821Z,2.821312,15a8,6 [channel] Caps: Framebuffer: Depth16 1 Depth24 1 DepthFloat 1 DepthClamp 1
2022-06-20T02:01:29.821Z,2.821312,15a8,6 [channel] Caps: Border Color 1
2022-06-20T02:01:29.821Z,2.821312,15a8,6 [channel] Caps: Texture: RGB10A2 1 RG11B10F 1
2022-06-20T02:01:29.821Z,2.821312,15a8,6 [channel] Caps: Texture: DXT 1 PVR 0 ETC1 0 ETC2 0 Half 1
2022-06-20T02:01:29.821Z,2.821312,15a8,6 [channel] Caps: Texture: 3D 1 Array 1 Depth 1 MSAA 1 MSAAFP16 0
2022-06-20T02:01:29.821Z,2.821312,15a8,6 [channel] Caps: Texture: NPOT 1 PartialMips 1 CubeMipGen 1 CubeFramebuffer 1
2022-06-20T02:01:29.821Z,2.821312,15a8,6 [channel] Caps: Texture: Size 16384 Units 16
2022-06-20T02:01:29.821Z,2.821312,15a8,6 [channel] Caps: ConstantBufferSize 65536
2022-06-20T02:01:29.821Z,2.821312,15a8,6 [channel] Caps: 32bIdx 1 Memoryless 0 mediump 0
2022-06-20T02:01:29.821Z,2.821312,15a8,6 [channel] Caps: ColorBGR 0 RTFlip 0 MinusOneToOneDepth 0
2022-06-20T02:01:29.840Z,2.840314,15a8,6 [FLog::Graphics] Video memory size: 2147483648
2022-06-20T02:01:29.998Z,2.998337,15a8,6 [FLog::Graphics] Loaded 676 shaders from pack d3d11 variant defaultRoughnessRemap (8598140 bytes)
2022-06-20T02:01:29.998Z,2.998337,15a8,6 [FLog::Graphics] Compiled 676 shaders in 157 ms
2022-06-20T02:01:30.530Z,3.530393,15a8,6 [FLog::Output] Studio D3D9 GPU: VMware SVGA 3D
2022-06-20T02:01:30.530Z,3.530393,15a8,6 [FLog::Output] Studio D3D9 GPU: Vendor 15ad Device 0405
2022-06-20T02:01:30.530Z,3.530393,15a8,6 [FLog::Output] Studio D3D9 Driver: vm3dum_loader.dll 8.17.2.14
2022-06-20T02:01:30.530Z,3.530393,15a8,6 [FLog::Output] ESGamePerfMonitor GPU: Vendor 000015ad Device 00000405
2022-06-20T02:01:30.530Z,3.530393,15a8,6 [FLog::Output] ESGamePerfMonitor GPU: SubSys 040515ad Revision 00000000
2022-06-20T02:01:30.531Z,3.531386,15a8,6 [FLog::Output] ESGamePerfMonitor GPU: DedicatedVidMem 4194304 DedicatedSysMem 2643976192 SharedSystemMemory 123221580930088960
2022-06-20T02:01:30.540Z,3.540324,1e54,6 [FLog::Output] PlaceLauncher URL : https://assetgame.roblox.com/game/PlaceLauncher.ashx?request=RequestGame&browserTrackerId=136867614413&placeId=4623386862&isPlayTogetherGame=false
2022-06-20T02:01:30.540Z,3.540324,1e54,6 [FLog::GameJoinUtil] GameJoinUtil::joinGame
2022-06-20T02:01:30.540Z,3.540324,1e54,6 [FLog::GameJoinUtil] GameJoinUtil::joinGamePostStandard: URL: https://gamejoin.roblox.com/v1/join-game BODY: {"placeId":4623386862,"gameJoinAttemptId":"0E2CEB89-A37A-47CE-8555-EA46618AAA84","browserTrackerId":"136867614413"}
2022-06-20T02:01:30.540Z,3.540324,1e54,6 [FLog::GameJoinUtil] GameJoinUtil::makePlaceLauncherRequest: requestCount: 0, url: https://gamejoin.roblox.com/v1/join-game.
2022-06-20T02:01:30.540Z,3.540324,1e54,6 [FLog::GameJoinUtil] Delaying request by 0.00 seconds
2022-06-20T02:01:30.570Z,3.570116,15a8,6 [FLog::Graphics] LayeredClothingMode updated: LC=1 SkeletonAPI=1 HSR=1 TC2=1
2022-06-20T02:01:32.143Z,5.143863,1ca8,6 [FLog::GameJoinUtil] GameJoinUtil::makePlaceLauncherRequest, response:
{"jobId":"9d623f43-3e7b-4a41-82e8-7248d0bc5688","status":2,"joinScriptUrl":"https://assetgame.roblox.com/Game/Join.ashx?ticketVersion=2&ticket=%7b%22UserId%22%3a3635455297%2c%22UserName%22%3a%22ftcsvisgreat%22%2c%22DisplayName%22%3a%22ftcsvisgreat%22%2c%22CharacterFetchUrl%22%3a%22https%3a%2f%2fapi.roblox.com%2fv1.1%2favatar-fetch%2f%3fplaceId%3d4623386862%26userId%3d3635455297%22%2c%22GameId%22%3a%229d623f43-3e7b-4a41-82e8-7248d0bc5688%22%2c%22PlaceId%22%3a4623386862%2c%22UniverseId%22%3a1516533665%2c%22ServerId%22%3a127597%2c%22ServerPort%22%3a61401%2c%22IsTeleport%22%3afalse%2c%22FollowUserId%22%3anull%2c%22TimeStamp%22%3a%226%2f19%2f2022+9%3a01%3a31+PM%22%2c%22CharacterAppearanceId%22%3a3635455297%2c%22AlternateName%22%3anull%2c%22JoinTypeId%22%3a10%2c%22MatchmakingDecisionId%22%3a%221fe7381e-6432-4ffe-a73b-14616af5ff8b%22%2c%22GameJoinMetadata%22%3a%7b%22JoinSource%22%3a0%2c%22RequestType%22%
2022-06-20T02:01:32.144Z,5.144866,1ca8,6 [FLog::GameJoinUtil] Default handler, game join succeeded.
2022-06-20T02:01:32.144Z,5.144866,1ca8,6 [FLog::GameJoinUtil] GameJoinUtil::processing join parameters
2022-06-20T02:01:32.145Z,5.145870,0c70,7 [FLog::Network] NetworkClient:Create
2022-06-20T02:01:32.145Z,5.145870,0c70,10 [DFLog::KeyRing] Parsed config created at: 19:56 11/23/2021.
2022-06-20T02:01:32.165Z,5.165944,0c70,6 [FLog::Output] ! Joining game '9d623f43-3e7b-4a41-82e8-7248d0bc5688' place 4623386862 at 128.116.27.23
2022-06-20T02:01:32.166Z,5.166947,0c70,6 [FLog::GameJoinLoadTime] Report game_join_loadtime: placeid:4623386862, join_time:1.6055459900000048634, universeid:1516533665, referral_page:, sid:102c9649-b14d-45c3-8dd0-33dea1a6855e, clienttime:1655690492.263999939, userid:3635455297, 
2022-06-20T02:01:32.171Z,5.171966,0c70,7 [FLog::Network] Client will attempt to connect following server endpoints with threadSleepTime(-1)
2022-06-20T02:01:32.172Z,5.172969,0c70,7 [FLog::Network] Server Address = 128.116.27.23, Port = 61401
2022-06-20T02:01:32.173Z,5.173973,0c70,7 [FLog::Network] binding socket on inaddr_any:0

2022-06-20T02:01:32.196Z,5.196711,0c70,6 [FLog::Output] Connecting to 128.116.27.23:61401
2022-06-20T02:01:32.196Z,5.196711,0c70,7 [FLog::Network] Connecting to server, IP(inet_addr): 387675264 Port: 61401
2022-06-20T02:01:32.391Z,5.391216,15c4,6 [FLog::Output] Connection accepted from 128.116.27.23|61401
2022-06-20T02:01:32.392Z,5.392218,15c4,7 [FLog::Network] serverId: 128.116.27.23|61401
2022-06-20T02:01:32.393Z,5.393220,15c4,7 [FLog::Network] Replicator created for player 128.116.27.23|61401
2022-06-20T02:01:32.393Z,5.393220,15c4,7 [FLog::Network] Replicator created: 18E84E40
2022-06-20T02:01:32.428Z,5.428300,1ca8,7 [FLog::Network] Setting latency from Ixp tx: 0 rx: 0
2022-06-20T02:01:32.428Z,5.428300,1ca8,7 [FLog::Network] Set latency from Ixp live response after 256.334167 ms
2022-06-20T02:01:32.531Z,5.531095,0c70,7 [FLog::Network] call to onreceive before physicsReceiver is initialized are ready, dropping packet
2022-06-20T02:01:32.582Z,5.582425,0c70,7 [FLog::Network] Time taken to initialize schema = 14.080400 ms
2022-06-20T02:01:32.583Z,5.583428,0c70,7 [FLog::Network] Assigned peer id = 916
2022-06-20T02:01:32.583Z,5.583428,0c70,7 [FLog::Network] Join snapshot timer: 0.218700
2022-06-20T02:01:33.281Z,6.281917,1ca8,7 [FLog::Network] Setting latency from Ixp tx: 0 rx: 0
2022-06-20T02:01:35.036Z,8.036552,0c70,6 [FLog::Output] Server RobloxGitHash: 4d6c4589e833eb28bf4e444d7eea6ce3f388fc88
2022-06-20T02:01:35.066Z,8.066345,0c70,6 [FLog::Output] Server Prefix: 0.531.0.5310423_20220619T081047Z_RCC_d6ac1
2022-06-20T02:01:36.812Z,9.812868,0c70,6 [FLog::Error] Error: Failed to load sound rbxassetid://1847569413: Unable to download sound data
2022-06-20T02:01:36.812Z,9.812868,0c70,6 [FLog::Error] Error: Failed to load sound rbxassetid://1847569413: Unable to download sound data
2022-06-20T02:01:36.812Z,9.812868,0c70,6 [FLog::Error] Error: Failed to load sound rbxassetid://1838825204: Unable to download sound data
2022-06-20T02:01:36.812Z,9.812868,0c70,6 [FLog::Error] Error: Failed to load sound rbxassetid://1838825204: Unable to download sound data
2022-06-20T02:01:36.812Z,9.812868,0c70,6 [FLog::Error] Error: Failed to load sound rbxassetid://5240058145: Unable to download sound data
2022-06-20T02:01:36.812Z,9.812868,0c70,6 [FLog::Error] Error: Failed to load sound rbxassetid://5240058145: Unable to download sound data
2022-06-20T02:01:37.384Z,10.384894,15a8,6 [FLog::Graphics] SolidTextures::initSolidTextures()
2022-06-20T02:01:37.386Z,10.386892,15a8,6 [FLog::Graphics] Terrain TextureArray 512x512, arraySize: 36, mip: 10
2022-06-20T02:01:38.236Z,11.236879,15c4,6 [FLog::Warning] Warning: SetCore: ResetButtonCallback has not been registered by the CoreScripts
2022-06-20T02:01:41.163Z,14.163279,0c70,6 [FLog::Error] Error: Players.ftcsvisgreat.PlayerGui.MainMenu.SkinsFrame.DataStoreUpdate:420: attempt to index nil with 'TrapEventPack'
    Stack Begin
    Script 'Players.ftcsvisgreat.PlayerGui.MainMenu.SkinsFrame.DataStoreUpdate', Line 420
    Stack End
2022-06-20T02:01:44.006Z,17.006460,0c70,6 [FLog::Output] true JoiningGame Plant table: 0x00000000720ad224 0
2022-06-20T02:01:44.921Z,17.921314,15c4,6 [FLog::Output] true JoiningGame Plant table: 0x00000000720ad224 22
2022-06-20T02:02:00.764Z,33.764694,0c70,6 [FLog::Error] Error: Failed to load sound rbxassetid://1847569413: Unable to download sound data
2022-06-20T02:02:00.765Z,33.765690,0c70,6 [FLog::Error] Error: Failed to load sound rbxassetid://1838825204: Unable to download sound data
2022-06-20T02:02:00.765Z,33.765690,0c70,6 [FLog::Error] Error: Failed to load sound rbxassetid://5240058145: Unable to download sound data
2022-06-20T02:02:02.198Z,35.198017,15a8,6 [FLog::Graphics] Setting screen DPI scale to 0.00 (was 1.00)
2022-06-20T02:02:02.433Z,35.433708,15a8,6 [FLog::Error] signalr: new state: 0, message: stop was called
2022-06-20T02:02:02.433Z,35.433708,15a8,6 [DFLog::PerfHistogram] Performance histogram MutexContentionWait
2022-06-20T02:02:02.433Z,35.433708,15a8,6 [DFLog::PerfHistogram]   <1     us : 17
2022-06-20T02:02:02.433Z,35.433708,15a8,6 [DFLog::PerfHistogram]   <3     us : 0
2022-06-20T02:02:02.433Z,35.433708,15a8,6 [DFLog::PerfHistogram]   <9     us : 0
2022-06-20T02:02:02.434Z,35.434708,15a8,6 [DFLog::PerfHistogram]   <27    us : 0
2022-06-20T02:02:02.434Z,35.434708,15a8,6 [DFLog::PerfHistogram]   <81    us : 0
2022-06-20T02:02:02.434Z,35.434708,15a8,6 [DFLog::PerfHistogram]   <243   us : 0
2022-06-20T02:02:02.434Z,35.434708,15a8,6 [DFLog::PerfHistogram]   <729   us : 0
2022-06-20T02:02:02.434Z,35.434708,15a8,6 [DFLog::PerfHistogram]   <2187  us : 0
2022-06-20T02:02:02.434Z,35.434708,15a8,6 [DFLog::PerfHistogram]   <6561  us : 0
2022-06-20T02:02:02.434Z,35.434708,15a8,6 [DFLog::PerfHistogram]  (larger)   : 0
2022-06-20T02:02:02.440Z,35.440712,15a8,7 [FLog::Network] Client:Disconnect
2022-06-20T02:02:02.440Z,35.440712,15a8,7 [DFLog::MegaReplicatorLogDisconnectCleanUpLog] MRD cleanup WorkerCount available: 2, for MRD table size: 42343
2022-06-20T02:02:02.449Z,35.449722,15a8,7 [FLog::Network] Time to disconnect replication data: 9.366700
2022-06-20T02:02:08.357Z,41.357010,15a8,7 [FLog::Network] Sending disconnect with reason: 285
2022-06-20T02:02:08.420Z,41.420872,1c44,7 [FLog::Network] Connection lost
2022-06-20T02:02:08.420Z,41.420872,1c44,7 [FLog::Network] Connection lost: connectMode: Disconnect ASAP, timeMS:41421, connectionTime 5329
2022-06-20T02:02:08.422Z,41.422863,1c44,7 [FLog::Network] Connection lost: AckTimeout 0, IsOutgoingDataWaiting 0
2022-06-20T02:02:08.422Z,41.422863,1c44,7 [FLog::Network] Disconnection Notification. Reason: 285
2022-06-20T02:02:09.005Z,42.005390,15a8,12 [DFLog::HttpTraceError] HttpResponse(#434 234FDDC8) time:646.9ms (net:356.0ms callback:0.0ms timeInRetryQueue:0.0ms) error:9 message:HttpError: Aborted url:"https://assetgame.roblox.com/Game/ClientPresence.ashx?version=old&PlaceID=4623386862&GameID=9d623f43-3e7b-4a41-82e8-7248d0bc5688&UserID=3635455297&disconnect=true" ip: external:0 numberOfTimesRetried:0
2022-06-20T02:02:09.005Z,42.005390,15a8,6 [FLog::Output] OnDisconnect http req time:646.37ms (timeout)
2022-06-20T02:02:09.008Z,42.008400,15a8,7 [FLog::Network] Replicator destroyed: 18E84E40
2022-06-20T02:02:09.010Z,42.010406,15a8,7 [FLog::Network] Sending disconnect with reason: 285
2022-06-20T02:02:11.753Z,44.753132,15a8,7 [FLog::Network] Client:Disconnect
2022-06-20T02:02:12.272Z,45.272263,15a8,6 [FLog::Output] Closing Fmod (as 89, ml 0, sl 0).
2022-06-20T02:02:13.214Z,46.214836,15a8,6 [FLog::Output] Fmod Closed.
2022-06-20T02:02:13.358Z,46.358196,15a8,7 [FLog::Network] NetworkClient:Remove
2022-06-20T02:02:13.359Z,46.359203,15a8,7 [DFLog::MegaReplicatorLogDisconnectCleanUpLog] Destroying MegaReplicator.
2022-06-20T02:02:18.487Z,51.487564,15a8,12 [DFLog::HttpTraceError] HttpResponse(#437 26BB9538) time:193.9ms (net:193.8ms callback:0.0ms timeInRetryQueue:0.0ms) error:9 message:HttpError: Aborted url:"https://client-telemetry.roblox.com" ip: external:0 numberOfTimesRetried:0
