2022-06-20T02:49:34.105Z,0.105812,19a4,6 [FLog::Output] RobloxGitHash: 4d6c4589e833eb28bf4e444d7eea6ce3f388fc88
2022-06-20T02:49:34.106Z,0.106812,19a4,6 [FLog::Output] The channel is production
2022-06-20T02:49:34.434Z,0.434471,19a4,6 [FLog::Error] Test log: Map check complete and successful!
2022-06-20T02:49:34.435Z,0.435468,19a4,6 [FLog::Error] Dynamic initializer test result: SUCCESS
2022-06-20T02:49:34.435Z,0.435468,19a4,6 [FLog::Output] TaskSchedulerMk2::applyAsyncTaskThreadCount( 3 ) <req: 0 active: 0>
2022-06-20T02:49:34.440Z,0.440455,19a4,6 [FLog::Output] TaskSchedulerMk2::applyAsyncTaskThreadCount( 3 ) <req: 3 active: 3>
2022-06-20T02:49:34.548Z,0.548167,19a4,6 [FLog::Output] Loading AppSettings.xml from C:\Users\adminbot6000\AppData\Local\Roblox\Versions\version-fb795406f04b4467\AppSettings.xml
2022-06-20T02:49:34.549Z,0.549170,19a4,6 [FLog::Output] setAssetFolder content
2022-06-20T02:49:34.554Z,0.554185,19a4,6 [FLog::Output] setExtraAssetFolder C:/Users\adminbot6000\AppData\Local\Roblox\Versions\version-fb795406f04b4467\ExtraContent
2022-06-20T02:49:34.886Z,0.886733,19a4,6 [FLog::Output] CrashReporter Start
2022-06-20T02:49:34.886Z,0.886733,19a4,6 [FLog::Output] The crash upload percentage is 10
2022-06-20T02:49:34.890Z,0.890837,19a4,6 [FLog::Output] Authentication request URL: https://auth.roblox.com/v1/authentication-ticket/redeem ticket: 2sKn27_1RF25nSg_ODMuYpTnjGQv8Epqgjubhc75THo5paILUQTkirE6JuhVNSSdk2oXhTX1cKX28RLb1Efugr2i95dpepc3fQgqu9AJf_ZoD6IohReOOZT4ugyNouC0JUhBz7MikwZENBGAoSZiGDPAlOT9yioxjip9UEhBZpb_KmsJW3uedlutz0OVJ-eLUnnZ25XyIyhmqtXWMYhaBOkXVg-yLQZpojZIVaN3VmM
2022-06-20T02:49:34.919Z,0.919564,194c,6 [FLog::Output] WatcherThread Started
2022-06-20T02:49:36.038Z,2.038409,19a4,6 [FLog::Error] Error: Important !Loading shader files
2022-06-20T02:49:36.039Z,2.039413,19a4,6 [FLog::Output] TaskSchedulerMk2::applyAsyncTaskThreadCount( 3 ) <req: 3 active: 3>
2022-06-20T02:49:36.041Z,2.041422,19a4,6 [FLog::Output] Info: Initializing new game
2022-06-20T02:49:36.058Z,2.058496,19a4,6 [FLog::Output] account = UA-43420590-14, schedule = 500
2022-06-20T02:49:36.059Z,2.059500,19a4,6 [FLog::Output] TaskSchedulerMk2::applyAsyncTaskThreadCount( 3 ) <req: 3 active: 3>
2022-06-20T02:49:36.506Z,2.506639,19a4,6 [FLog::Output] Hello Avatars!
2022-06-20T02:49:36.506Z,2.506639,19a4,6 [FLog::Output] Hello! <Tap tap> Is this thing on?
2022-06-20T02:49:36.506Z,2.506639,19a4,6 [FLog::Output] Hello World will suffice.
2022-06-20T02:49:36.506Z,2.506639,19a4,6 [FLog::Output] Hello from a lush garden!
2022-06-20T02:49:36.506Z,2.506639,19a4,6 [FLog::Output] Hello! Happy to meet you.
2022-06-20T02:49:36.506Z,2.506639,19a4,6 [FLog::Output] Hello Cool Kids!
2022-06-20T02:49:36.506Z,2.506639,19a4,6 [FLog::Output] Hello! Let's hope this works.
2022-06-20T02:49:36.506Z,2.506639,19a4,6 [FLog::Output] Hello from the other side of the galaxy!
2022-06-20T02:49:36.770Z,2.770760,19a4,6 [FLog::VR] VR: VR_IsSteamVRRunning returned false
2022-06-20T02:49:36.810Z,2.810779,19a4,6 [FLog::Graphics] D3D11 Adapter: VMware SVGA 3D
2022-06-20T02:49:36.810Z,2.810779,19a4,6 [FLog::Graphics] D3D11 Adapter: Vendor 15ad Device 0405 VRAM 4 RAM 2521
2022-06-20T02:49:36.810Z,2.810779,19a4,6 [channel] Caps: ThreadSafe 0 Framebuffer 1 FpFramebuffer 1 Shaders 1 Compute 1 Instancing 1 ConstBuffers 1
2022-06-20T02:49:36.811Z,2.811778,19a4,6 [channel] Caps: Framebuffer: MRT 8 MSAA 8 Stencil 1
2022-06-20T02:49:36.811Z,2.811778,19a4,6 [channel] Caps: Framebuffer: Depth16 1 Depth24 1 DepthFloat 1 DepthClamp 1
2022-06-20T02:49:36.811Z,2.811778,19a4,6 [channel] Caps: Border Color 1
2022-06-20T02:49:36.811Z,2.811778,19a4,6 [channel] Caps: Texture: RGB10A2 1 RG11B10F 1
2022-06-20T02:49:36.811Z,2.811778,19a4,6 [channel] Caps: Texture: DXT 1 PVR 0 ETC1 0 ETC2 0 Half 1
2022-06-20T02:49:36.811Z,2.811778,19a4,6 [channel] Caps: Texture: 3D 1 Array 1 Depth 1 MSAA 1 MSAAFP16 0
2022-06-20T02:49:36.811Z,2.811778,19a4,6 [channel] Caps: Texture: NPOT 1 PartialMips 1 CubeMipGen 1 CubeFramebuffer 1
2022-06-20T02:49:36.811Z,2.811778,19a4,6 [channel] Caps: Texture: Size 16384 Units 16
2022-06-20T02:49:36.811Z,2.811778,19a4,6 [channel] Caps: ConstantBufferSize 65536
2022-06-20T02:49:36.811Z,2.811778,19a4,6 [channel] Caps: 32bIdx 1 Memoryless 0 mediump 0
2022-06-20T02:49:36.811Z,2.811778,19a4,6 [channel] Caps: ColorBGR 0 RTFlip 0 MinusOneToOneDepth 0
2022-06-20T02:49:37.104Z,3.104337,19a4,6 [FLog::Graphics] Video memory size: 2147483648
2022-06-20T02:49:37.229Z,3.229585,19a4,6 [FLog::Graphics] Loaded 676 shaders from pack d3d11 variant defaultRoughnessRemap (8598140 bytes)
2022-06-20T02:49:37.229Z,3.229585,19a4,6 [FLog::Graphics] Compiled 676 shaders in 159 ms
2022-06-20T02:49:37.756Z,3.756604,19a4,6 [FLog::Output] Studio D3D9 GPU: VMware SVGA 3D
2022-06-20T02:49:37.756Z,3.756604,19a4,6 [FLog::Output] Studio D3D9 GPU: Vendor 15ad Device 0405
2022-06-20T02:49:37.757Z,3.757600,19a4,6 [FLog::Output] Studio D3D9 Driver: vm3dum_loader.dll 8.17.2.14
2022-06-20T02:49:37.759Z,3.759593,19a4,6 [FLog::Output] ESGamePerfMonitor GPU: Vendor 000015ad Device 00000405
2022-06-20T02:49:37.759Z,3.759593,19a4,6 [FLog::Output] ESGamePerfMonitor GPU: SubSys 040515ad Revision 00000000
2022-06-20T02:49:37.759Z,3.759593,19a4,6 [FLog::Output] ESGamePerfMonitor GPU: DedicatedVidMem 4194304 DedicatedSysMem 2643976192 SharedSystemMemory 123221580930088960
2022-06-20T02:49:37.768Z,3.768560,0710,6 [FLog::Output] PlaceLauncher URL : https://assetgame.roblox.com/game/PlaceLauncher.ashx?request=RequestGame&browserTrackerId=136867614413&placeId=2768379856&isPlayTogetherGame=false
2022-06-20T02:49:37.769Z,3.769556,0710,6 [FLog::GameJoinUtil] GameJoinUtil::joinGame
2022-06-20T02:49:37.769Z,3.769556,0710,6 [FLog::GameJoinUtil] GameJoinUtil::joinGamePostStandard: URL: https://gamejoin.roblox.com/v1/join-game BODY: {"placeId":2768379856,"gameJoinAttemptId":"053C2579-9F38-4D40-BB01-3A3A00002502","browserTrackerId":"136867614413"}
2022-06-20T02:49:37.769Z,3.769556,0710,6 [FLog::GameJoinUtil] GameJoinUtil::makePlaceLauncherRequest: requestCount: 0, url: https://gamejoin.roblox.com/v1/join-game.
2022-06-20T02:49:37.769Z,3.769556,0710,6 [FLog::GameJoinUtil] Delaying request by 0.00 seconds
2022-06-20T02:49:37.788Z,3.788777,19a4,6 [FLog::Graphics] LayeredClothingMode updated: LC=1 SkeletonAPI=1 HSR=1 TC2=1
2022-06-20T02:49:38.658Z,4.658177,1760,6 [FLog::GameJoinUtil] GameJoinUtil::makePlaceLauncherRequest, response:
{"jobId":"4e7e213e-b048-4ac9-87c1-8d2b04c71b2f","status":2,"joinScriptUrl":"https://assetgame.roblox.com/Game/Join.ashx?ticketVersion=2&ticket=%7b%22UserId%22%3a3635455297%2c%22UserName%22%3a%22ftcsvisgreat%22%2c%22DisplayName%22%3a%22ftcsvisgreat%22%2c%22CharacterFetchUrl%22%3a%22https%3a%2f%2fapi.roblox.com%2fv1.1%2favatar-fetch%2f%3fplaceId%3d2768379856%26userId%3d3635455297%22%2c%22GameId%22%3a%224e7e213e-b048-4ac9-87c1-8d2b04c71b2f%22%2c%22PlaceId%22%3a2768379856%2c%22UniverseId%22%3a1000233041%2c%22ServerId%22%3a128372%2c%22ServerPort%22%3a65321%2c%22IsTeleport%22%3afalse%2c%22FollowUserId%22%3anull%2c%22TimeStamp%22%3a%226%2f19%2f2022+9%3a49%3a38+PM%22%2c%22CharacterAppearanceId%22%3a3635455297%2c%22AlternateName%22%3anull%2c%22JoinTypeId%22%3a10%2c%22MatchmakingDecisionId%22%3a%22cff18684-da10-4971-af34-2a62f8adb641%22%2c%22GameJoinMetadata%22%3a%7b%22JoinSource%22%3a0%2c%22RequestType%22%
2022-06-20T02:49:38.660Z,4.660183,1760,6 [FLog::GameJoinUtil] Default handler, game join succeeded.
2022-06-20T02:49:38.660Z,4.660183,1760,6 [FLog::GameJoinUtil] GameJoinUtil::processing join parameters
2022-06-20T02:49:38.662Z,4.662189,14a8,7 [FLog::Network] NetworkClient:Create
2022-06-20T02:49:38.666Z,4.666201,14a8,10 [DFLog::KeyRing] Parsed config created at: 19:56 11/23/2021.
2022-06-20T02:49:38.698Z,4.698110,14a8,6 [FLog::Output] ! Joining game '4e7e213e-b048-4ac9-87c1-8d2b04c71b2f' place 2768379856 at 128.116.28.178
2022-06-20T02:49:38.701Z,4.701138,14a8,6 [FLog::GameJoinLoadTime] Report game_join_loadtime: placeid:2768379856, join_time:0.89564179500020157931, universeid:1000233041, referral_page:, sid:21840e5a-00b7-435b-b8f6-e89c4178849f, clienttime:1655693378.8169999123, userid:3635455297, 
2022-06-20T02:49:38.726Z,4.726377,14a8,7 [FLog::Network] Client will attempt to connect following server endpoints with threadSleepTime(-1)
2022-06-20T02:49:38.726Z,4.726377,14a8,7 [FLog::Network] Server Address = 128.116.28.178, Port = 65321
2022-06-20T02:49:38.730Z,4.730415,14a8,7 [FLog::Network] binding socket on inaddr_any:0

2022-06-20T02:49:38.796Z,4.796628,1760,7 [FLog::Network] Setting latency from Ixp tx: 0 rx: 0
2022-06-20T02:49:38.796Z,4.796628,1760,7 [FLog::Network] Set latency from Ixp live response after 70.250572 ms
2022-06-20T02:49:38.807Z,4.807517,14a8,6 [FLog::Output] Connecting to 128.116.28.178:65321
2022-06-20T02:49:38.807Z,4.807517,14a8,7 [FLog::Network] Connecting to server, IP(inet_addr): 2988209280 Port: 65321
2022-06-20T02:49:38.940Z,4.940076,14a8,6 [FLog::Output] Connection accepted from 128.116.28.178|65321
2022-06-20T02:49:38.941Z,4.941102,14a8,7 [FLog::Network] serverId: 128.116.28.178|65321
2022-06-20T02:49:38.942Z,4.942128,14a8,7 [FLog::Network] Replicator created for player 128.116.28.178|65321
2022-06-20T02:49:38.942Z,4.942128,14a8,7 [FLog::Network] Replicator created: 1831C050
2022-06-20T02:49:39.169Z,5.169598,0388,7 [FLog::Network] Time taken to initialize schema = 17.586500 ms
2022-06-20T02:49:39.169Z,5.169598,0388,7 [FLog::Network] Assigned peer id = 700
2022-06-20T02:49:39.170Z,5.170598,0388,7 [FLog::Network] Join snapshot timer: 0.190600
2022-06-20T02:49:40.324Z,6.324159,19a4,6 [FLog::Error] signalr: new state: 0, message: stop was called
2022-06-20T02:49:40.325Z,6.325154,19a4,6 [DFLog::PerfHistogram] Performance histogram MutexContentionWait
2022-06-20T02:49:40.325Z,6.325154,19a4,6 [DFLog::PerfHistogram]   <1     us : 0
2022-06-20T02:49:40.325Z,6.325154,19a4,6 [DFLog::PerfHistogram]   <3     us : 0
2022-06-20T02:49:40.326Z,6.326149,19a4,6 [DFLog::PerfHistogram]   <9     us : 0
2022-06-20T02:49:40.331Z,6.331125,19a4,6 [DFLog::PerfHistogram]   <27    us : 0
2022-06-20T02:49:40.332Z,6.332120,19a4,6 [DFLog::PerfHistogram]   <81    us : 0
2022-06-20T02:49:40.332Z,6.332120,19a4,6 [DFLog::PerfHistogram]   <243   us : 0
2022-06-20T02:49:40.332Z,6.332120,19a4,6 [DFLog::PerfHistogram]   <729   us : 0
2022-06-20T02:49:40.333Z,6.333115,19a4,6 [DFLog::PerfHistogram]   <2187  us : 0
2022-06-20T02:49:40.333Z,6.333115,19a4,6 [DFLog::PerfHistogram]   <6561  us : 0
2022-06-20T02:49:40.333Z,6.333115,19a4,6 [DFLog::PerfHistogram]  (larger)   : 0
2022-06-20T02:49:40.365Z,6.365952,19a4,7 [FLog::Network] Client:Disconnect
2022-06-20T02:49:40.366Z,6.366948,19a4,7 [DFLog::MegaReplicatorLogDisconnectCleanUpLog] MRD cleanup WorkerCount available: 1, for MRD table size: 30
2022-06-20T02:49:40.366Z,6.366948,19a4,7 [FLog::Network] Time to disconnect replication data: 0.083100
2022-06-20T02:49:40.366Z,6.366948,19a4,7 [FLog::Network] Sending disconnect with reason: 285
2022-06-20T02:49:40.491Z,6.491310,165c,7 [FLog::Network] Connection lost
2022-06-20T02:49:40.491Z,6.491310,165c,7 [FLog::Network] Connection lost: connectMode: Disconnect ASAP, timeMS:6491, connectionTime 4889
2022-06-20T02:49:40.493Z,6.493312,165c,7 [FLog::Network] Connection lost: AckTimeout 0, IsOutgoingDataWaiting 0
2022-06-20T02:49:40.493Z,6.493312,165c,7 [FLog::Network] Disconnection Notification. Reason: 285
2022-06-20T02:49:40.935Z,6.935181,1760,7 [FLog::Network] Setting latency from Ixp tx: 0 rx: 0
2022-06-20T02:49:40.965Z,6.965224,19a4,12 [DFLog::HttpTraceError] HttpResponse(#29 1D2FCDE8) time:594.8ms (net:590.7ms callback:0.0ms timeInRetryQueue:0.0ms) error:9 message:HttpError: Aborted url:"https://assetgame.roblox.com/Game/ClientPresence.ashx?version=old&PlaceID=2768379856&GameID=4e7e213e-b048-4ac9-87c1-8d2b04c71b2f&UserID=3635455297&disconnect=true" ip: external:0 numberOfTimesRetried:0
2022-06-20T02:49:40.965Z,6.965224,19a4,6 [FLog::Output] OnDisconnect http req time:598.28ms (timeout)
2022-06-20T02:49:40.966Z,6.966226,19a4,7 [FLog::Network] Replicator destroyed: 1831C050
2022-06-20T02:49:40.968Z,6.968228,19a4,7 [FLog::Network] Sending disconnect with reason: 285
2022-06-20T02:49:41.201Z,7.201372,19a4,7 [FLog::Network] Client:Disconnect
2022-06-20T02:49:41.533Z,7.533940,19a4,6 [FLog::Output] Closing Fmod (as 0, ml 0, sl 0).
2022-06-20T02:49:41.819Z,7.819275,19a4,6 [FLog::Output] Fmod Closed.
2022-06-20T02:49:41.821Z,7.821328,19a4,7 [FLog::Network] NetworkClient:Remove
2022-06-20T02:49:41.821Z,7.821328,19a4,7 [DFLog::MegaReplicatorLogDisconnectCleanUpLog] Destroying MegaReplicator.
2022-06-20T02:49:42.484Z,8.484439,19a4,12 [DFLog::HttpTraceError] HttpResponse(#32 0D24DBD8) time:153.5ms (net:153.4ms callback:0.0ms timeInRetryQueue:0.0ms) error:9 message:HttpError: Aborted url:"https://client-telemetry.roblox.com" ip: external:0 numberOfTimesRetried:0
