2022-06-20T02:52:17.120Z,0.120009,0de4,6 [FLog::Output] RobloxGitHash: 4d6c4589e833eb28bf4e444d7eea6ce3f388fc88
2022-06-20T02:52:17.122Z,0.122009,0de4,6 [FLog::Output] The channel is production
2022-06-20T02:52:17.357Z,0.357460,0de4,6 [FLog::Error] Test log: Map check complete and successful!
2022-06-20T02:52:17.357Z,0.357460,0de4,6 [FLog::Error] Dynamic initializer test result: SUCCESS
2022-06-20T02:52:17.358Z,0.358454,0de4,6 [FLog::Output] TaskSchedulerMk2::applyAsyncTaskThreadCount( 3 ) <req: 0 active: 0>
2022-06-20T02:52:17.363Z,0.363422,0de4,6 [FLog::Output] TaskSchedulerMk2::applyAsyncTaskThreadCount( 3 ) <req: 3 active: 3>
2022-06-20T02:52:17.410Z,0.410654,0de4,6 [FLog::Output] Loading AppSettings.xml from C:\Users\adminbot6000\AppData\Local\Roblox\Versions\version-fb795406f04b4467\AppSettings.xml
2022-06-20T02:52:17.412Z,0.412650,0de4,6 [FLog::Output] setAssetFolder content
2022-06-20T02:52:17.414Z,0.414646,0de4,6 [FLog::Output] setExtraAssetFolder C:/Users\adminbot6000\AppData\Local\Roblox\Versions\version-fb795406f04b4467\ExtraContent
2022-06-20T02:52:17.842Z,0.842730,0de4,6 [FLog::Output] CrashReporter Start
2022-06-20T02:52:17.842Z,0.842730,0de4,6 [FLog::Output] The crash upload percentage is 10
2022-06-20T02:52:17.843Z,0.843718,0de4,6 [FLog::Output] Authentication request URL: https://auth.roblox.com/v1/authentication-ticket/redeem ticket: twRf1uiTfajhwEVRBEy8JJb3SJaQk1jn3JAGvb4VzVNCwSJIUkifq0C8qsTc_1GQt8tVoC9nCPeWd0XGf8fl0bsI8Nj2xoE9ICcbUYByURKnG3TmznHZBJrRvskZ9ZKh9jSG6b3zA2DY5dhQ8foZu8QbLRzpS7aSPQzeFiv0oRxpueTqxKAiYbRqO60fE_ej0JxqO8cTPc1B3TKgyNSyKNQnLdG_JnY_7VMHm1NFZsE
2022-06-20T02:52:17.853Z,0.853588,168c,6 [FLog::Output] WatcherThread Started
2022-06-20T02:52:18.911Z,1.911543,0de4,6 [FLog::Error] Error: Important !Loading shader files
2022-06-20T02:52:18.913Z,1.913522,0de4,6 [FLog::Output] TaskSchedulerMk2::applyAsyncTaskThreadCount( 3 ) <req: 3 active: 3>
2022-06-20T02:52:18.915Z,1.915502,0de4,6 [FLog::Output] Info: Initializing new game
2022-06-20T02:52:18.931Z,1.931335,0de4,6 [FLog::Output] account = UA-43420590-14, schedule = 500
2022-06-20T02:52:18.931Z,1.931335,0de4,6 [FLog::Output] TaskSchedulerMk2::applyAsyncTaskThreadCount( 3 ) <req: 3 active: 3>
2022-06-20T02:52:19.314Z,2.314735,0de4,6 [FLog::Output] Hello Avatars!
2022-06-20T02:52:19.314Z,2.314735,0de4,6 [FLog::Output] Hello! <Tap tap> Is this thing on?
2022-06-20T02:52:19.314Z,2.314735,0de4,6 [FLog::Output] Hello World will suffice.
2022-06-20T02:52:19.314Z,2.314735,0de4,6 [FLog::Output] Hello from a lush garden!
2022-06-20T02:52:19.314Z,2.314735,0de4,6 [FLog::Output] Hello! Happy to meet you.
2022-06-20T02:52:19.314Z,2.314735,0de4,6 [FLog::Output] Hello Cool Kids!
2022-06-20T02:52:19.314Z,2.314735,0de4,6 [FLog::Output] Hello! Let's hope this works.
2022-06-20T02:52:19.314Z,2.314735,0de4,6 [FLog::Output] Hello from the other side of the galaxy!
2022-06-20T02:52:19.463Z,2.463936,0de4,6 [FLog::VR] VR: VR_IsSteamVRRunning returned false
2022-06-20T02:52:19.491Z,2.491821,0de4,6 [FLog::Graphics] D3D11 Adapter: VMware SVGA 3D
2022-06-20T02:52:19.491Z,2.491821,0de4,6 [FLog::Graphics] D3D11 Adapter: Vendor 15ad Device 0405 VRAM 4 RAM 2521
2022-06-20T02:52:19.493Z,2.493823,0de4,6 [channel] Caps: ThreadSafe 0 Framebuffer 1 FpFramebuffer 1 Shaders 1 Compute 1 Instancing 1 ConstBuffers 1
2022-06-20T02:52:19.493Z,2.493823,0de4,6 [channel] Caps: Framebuffer: MRT 8 MSAA 8 Stencil 1
2022-06-20T02:52:19.493Z,2.493823,0de4,6 [channel] Caps: Framebuffer: Depth16 1 Depth24 1 DepthFloat 1 DepthClamp 1
2022-06-20T02:52:19.493Z,2.493823,0de4,6 [channel] Caps: Border Color 1
2022-06-20T02:52:19.493Z,2.493823,0de4,6 [channel] Caps: Texture: RGB10A2 1 RG11B10F 1
2022-06-20T02:52:19.493Z,2.493823,0de4,6 [channel] Caps: Texture: DXT 1 PVR 0 ETC1 0 ETC2 0 Half 1
2022-06-20T02:52:19.493Z,2.493823,0de4,6 [channel] Caps: Texture: 3D 1 Array 1 Depth 1 MSAA 1 MSAAFP16 0
2022-06-20T02:52:19.493Z,2.493823,0de4,6 [channel] Caps: Texture: NPOT 1 PartialMips 1 CubeMipGen 1 CubeFramebuffer 1
2022-06-20T02:52:19.493Z,2.493823,0de4,6 [channel] Caps: Texture: Size 16384 Units 16
2022-06-20T02:52:19.493Z,2.493823,0de4,6 [channel] Caps: ConstantBufferSize 65536
2022-06-20T02:52:19.493Z,2.493823,0de4,6 [channel] Caps: 32bIdx 1 Memoryless 0 mediump 0
2022-06-20T02:52:19.493Z,2.493823,0de4,6 [channel] Caps: ColorBGR 0 RTFlip 0 MinusOneToOneDepth 0
2022-06-20T02:52:19.610Z,2.610625,0de4,6 [FLog::Graphics] Video memory size: 2147483648
2022-06-20T02:52:19.851Z,2.851938,0de4,6 [FLog::Graphics] Loaded 676 shaders from pack d3d11 variant defaultRoughnessRemap (8598140 bytes)
2022-06-20T02:52:19.851Z,2.851938,0de4,6 [FLog::Graphics] Compiled 676 shaders in 243 ms
2022-06-20T02:52:20.509Z,3.509676,0de4,6 [FLog::Output] Studio D3D9 GPU: VMware SVGA 3D
2022-06-20T02:52:20.509Z,3.509676,0de4,6 [FLog::Output] Studio D3D9 GPU: Vendor 15ad Device 0405
2022-06-20T02:52:20.509Z,3.509676,0de4,6 [FLog::Output] Studio D3D9 Driver: vm3dum_loader.dll 8.17.2.14
2022-06-20T02:52:20.509Z,3.509676,0de4,6 [FLog::Output] ESGamePerfMonitor GPU: Vendor 000015ad Device 00000405
2022-06-20T02:52:20.509Z,3.509676,0de4,6 [FLog::Output] ESGamePerfMonitor GPU: SubSys 040515ad Revision 00000000
2022-06-20T02:52:20.509Z,3.509676,0de4,6 [FLog::Output] ESGamePerfMonitor GPU: DedicatedVidMem 4194304 DedicatedSysMem 2643976192 SharedSystemMemory 123221580930088960
2022-06-20T02:52:20.516Z,3.516699,0740,6 [FLog::Output] PlaceLauncher URL : https://assetgame.roblox.com/game/PlaceLauncher.ashx?request=RequestGame&browserTrackerId=136867614413&placeId=142823291&isPlayTogetherGame=false
2022-06-20T02:52:20.516Z,3.516699,0740,6 [FLog::GameJoinUtil] GameJoinUtil::joinGame
2022-06-20T02:52:20.516Z,3.516699,0740,6 [FLog::GameJoinUtil] GameJoinUtil::joinGamePostStandard: URL: https://gamejoin.roblox.com/v1/join-game BODY: {"placeId":142823291,"gameJoinAttemptId":"11E6ED70-4CFE-48A9-B704-F1658B9DD0E4","browserTrackerId":"136867614413"}
2022-06-20T02:52:20.516Z,3.516699,0740,6 [FLog::GameJoinUtil] GameJoinUtil::makePlaceLauncherRequest: requestCount: 0, url: https://gamejoin.roblox.com/v1/join-game.
2022-06-20T02:52:20.517Z,3.517702,0740,6 [FLog::GameJoinUtil] Delaying request by 0.00 seconds
2022-06-20T02:52:20.534Z,3.534758,0de4,6 [FLog::Graphics] LayeredClothingMode updated: LC=1 SkeletonAPI=1 HSR=1 TC2=1
2022-06-20T02:52:21.384Z,4.384373,0b78,6 [FLog::GameJoinUtil] GameJoinUtil::makePlaceLauncherRequest, response:
{"jobId":"292e131a-5241-4f5e-9598-a7daee3e1d65","status":2,"joinScriptUrl":"https://assetgame.roblox.com/Game/Join.ashx?ticketVersion=2&ticket=%7b%22UserId%22%3a3635455297%2c%22UserName%22%3a%22ftcsvisgreat%22%2c%22DisplayName%22%3a%22ftcsvisgreat%22%2c%22CharacterFetchUrl%22%3a%22https%3a%2f%2fapi.roblox.com%2fv1.1%2favatar-fetch%2f%3fplaceId%3d142823291%26userId%3d3635455297%22%2c%22GameId%22%3a%22292e131a-5241-4f5e-9598-a7daee3e1d65%22%2c%22PlaceId%22%3a142823291%2c%22UniverseId%22%3a66654135%2c%22ServerId%22%3a127663%2c%22ServerPort%22%3a56842%2c%22IsTeleport%22%3afalse%2c%22FollowUserId%22%3anull%2c%22TimeStamp%22%3a%226%2f19%2f2022+9%3a52%3a21+PM%22%2c%22CharacterAppearanceId%22%3a3635455297%2c%22AlternateName%22%3anull%2c%22JoinTypeId%22%3a10%2c%22MatchmakingDecisionId%22%3a%22723b72d6-a52c-4c79-8a09-7e3be6334afb%22%2c%22GameJoinMetadata%22%3a%7b%22JoinSource%22%3a0%2c%22RequestType%22%3a0%
2022-06-20T02:52:21.386Z,4.386566,0b78,6 [FLog::GameJoinUtil] Default handler, game join succeeded.
2022-06-20T02:52:21.386Z,4.386566,0b78,6 [FLog::GameJoinUtil] GameJoinUtil::processing join parameters
2022-06-20T02:52:21.386Z,4.386566,1b78,7 [FLog::Network] NetworkClient:Create
2022-06-20T02:52:21.386Z,4.386566,1b78,10 [DFLog::KeyRing] Parsed config created at: 19:56 11/23/2021.
2022-06-20T02:52:21.420Z,4.420516,1b78,6 [FLog::Output] ! Joining game '292e131a-5241-4f5e-9598-a7daee3e1d65' place 142823291 at 128.116.27.113
2022-06-20T02:52:21.421Z,4.421515,1b78,6 [FLog::GameJoinLoadTime] Report game_join_loadtime: placeid:142823291, join_time:0.86986746700038564128, universeid:66654135, referral_page:, sid:1dfe3028-47be-4647-ad44-c8045a451c7e, clienttime:1655693541.9000000954, userid:3635455297, 
2022-06-20T02:52:21.428Z,4.428504,1b78,7 [FLog::Network] Client will attempt to connect following server endpoints with threadSleepTime(-1)
2022-06-20T02:52:21.428Z,4.428504,1b78,7 [FLog::Network] Server Address = 128.116.27.113, Port = 56842
2022-06-20T02:52:21.429Z,4.429502,1b78,7 [FLog::Network] binding socket on inaddr_any:0

2022-06-20T02:52:21.452Z,4.452469,1b78,6 [FLog::Output] Connecting to 128.116.27.113:56842
2022-06-20T02:52:21.455Z,4.455464,1b78,7 [FLog::Network] Connecting to server, IP(inet_addr): 1897624704 Port: 56842
2022-06-20T02:52:21.496Z,4.496691,0b78,7 [FLog::Network] Setting latency from Ixp tx: 0 rx: 0
2022-06-20T02:52:21.496Z,4.496691,0b78,7 [FLog::Network] Set latency from Ixp live response after 68.186913 ms
2022-06-20T02:52:21.571Z,4.571776,0b5c,6 [FLog::Output] Connection accepted from 128.116.27.113|56842
2022-06-20T02:52:21.573Z,4.573779,0b5c,7 [FLog::Network] serverId: 128.116.27.113|56842
2022-06-20T02:52:21.573Z,4.573779,0b5c,7 [FLog::Network] Replicator created for player 128.116.27.113|56842
2022-06-20T02:52:21.573Z,4.573779,0b5c,7 [FLog::Network] Replicator created: 189B9578
2022-06-20T02:52:21.861Z,4.861802,1b78,7 [FLog::Network] call to onreceive before physicsReceiver is initialized are ready, dropping packet
2022-06-20T02:52:21.861Z,4.861802,1b78,7 [FLog::Network] call to onreceive before physicsReceiver is initialized are ready, dropping packet
2022-06-20T02:52:21.861Z,4.861802,1b78,7 [FLog::Network] call to onreceive before physicsReceiver is initialized are ready, dropping packet
2022-06-20T02:52:21.877Z,4.877835,1b78,7 [FLog::Network] Time taken to initialize schema = 15.452800 ms
2022-06-20T02:52:21.878Z,4.878838,1b78,7 [FLog::Network] Assigned peer id = 958
2022-06-20T02:52:21.879Z,4.879840,1b78,7 [FLog::Network] Join snapshot timer: 0.341300
2022-06-20T02:52:22.608Z,5.608495,0b78,7 [FLog::Network] Setting latency from Ixp tx: 0 rx: 0
2022-06-20T02:52:26.935Z,9.935068,1b78,6 [FLog::Error] Error: Failed to load sound http://www.roblox.com/asset/?id=154115944: Unable to download sound data
2022-06-20T02:52:26.941Z,9.941075,1b78,6 [FLog::Error] Error: Failed to load sound http://www.roblox.com/asset/?id=170902050: Unable to download sound data
2022-06-20T02:52:26.943Z,9.943077,1b78,6 [FLog::Error] Error: Failed to load sound http://www.roblox.com/asset/?id=152890434: Unable to download sound data
2022-06-20T02:52:26.943Z,9.943077,1b78,6 [FLog::Error] Error: Failed to load sound http://www.roblox.com/asset/?id=165922914: Unable to download sound data
2022-06-20T02:52:26.943Z,9.943077,1b78,6 [FLog::Error] Error: Failed to load sound http://www.roblox.com/asset/?id=180298659: Unable to download sound data
2022-06-20T02:52:26.943Z,9.943077,1b78,6 [FLog::Error] Error: Failed to load sound http://www.roblox.com/asset/?id=167262766: Unable to download sound data
2022-06-20T02:52:26.943Z,9.943077,1b78,6 [FLog::Error] Error: Failed to load sound http://www.roblox.com/asset/?id=184721460: Unable to download sound data
2022-06-20T02:52:26.943Z,9.943077,1b78,6 [FLog::Error] Error: Failed to load sound http://www.roblox.com/asset/?id=144358933: Unable to download sound data
2022-06-20T02:52:26.943Z,9.943077,1b78,6 [FLog::Error] Error: Failed to load sound http://www.roblox.com/asset/?id=177084457: Unable to download sound data
2022-06-20T02:52:30.465Z,13.465537,0de4,6 [FLog::Error] signalr: new state: 0, message: stop was called
2022-06-20T02:52:30.465Z,13.465537,0de4,6 [DFLog::PerfHistogram] Performance histogram MutexContentionWait
2022-06-20T02:52:30.466Z,13.466549,0de4,6 [DFLog::PerfHistogram]   <1     us : 3
2022-06-20T02:52:30.466Z,13.466549,0de4,6 [DFLog::PerfHistogram]   <3     us : 0
2022-06-20T02:52:30.466Z,13.466549,0de4,6 [DFLog::PerfHistogram]   <9     us : 0
2022-06-20T02:52:30.466Z,13.466549,0de4,6 [DFLog::PerfHistogram]   <27    us : 0
2022-06-20T02:52:30.466Z,13.466549,0de4,6 [DFLog::PerfHistogram]   <81    us : 0
2022-06-20T02:52:30.467Z,13.467560,0de4,6 [DFLog::PerfHistogram]   <243   us : 0
2022-06-20T02:52:30.467Z,13.467560,0de4,6 [DFLog::PerfHistogram]   <729   us : 0
2022-06-20T02:52:30.467Z,13.467560,0de4,6 [DFLog::PerfHistogram]   <2187  us : 0
2022-06-20T02:52:30.467Z,13.467560,0de4,6 [DFLog::PerfHistogram]   <6561  us : 0
2022-06-20T02:52:30.467Z,13.467560,0de4,6 [DFLog::PerfHistogram]  (larger)   : 0
2022-06-20T02:52:32.075Z,15.075141,1b78,6 [FLog::Output] Server RobloxGitHash: 4d6c4589e833eb28bf4e444d7eea6ce3f388fc88
2022-06-20T02:52:32.075Z,15.075141,1b78,6 [FLog::Output] Server Prefix: 0.531.0.5310423_20220619T075934Z_RCC_5b6dd
2022-06-20T02:52:33.177Z,16.177683,1b78,6 [FLog::Error] Error: Failed to load sound http://www.roblox.com/asset/?id=141645761: Unable to download sound data
2022-06-20T02:52:33.177Z,16.177683,1b78,6 [FLog::Error] Error: Failed to load sound rbxasset://sounds/swoosh.wav: Unable to download sound data
2022-06-20T02:52:33.195Z,16.195240,1b78,6 [FLog::Error] Error: Failed to load sound rbxassetid://141645761: Unable to download sound data
2022-06-20T02:52:33.196Z,16.196234,1b78,6 [FLog::Error] Error: Failed to load sound rbxassetid://141645761: Unable to download sound data
2022-06-20T02:52:33.417Z,16.417974,0de4,7 [FLog::Network] Client:Disconnect
2022-06-20T02:52:33.417Z,16.417974,0de4,7 [DFLog::MegaReplicatorLogDisconnectCleanUpLog] MRD cleanup WorkerCount available: 2, for MRD table size: 296912
2022-06-20T02:52:33.482Z,16.482559,0de4,7 [FLog::Network] Time to disconnect replication data: 64.295403
2022-06-20T02:52:33.483Z,16.483553,0de4,7 [FLog::Network] Sending disconnect with reason: 285
2022-06-20T02:52:33.526Z,16.526585,1180,7 [FLog::Network] Connection lost
2022-06-20T02:52:33.526Z,16.526585,1180,7 [FLog::Network] Connection lost: connectMode: Disconnect ASAP, timeMS:16527, connectionTime 4531
2022-06-20T02:52:33.526Z,16.526585,1180,7 [FLog::Network] Connection lost: AckTimeout 0, IsOutgoingDataWaiting 0
2022-06-20T02:52:33.526Z,16.526585,1180,7 [FLog::Network] Disconnection Notification. Reason: 285
2022-06-20T02:52:33.649Z,16.649965,0de4,6 [FLog::Output] OnDisconnect http req time:166.41ms
2022-06-20T02:52:33.649Z,16.649965,0de4,7 [FLog::Network] Replicator destroyed: 189B9578
2022-06-20T02:52:33.652Z,16.652969,0de4,7 [FLog::Network] Sending disconnect with reason: 285
2022-06-20T02:52:35.412Z,18.412910,0de4,7 [FLog::Network] Client:Disconnect
2022-06-20T02:52:35.426Z,18.426014,0de4,6 [FLog::Output] Closing Fmod (as 52, ml 0, sl 0).
2022-06-20T02:52:35.507Z,18.507748,0de4,6 [FLog::Output] Fmod Closed.
2022-06-20T02:52:35.512Z,18.512707,0de4,7 [FLog::Network] NetworkClient:Remove
2022-06-20T02:52:35.514Z,18.514692,0de4,7 [DFLog::MegaReplicatorLogDisconnectCleanUpLog] Destroying MegaReplicator.
2022-06-20T02:52:37.184Z,20.184959,0de4,12 [DFLog::HttpTraceError] HttpResponse(#140 2C0C76F8) time:100.2ms (net:99.9ms callback:0.0ms timeInRetryQueue:0.0ms) error:9 message:HttpError: Aborted url:"https://client-telemetry.roblox.com" ip: external:0 numberOfTimesRetried:0
