2022-06-20T01:22:58.325Z,0.325464,0a70,6 [FLog::Output] RobloxGitHash: 4d6c4589e833eb28bf4e444d7eea6ce3f388fc88
2022-06-20T01:22:58.326Z,0.326450,0a70,6 [FLog::Output] The channel is production
2022-06-20T01:22:58.600Z,0.600082,0a70,6 [FLog::Error] Test log: Map check complete and successful!
2022-06-20T01:22:58.600Z,0.600082,0a70,6 [FLog::Error] Dynamic initializer test result: SUCCESS
2022-06-20T01:22:58.605Z,0.605010,0a70,6 [FLog::Output] TaskSchedulerMk2::applyAsyncTaskThreadCount( 3 ) <req: 0 active: 0>
2022-06-20T01:22:58.611Z,0.611911,0a70,6 [FLog::Output] TaskSchedulerMk2::applyAsyncTaskThreadCount( 3 ) <req: 3 active: 3>
2022-06-20T01:22:58.780Z,0.780303,0a70,6 [FLog::Output] Loading AppSettings.xml from C:\Users\adminbot6000\AppData\Local\Roblox\Versions\version-fb795406f04b4467\AppSettings.xml
2022-06-20T01:22:58.780Z,0.780303,0a70,6 [FLog::Output] setAssetFolder content
2022-06-20T01:22:58.784Z,0.784331,0a70,6 [FLog::Output] setExtraAssetFolder C:/Users\adminbot6000\AppData\Local\Roblox\Versions\version-fb795406f04b4467\ExtraContent
2022-06-20T01:22:59.222Z,1.222041,0a70,6 [FLog::Output] CrashReporter Start
2022-06-20T01:22:59.222Z,1.222041,0a70,6 [FLog::Output] The crash upload percentage is 10
2022-06-20T01:22:59.222Z,1.222041,0a70,6 [FLog::Output] Authentication request URL: https://auth.roblox.com/v1/authentication-ticket/redeem ticket: 45KnBIAECHsaTd7-A28lZc7vufAqKNYmAAd2RFQ0G2YU0oXsNtIHMfsDC2uK4Mc76_TAbgvXtIKtUqjGUdJW2qNL7k4gjP2o41j9H47FHlvO6ZmCfhilb7eJgjlPL0ZqZQ2hQMhMBb_7HYeXIvLfHFSesPnXD5a8G5LPG-441mRPUbWe_b4LMqUrw4l9cBdUX41SqdN3k8NR53hFjctFpMdMMkbpzz-__3jmNzDcWpI
2022-06-20T01:22:59.227Z,1.227053,2118,6 [FLog::Output] WatcherThread Started
2022-06-20T01:23:01.201Z,3.201956,0a70,6 [FLog::Error] Error: Important !Loading shader files
2022-06-20T01:23:01.202Z,3.202958,0a70,6 [FLog::Output] TaskSchedulerMk2::applyAsyncTaskThreadCount( 3 ) <req: 3 active: 3>
2022-06-20T01:23:01.205Z,3.205963,0a70,6 [FLog::Output] Info: Initializing new game
2022-06-20T01:23:01.285Z,3.285860,0a70,6 [FLog::Output] account = UA-43420590-14, schedule = 500
2022-06-20T01:23:01.285Z,3.285860,0a70,6 [FLog::Output] TaskSchedulerMk2::applyAsyncTaskThreadCount( 3 ) <req: 3 active: 3>
2022-06-20T01:23:02.037Z,4.037379,0a70,6 [FLog::Output] Hello Avatars!
2022-06-20T01:23:02.038Z,4.038367,0a70,6 [FLog::Output] Hello! <Tap tap> Is this thing on?
2022-06-20T01:23:02.038Z,4.038367,0a70,6 [FLog::Output] Hello World will suffice.
2022-06-20T01:23:02.038Z,4.038367,0a70,6 [FLog::Output] Hello from a lush garden!
2022-06-20T01:23:02.038Z,4.038367,0a70,6 [FLog::Output] Hello! Happy to meet you.
2022-06-20T01:23:02.038Z,4.038367,0a70,6 [FLog::Output] Hello Cool Kids!
2022-06-20T01:23:02.038Z,4.038367,0a70,6 [FLog::Output] Hello! Let's hope this works.
2022-06-20T01:23:02.038Z,4.038367,0a70,6 [FLog::Output] Hello from the other side of the galaxy!
2022-06-20T01:23:03.767Z,5.767225,0a70,6 [FLog::VR] VR: VR_IsSteamVRRunning returned false
2022-06-20T01:23:03.935Z,5.935830,0a70,6 [FLog::Graphics] D3D11 Adapter: VMware SVGA 3D
2022-06-20T01:23:03.935Z,5.935830,0a70,6 [FLog::Graphics] D3D11 Adapter: Vendor 15ad Device 0405 VRAM 4 RAM 1023
2022-06-20T01:23:03.935Z,5.935830,0a70,6 [channel] Caps: ThreadSafe 0 Framebuffer 1 FpFramebuffer 1 Shaders 1 Compute 1 Instancing 1 ConstBuffers 1
2022-06-20T01:23:03.936Z,5.936825,0a70,6 [channel] Caps: Framebuffer: MRT 8 MSAA 8 Stencil 1
2022-06-20T01:23:03.936Z,5.936825,0a70,6 [channel] Caps: Framebuffer: Depth16 1 Depth24 1 DepthFloat 1 DepthClamp 1
2022-06-20T01:23:03.936Z,5.936825,0a70,6 [channel] Caps: Border Color 1
2022-06-20T01:23:03.936Z,5.936825,0a70,6 [channel] Caps: Texture: RGB10A2 1 RG11B10F 1
2022-06-20T01:23:03.936Z,5.936825,0a70,6 [channel] Caps: Texture: DXT 1 PVR 0 ETC1 0 ETC2 0 Half 1
2022-06-20T01:23:03.937Z,5.937820,0a70,6 [channel] Caps: Texture: 3D 1 Array 1 Depth 1 MSAA 1 MSAAFP16 0
2022-06-20T01:23:03.937Z,5.937820,0a70,6 [channel] Caps: Texture: NPOT 1 PartialMips 1 CubeMipGen 1 CubeFramebuffer 1
2022-06-20T01:23:03.937Z,5.937820,0a70,6 [channel] Caps: Texture: Size 16384 Units 16
2022-06-20T01:23:03.937Z,5.937820,0a70,6 [channel] Caps: ConstantBufferSize 65536
2022-06-20T01:23:03.937Z,5.937820,0a70,6 [channel] Caps: 32bIdx 1 Memoryless 0 mediump 0
2022-06-20T01:23:03.937Z,5.937820,0a70,6 [channel] Caps: ColorBGR 0 RTFlip 0 MinusOneToOneDepth 0
2022-06-20T01:23:04.727Z,6.727225,0a70,6 [FLog::Graphics] Video memory size: 1077403648
2022-06-20T01:23:05.072Z,7.072798,0a70,6 [FLog::Graphics] Loaded 676 shaders from pack d3d11 variant defaultRoughnessRemap (8598140 bytes)
2022-06-20T01:23:05.072Z,7.072798,0a70,6 [FLog::Graphics] Compiled 676 shaders in 344 ms
2022-06-20T01:23:06.400Z,8.400702,0a70,6 [FLog::Output] Studio D3D9 GPU: VMware SVGA 3D
2022-06-20T01:23:06.400Z,8.400702,0a70,6 [FLog::Output] Studio D3D9 GPU: Vendor 15ad Device 0405
2022-06-20T01:23:06.400Z,8.400702,0a70,6 [FLog::Output] Studio D3D9 Driver: vm3dum_loader.dll 8.17.2.14
2022-06-20T01:23:06.400Z,8.400702,0a70,6 [FLog::Output] ESGamePerfMonitor GPU: Vendor 000015ad Device 00000405
2022-06-20T01:23:06.400Z,8.400702,0a70,6 [FLog::Output] ESGamePerfMonitor GPU: SubSys 040515ad Revision 00000000
2022-06-20T01:23:06.400Z,8.400702,0a70,6 [FLog::Output] ESGamePerfMonitor GPU: DedicatedVidMem 4194304 DedicatedSysMem 1073209344 SharedSystemMemory 97888833026129920
2022-06-20T01:23:06.469Z,8.469300,0f40,6 [FLog::Output] PlaceLauncher URL : https://assetgame.roblox.com/game/PlaceLauncher.ashx?request=RequestGame&browserTrackerId=136867614413&placeId=574407221&isPlayTogetherGame=false
2022-06-20T01:23:06.469Z,8.469300,0f40,6 [FLog::GameJoinUtil] GameJoinUtil::joinGame
2022-06-20T01:23:06.470Z,8.470273,0f40,6 [FLog::GameJoinUtil] GameJoinUtil::joinGamePostStandard: URL: https://gamejoin.roblox.com/v1/join-game BODY: {"placeId":574407221,"gameJoinAttemptId":"FB973DA2-59B0-47C5-B00F-200BB3AA9F4C","browserTrackerId":"136867614413"}
2022-06-20T01:23:06.470Z,8.470273,0f40,6 [FLog::GameJoinUtil] GameJoinUtil::makePlaceLauncherRequest: requestCount: 0, url: https://gamejoin.roblox.com/v1/join-game.
2022-06-20T01:23:06.470Z,8.470273,0f40,6 [FLog::GameJoinUtil] Delaying request by 0.00 seconds
2022-06-20T01:23:06.559Z,8.559214,0a70,6 [FLog::Graphics] LayeredClothingMode updated: LC=1 SkeletonAPI=1 HSR=1 TC2=1
2022-06-20T01:23:07.622Z,9.622634,1e94,6 [FLog::GameJoinUtil] GameJoinUtil::makePlaceLauncherRequest, response:
{"jobId":"bc32bdb1-ff1b-4b72-9ff9-aee4cc98988a","status":2,"joinScriptUrl":"https://assetgame.roblox.com/Game/Join.ashx?ticketVersion=2&ticket=%7b%22UserId%22%3a3635455297%2c%22UserName%22%3a%22ftcsvisgreat%22%2c%22DisplayName%22%3a%22ftcsvisgreat%22%2c%22CharacterFetchUrl%22%3a%22https%3a%2f%2fapi.roblox.com%2fv1.1%2favatar-fetch%2f%3fplaceId%3d574407221%26userId%3d3635455297%22%2c%22GameId%22%3a%22bc32bdb1-ff1b-4b72-9ff9-aee4cc98988a%22%2c%22PlaceId%22%3a574407221%2c%22UniverseId%22%3a228573408%2c%22ServerId%22%3a129871%2c%22ServerPort%22%3a52709%2c%22IsTeleport%22%3afalse%2c%22FollowUserId%22%3anull%2c%22TimeStamp%22%3a%226%2f19%2f2022+8%3a23%3a08+PM%22%2c%22CharacterAppearanceId%22%3a3635455297%2c%22AlternateName%22%3anull%2c%22JoinTypeId%22%3a10%2c%22MatchmakingDecisionId%22%3a%221b28dc34-4451-443d-afec-c3ea81dbafc4%22%2c%22GameJoinMetadata%22%3a%7b%22JoinSource%22%3a0%2c%22RequestType%22%3a0
2022-06-20T01:23:07.623Z,9.623616,1e94,6 [FLog::GameJoinUtil] Default handler, game join succeeded.
2022-06-20T01:23:07.623Z,9.623616,1e94,6 [FLog::GameJoinUtil] GameJoinUtil::processing join parameters
2022-06-20T01:23:07.623Z,9.623616,1a58,7 [FLog::Network] NetworkClient:Create
2022-06-20T01:23:07.623Z,9.623616,1a58,10 [DFLog::KeyRing] Parsed config created at: 19:56 11/23/2021.
2022-06-20T01:23:07.671Z,9.671785,1a58,6 [FLog::Output] ! Joining game 'bc32bdb1-ff1b-4b72-9ff9-aee4cc98988a' place 574407221 at 128.116.77.208
2022-06-20T01:23:07.672Z,9.672769,1a58,6 [FLog::GameJoinLoadTime] Report game_join_loadtime: placeid:574407221, join_time:1.1533431359985844011, universeid:228573408, referral_page:, sid:1b1ad0a3-3847-4458-9e35-a228f08d555c, clienttime:1655688187.7030000687, userid:3635455297, 
2022-06-20T01:23:07.716Z,9.716267,1a58,7 [FLog::Network] Client will attempt to connect following server endpoints with threadSleepTime(-1)
2022-06-20T01:23:07.716Z,9.716267,1a58,7 [FLog::Network] Server Address = 128.116.77.208, Port = 52709
2022-06-20T01:23:07.721Z,9.721291,1a58,7 [FLog::Network] binding socket on inaddr_any:0

2022-06-20T01:23:07.735Z,9.735356,1a58,6 [FLog::Output] Connecting to 128.116.77.208:52709
2022-06-20T01:23:07.735Z,9.735356,1a58,7 [FLog::Network] Connecting to server, IP(inet_addr): 3494737024 Port: 52709
2022-06-20T01:23:07.780Z,9.780568,1e94,7 [FLog::Network] Setting latency from Ixp tx: 0 rx: 0
2022-06-20T01:23:07.780Z,9.780568,1e94,7 [FLog::Network] Set latency from Ixp live response after 65.306213 ms
2022-06-20T01:23:07.982Z,9.982586,1a58,6 [FLog::Output] Connection accepted from 128.116.77.208|52709
2022-06-20T01:23:07.983Z,9.983591,1a58,7 [FLog::Network] serverId: 128.116.77.208|52709
2022-06-20T01:23:07.984Z,9.984595,1a58,7 [FLog::Network] Replicator created for player 128.116.77.208|52709
2022-06-20T01:23:07.984Z,9.984595,1a58,7 [FLog::Network] Replicator created: 18669010
2022-06-20T01:23:08.171Z,10.171311,1844,7 [FLog::Network] Time taken to initialize schema = 7.744100 ms
2022-06-20T01:23:08.171Z,10.171311,1844,7 [FLog::Network] Assigned peer id = 1102
2022-06-20T01:23:08.171Z,10.171311,1844,7 [FLog::Network] Join snapshot timer: 0.164500
2022-06-20T01:23:08.917Z,10.917469,1e94,7 [FLog::Network] Setting latency from Ixp tx: 0 rx: 0
2022-06-20T01:23:09.917Z,11.917940,1844,6 [FLog::Output] Server RobloxGitHash: 4d6c4589e833eb28bf4e444d7eea6ce3f388fc88
2022-06-20T01:23:09.918Z,11.918946,1844,6 [FLog::Output] Server Prefix: 0.531.0.5310423_20220618T181728Z_RCC_b4ebd
2022-06-20T01:23:11.574Z,13.574453,0a70,6 [FLog::Graphics] SolidTextures::initSolidTextures()
2022-06-20T01:23:11.574Z,13.574453,0a70,6 [FLog::Graphics] Terrain TextureArray 512x512, arraySize: 36, mip: 10
2022-06-20T01:23:13.187Z,15.187412,1a58,6 [FLog::Error] Error: Failed to load sound rbxassetid://227919252: Unable to download sound data
2022-06-20T01:23:13.187Z,15.187412,1a58,6 [FLog::Error] Error: Failed to load sound rbxassetid://342049685: Unable to download sound data
2022-06-20T01:23:13.262Z,15.262522,1a58,6 [FLog::Error] Error: Failed to load sound rbxassetid://154169328: Unable to download sound data
2022-06-20T01:23:13.269Z,15.269465,1a58,6 [FLog::Error] Error: Failed to load sound rbxassetid://180054806: Unable to download sound data
2022-06-20T01:23:13.269Z,15.269465,1a58,6 [FLog::Error] Error: Failed to load sound rbxassetid://455355502: Unable to download sound data
2022-06-20T01:23:13.269Z,15.269465,1a58,6 [FLog::Error] Error: Failed to load sound rbxassetid://455355502: Unable to download sound data
2022-06-20T01:23:13.269Z,15.269465,1a58,6 [FLog::Error] Error: Failed to load sound rbxassetid://387806727: Unable to download sound data
2022-06-20T01:23:13.269Z,15.269465,1a58,6 [FLog::Error] Error: Failed to load sound rbxassetid://168303379: Unable to download sound data
