2022-06-20T02:07:51.117Z,0.117811,1140,6 [FLog::Output] RobloxGitHash: 4d6c4589e833eb28bf4e444d7eea6ce3f388fc88
2022-06-20T02:07:51.121Z,0.121811,1140,6 [FLog::Output] The channel is production
2022-06-20T02:07:51.378Z,0.378801,1140,6 [FLog::Error] Test log: Map check complete and successful!
2022-06-20T02:07:51.380Z,0.380787,1140,6 [FLog::Error] Dynamic initializer test result: SUCCESS
2022-06-20T02:07:51.380Z,0.380787,1140,6 [FLog::Output] TaskSchedulerMk2::applyAsyncTaskThreadCount( 3 ) <req: 0 active: 0>
2022-06-20T02:07:51.397Z,0.397668,1140,6 [FLog::Output] TaskSchedulerMk2::applyAsyncTaskThreadCount( 3 ) <req: 3 active: 3>
2022-06-20T02:07:51.451Z,0.451290,1140,6 [FLog::Output] Loading AppSettings.xml from C:\Users\adminbot6000\AppData\Local\Roblox\Versions\version-fb795406f04b4467\AppSettings.xml
2022-06-20T02:07:51.453Z,0.453277,1140,6 [FLog::Output] setAssetFolder content
2022-06-20T02:07:51.455Z,0.455263,1140,6 [FLog::Output] setExtraAssetFolder C:/Users\adminbot6000\AppData\Local\Roblox\Versions\version-fb795406f04b4467\ExtraContent
2022-06-20T02:07:51.776Z,0.776950,1140,6 [FLog::Output] CrashReporter Start
2022-06-20T02:07:51.776Z,0.776950,1140,6 [FLog::Output] The crash upload percentage is 10
2022-06-20T02:07:51.778Z,0.778952,1140,6 [FLog::Output] Authentication request URL: https://auth.roblox.com/v1/authentication-ticket/redeem ticket: tixb1iIn-rDRO7Lj9UsDp0PWuBaXoHHfSiccUoyx-NM_X9fitwjnpoNksyUa0bngJn5DfzTK7yekk7qefBBfwfsw77WzdQ6BEYlhxwGmvgjsiO0tO_U4tW4VUCv_EsuV77eCxZq1QaUY73Ka9A3gTTXjaMdNY3uVB41nDR5iIveIXIm093hp53fJTSQaDpXfdXV6orhpCfN4MbKp6UIKsQptKm5d4sVRFXKXC-Xyz8A
2022-06-20T02:07:51.782Z,0.782958,12b4,6 [FLog::Output] WatcherThread Started
2022-06-20T02:07:53.219Z,2.219532,1140,6 [FLog::Error] Error: Important !Loading shader files
2022-06-20T02:07:53.220Z,2.220529,1140,6 [FLog::Output] TaskSchedulerMk2::applyAsyncTaskThreadCount( 3 ) <req: 3 active: 3>
2022-06-20T02:07:53.222Z,2.222522,1140,6 [FLog::Output] Info: Initializing new game
2022-06-20T02:07:53.240Z,2.240457,1140,6 [FLog::Output] account = UA-43420590-14, schedule = 500
2022-06-20T02:07:53.240Z,2.240457,1140,6 [FLog::Output] TaskSchedulerMk2::applyAsyncTaskThreadCount( 3 ) <req: 3 active: 3>
2022-06-20T02:07:53.667Z,2.667796,1140,6 [FLog::Output] Hello Avatars!
2022-06-20T02:07:53.667Z,2.667796,1140,6 [FLog::Output] Hello! <Tap tap> Is this thing on?
2022-06-20T02:07:53.668Z,2.668804,1140,6 [FLog::Output] Hello World will suffice.
2022-06-20T02:07:53.669Z,2.669812,1140,6 [FLog::Output] Hello from a lush garden!
2022-06-20T02:07:53.669Z,2.669812,1140,6 [FLog::Output] Hello! Happy to meet you.
2022-06-20T02:07:53.669Z,2.669812,1140,6 [FLog::Output] Hello Cool Kids!
2022-06-20T02:07:53.669Z,2.669812,1140,6 [FLog::Output] Hello! Let's hope this works.
2022-06-20T02:07:53.669Z,2.669812,1140,6 [FLog::Output] Hello from the other side of the galaxy!
2022-06-20T02:07:54.315Z,3.315959,1140,6 [FLog::VR] VR: VR_IsSteamVRRunning returned false
2022-06-20T02:07:54.596Z,3.596745,1140,6 [FLog::Graphics] D3D11 Adapter: VMware SVGA 3D
2022-06-20T02:07:54.596Z,3.596745,1140,6 [FLog::Graphics] D3D11 Adapter: Vendor 15ad Device 0405 VRAM 4 RAM 2521
2022-06-20T02:07:54.597Z,3.597736,1140,6 [channel] Caps: ThreadSafe 0 Framebuffer 1 FpFramebuffer 1 Shaders 1 Compute 1 Instancing 1 ConstBuffers 1
2022-06-20T02:07:54.597Z,3.597736,1140,6 [channel] Caps: Framebuffer: MRT 8 MSAA 8 Stencil 1
2022-06-20T02:07:54.597Z,3.597736,1140,6 [channel] Caps: Framebuffer: Depth16 1 Depth24 1 DepthFloat 1 DepthClamp 1
2022-06-20T02:07:54.597Z,3.597736,1140,6 [channel] Caps: Border Color 1
2022-06-20T02:07:54.597Z,3.597736,1140,6 [channel] Caps: Texture: RGB10A2 1 RG11B10F 1
2022-06-20T02:07:54.597Z,3.597736,1140,6 [channel] Caps: Texture: DXT 1 PVR 0 ETC1 0 ETC2 0 Half 1
2022-06-20T02:07:54.597Z,3.597736,1140,6 [channel] Caps: Texture: 3D 1 Array 1 Depth 1 MSAA 1 MSAAFP16 0
2022-06-20T02:07:54.598Z,3.598727,1140,6 [channel] Caps: Texture: NPOT 1 PartialMips 1 CubeMipGen 1 CubeFramebuffer 1
2022-06-20T02:07:54.598Z,3.598727,1140,6 [channel] Caps: Texture: Size 16384 Units 16
2022-06-20T02:07:54.598Z,3.598727,1140,6 [channel] Caps: ConstantBufferSize 65536
2022-06-20T02:07:54.598Z,3.598727,1140,6 [channel] Caps: 32bIdx 1 Memoryless 0 mediump 0
2022-06-20T02:07:54.598Z,3.598727,1140,6 [channel] Caps: ColorBGR 0 RTFlip 0 MinusOneToOneDepth 0
2022-06-20T02:07:54.667Z,3.667096,1140,6 [FLog::Graphics] Video memory size: 2147483648
2022-06-20T02:07:54.891Z,3.891689,1140,6 [FLog::Graphics] Loaded 676 shaders from pack d3d11 variant defaultRoughnessRemap (8598140 bytes)
2022-06-20T02:07:54.891Z,3.891689,1140,6 [FLog::Graphics] Compiled 676 shaders in 222 ms
2022-06-20T02:07:55.942Z,4.942437,1140,6 [FLog::Output] Studio D3D9 GPU: VMware SVGA 3D
2022-06-20T02:07:55.942Z,4.942437,1140,6 [FLog::Output] Studio D3D9 GPU: Vendor 15ad Device 0405
2022-06-20T02:07:55.942Z,4.942437,1140,6 [FLog::Output] Studio D3D9 Driver: vm3dum_loader.dll 8.17.2.14
2022-06-20T02:07:55.942Z,4.942437,1140,6 [FLog::Output] ESGamePerfMonitor GPU: Vendor 000015ad Device 00000405
2022-06-20T02:07:55.942Z,4.942437,1140,6 [FLog::Output] ESGamePerfMonitor GPU: SubSys 040515ad Revision 00000000
2022-06-20T02:07:55.942Z,4.942437,1140,6 [FLog::Output] ESGamePerfMonitor GPU: DedicatedVidMem 4194304 DedicatedSysMem 2643976192 SharedSystemMemory 123221580930088960
2022-06-20T02:07:55.958Z,4.958320,1ebc,6 [FLog::Output] PlaceLauncher URL : https://assetgame.roblox.com/game/PlaceLauncher.ashx?request=RequestGame&browserTrackerId=136867614413&placeId=574407221&isPlayTogetherGame=false
2022-06-20T02:07:55.959Z,4.959313,1ebc,6 [FLog::GameJoinUtil] GameJoinUtil::joinGame
2022-06-20T02:07:55.959Z,4.959313,1ebc,6 [FLog::GameJoinUtil] GameJoinUtil::joinGamePostStandard: URL: https://gamejoin.roblox.com/v1/join-game BODY: {"placeId":574407221,"gameJoinAttemptId":"E8071A99-087F-4252-84B9-AF5F1999D579","browserTrackerId":"136867614413"}
2022-06-20T02:07:55.959Z,4.959313,1ebc,6 [FLog::GameJoinUtil] GameJoinUtil::makePlaceLauncherRequest: requestCount: 0, url: https://gamejoin.roblox.com/v1/join-game.
2022-06-20T02:07:55.959Z,4.959313,1ebc,6 [FLog::GameJoinUtil] Delaying request by 0.00 seconds
2022-06-20T02:07:55.984Z,4.984901,1140,6 [FLog::Graphics] LayeredClothingMode updated: LC=1 SkeletonAPI=1 HSR=1 TC2=1
2022-06-20T02:07:56.978Z,5.978594,13f4,6 [FLog::GameJoinUtil] GameJoinUtil::makePlaceLauncherRequest, response:
{"jobId":"bc32bdb1-ff1b-4b72-9ff9-aee4cc98988a","status":2,"joinScriptUrl":"https://assetgame.roblox.com/Game/Join.ashx?ticketVersion=2&ticket=%7b%22UserId%22%3a3635455297%2c%22UserName%22%3a%22ftcsvisgreat%22%2c%22DisplayName%22%3a%22ftcsvisgreat%22%2c%22CharacterFetchUrl%22%3a%22https%3a%2f%2fapi.roblox.com%2fv1.1%2favatar-fetch%2f%3fplaceId%3d574407221%26userId%3d3635455297%22%2c%22GameId%22%3a%22bc32bdb1-ff1b-4b72-9ff9-aee4cc98988a%22%2c%22PlaceId%22%3a574407221%2c%22UniverseId%22%3a228573408%2c%22ServerId%22%3a129871%2c%22ServerPort%22%3a52709%2c%22IsTeleport%22%3afalse%2c%22FollowUserId%22%3anull%2c%22TimeStamp%22%3a%226%2f19%2f2022+9%3a07%3a57+PM%22%2c%22CharacterAppearanceId%22%3a3635455297%2c%22AlternateName%22%3anull%2c%22JoinTypeId%22%3a10%2c%22MatchmakingDecisionId%22%3a%2228f2ec5e-f201-424a-9961-a73411c6d552%22%2c%22GameJoinMetadata%22%3a%7b%22JoinSource%22%3a0%2c%22RequestType%22%3a0
2022-06-20T02:07:56.978Z,5.978594,13f4,6 [FLog::GameJoinUtil] Default handler, game join succeeded.
2022-06-20T02:07:56.978Z,5.978594,13f4,6 [FLog::GameJoinUtil] GameJoinUtil::processing join parameters
2022-06-20T02:07:56.979Z,5.979601,0eb4,7 [FLog::Network] NetworkClient:Create
2022-06-20T02:07:56.979Z,5.979601,0eb4,10 [DFLog::KeyRing] Parsed config created at: 19:56 11/23/2021.
2022-06-20T02:07:56.990Z,5.990681,0eb4,6 [FLog::Output] ! Joining game 'bc32bdb1-ff1b-4b72-9ff9-aee4cc98988a' place 574407221 at 128.116.77.208
2022-06-20T02:07:56.990Z,5.990681,0eb4,6 [FLog::GameJoinLoadTime] Report game_join_loadtime: placeid:574407221, join_time:1.0202881130002108279, universeid:228573408, referral_page:, sid:8049bc14-e350-4919-b175-b00ec53ea3ef, clienttime:1655690877.5409998894, userid:3635455297, 
2022-06-20T02:07:57.000Z,6.000753,0eb4,7 [FLog::Network] Client will attempt to connect following server endpoints with threadSleepTime(-1)
2022-06-20T02:07:57.001Z,6.001760,0eb4,7 [FLog::Network] Server Address = 128.116.77.208, Port = 52709
2022-06-20T02:07:57.003Z,6.003775,0eb4,7 [FLog::Network] binding socket on inaddr_any:0

2022-06-20T02:07:57.029Z,6.029963,0eb4,6 [FLog::Output] Connecting to 128.116.77.208:52709
2022-06-20T02:07:57.029Z,6.029963,0eb4,7 [FLog::Network] Connecting to server, IP(inet_addr): 3494737024 Port: 52709
2022-06-20T02:07:57.067Z,6.067231,13f4,7 [FLog::Network] Setting latency from Ixp tx: 0 rx: 0
2022-06-20T02:07:57.067Z,6.067231,13f4,7 [FLog::Network] Set latency from Ixp live response after 66.477974 ms
2022-06-20T02:07:57.265Z,6.265764,0eb4,6 [FLog::Output] Connection accepted from 128.116.77.208|52709
2022-06-20T02:07:57.266Z,6.266761,0eb4,7 [FLog::Network] serverId: 128.116.77.208|52709
2022-06-20T02:07:57.266Z,6.266761,0eb4,7 [FLog::Network] Replicator created for player 128.116.77.208|52709
2022-06-20T02:07:57.266Z,6.266761,0eb4,7 [FLog::Network] Replicator created: 1893F7B8
2022-06-20T02:07:57.484Z,6.484194,0300,7 [FLog::Network] Time taken to initialize schema = 18.112200 ms
2022-06-20T02:07:57.484Z,6.484194,0300,7 [FLog::Network] Assigned peer id = 1133
2022-06-20T02:07:57.484Z,6.484194,0300,7 [FLog::Network] Join snapshot timer: 0.393800
2022-06-20T02:07:58.167Z,7.167979,13f4,7 [FLog::Network] Setting latency from Ixp tx: 0 rx: 0
2022-06-20T02:07:59.339Z,8.339183,0300,6 [FLog::Output] Server RobloxGitHash: 4d6c4589e833eb28bf4e444d7eea6ce3f388fc88
2022-06-20T02:07:59.339Z,8.339183,0300,6 [FLog::Output] Server Prefix: 0.531.0.5310423_20220618T181728Z_RCC_b4ebd
2022-06-20T02:07:59.732Z,8.732786,1140,6 [FLog::Graphics] SolidTextures::initSolidTextures()
2022-06-20T02:07:59.732Z,8.732786,1140,6 [FLog::Graphics] Terrain TextureArray 512x512, arraySize: 36, mip: 10
2022-06-20T02:08:00.675Z,9.675051,0300,6 [FLog::Error] Error: Failed to load sound rbxassetid://227919252: Unable to download sound data
2022-06-20T02:08:00.675Z,9.675051,0300,6 [FLog::Error] Error: Failed to load sound rbxassetid://342049685: Unable to download sound data
2022-06-20T02:08:00.675Z,9.675051,0300,6 [FLog::Error] Error: Failed to load sound rbxassetid://154169328: Unable to download sound data
2022-06-20T02:08:00.677Z,9.677042,0300,6 [FLog::Error] Error: Failed to load sound rbxassetid://180054806: Unable to download sound data
2022-06-20T02:08:00.677Z,9.677042,0300,6 [FLog::Error] Error: Failed to load sound rbxassetid://455355502: Unable to download sound data
2022-06-20T02:08:00.677Z,9.677042,0300,6 [FLog::Error] Error: Failed to load sound rbxassetid://455355502: Unable to download sound data
2022-06-20T02:08:00.677Z,9.677042,0300,6 [FLog::Error] Error: Failed to load sound rbxassetid://387806727: Unable to download sound data
2022-06-20T02:08:00.677Z,9.677042,0300,6 [FLog::Error] Error: Failed to load sound rbxassetid://168303379: Unable to download sound data
2022-06-20T02:08:03.821Z,12.821084,1980,6 [FLog::Error] Asset (Image) "https://assetdelivery.roblox.com/v1/asset?id=630062557" load failed in Workspace.Bluecross122521.Humanoid.Clothes: Failed to resolve texture format | 76 65 72 73 69 6f 6e 20 32 2e 30 30 0a 0c 00 24 0c ec 02 00 00 68 01 00 00 dd fe 94 be 40 54 87 be a2 76 07 3f ee 29 21 bf 3f fe 06 3d 3a b9 46 3f 00 7b 0f 3c 64 e5 63 3f 00 00 00 00 8a 61 55     version 2.00...$.ì...h...Ýþ”¾@T‡¾¢v.?î)!¿?þ.=:¹F?.{.<dåc?....ŠaU
2022-06-20T02:08:17.051Z,26.051525,0300,6 [FLog::Output] Hidden Surface Removal data for Head in Bluecross122521 https://assetdelivery.roblox.com/v1/asset/?id=7430070993 is invalid, reason: HSR data is outdated. current version is 17, latest version is 18. 
2022-06-20T02:08:17.051Z,26.051525,0300,6 [FLog::Output] Hidden Surface Removal data for Head in Bluecross122521 https://assetdelivery.roblox.com/v1/asset/?id=7430070993 is invalid, reason: HSR data is outdated. current version is 17, latest version is 18. 
2022-06-20T02:08:17.051Z,26.051525,0300,6 [FLog::Output] Hidden Surface Removal data for LeftLowerArm in Bluecross122521 https://assetdelivery.roblox.com/v1/asset/?id=9552773481 is invalid, reason: HSR data is outdated. current version is 17, latest version is 18. 
2022-06-20T02:08:17.051Z,26.051525,0300,6 [FLog::Output] Hidden Surface Removal data for LeftLowerArm in Bluecross122521 https://assetdelivery.roblox.com/v1/asset/?id=9552773481 is invalid, reason: HSR data is outdated. current version is 17, latest version is 18. 
2022-06-20T02:08:17.051Z,26.051525,0300,6 [FLog::Output] Hidden Surface Removal data for RightLowerArm in Bluecross122521 https://assetdelivery.roblox.com/v1/asset/?id=9552773482 is invalid, reason: HSR data is outdated. current version is 17, latest version is 18. 
2022-06-20T02:08:17.051Z,26.051525,0300,6 [FLog::Output] Hidden Surface Removal data for RightLowerArm in Bluecross122521 https://assetdelivery.roblox.com/v1/asset/?id=9552773482 is invalid, reason: HSR data is outdated. current version is 17, latest version is 18. 
2022-06-20T02:08:17.054Z,26.054508,0300,6 [FLog::Output] Hidden Surface Removal data for LeftUpperArm in Bluecross122521 https://assetdelivery.roblox.com/v1/asset/?id=9552773529 is invalid, reason: HSR data is outdated. current version is 17, latest version is 18. 
2022-06-20T02:08:17.054Z,26.054508,0300,6 [FLog::Output] Hidden Surface Removal data for LeftUpperArm in Bluecross122521 https://assetdelivery.roblox.com/v1/asset/?id=9552773529 is invalid, reason: HSR data is outdated. current version is 17, latest version is 18. 
2022-06-20T02:08:17.055Z,26.055504,0300,6 [FLog::Output] Hidden Surface Removal data for RightUpperArm in Bluecross122521 https://assetdelivery.roblox.com/v1/asset/?id=9552773480 is invalid, reason: HSR data is outdated. current version is 17, latest version is 18. 
2022-06-20T02:08:17.055Z,26.055504,0300,6 [FLog::Output] Hidden Surface Removal data for RightUpperArm in Bluecross122521 https://assetdelivery.roblox.com/v1/asset/?id=9552773480 is invalid, reason: HSR data is outdated. current version is 17, latest version is 18. 
2022-06-20T02:08:17.055Z,26.055504,0300,6 [FLog::Output] Hidden Surface Removal data for LowerTorso in Bluecross122521 https://assetdelivery.roblox.com/v1/asset/?id=9552773541 is invalid, reason: HSR data is outdated. current version is 17, latest version is 18. 
2022-06-20T02:08:17.055Z,26.055504,0300,6 [FLog::Output] Hidden Surface Removal data for LowerTorso in Bluecross122521 https://assetdelivery.roblox.com/v1/asset/?id=9552773541 is invalid, reason: HSR data is outdated. current version is 17, latest version is 18. 
2022-06-20T02:08:17.056Z,26.056498,0300,6 [FLog::Output] Hidden Surface Removal data for LeftLowerLeg in Bluecross122521 https://assetdelivery.roblox.com/v1/asset/?id=9552773368 is invalid, reason: HSR data is outdated. current version is 17, latest version is 18. 
2022-06-20T02:08:17.056Z,26.056498,0300,6 [FLog::Output] Hidden Surface Removal data for LeftLowerLeg in Bluecross122521 https://assetdelivery.roblox.com/v1/asset/?id=9552773368 is invalid, reason: HSR data is outdated. current version is 17, latest version is 18. 
2022-06-20T02:08:17.056Z,26.056498,0300,6 [FLog::Output] Hidden Surface Removal data for LeftUpperLeg in Bluecross122521 https://assetdelivery.roblox.com/v1/asset/?id=9552773367 is invalid, reason: HSR data is outdated. current version is 17, latest version is 18. 
2022-06-20T02:08:17.056Z,26.056498,0300,6 [FLog::Output] Hidden Surface Removal data for LeftUpperLeg in Bluecross122521 https://assetdelivery.roblox.com/v1/asset/?id=9552773367 is invalid, reason: HSR data is outdated. current version is 17, latest version is 18. 
2022-06-20T02:08:17.056Z,26.056498,0300,6 [FLog::Output] Hidden Surface Removal data for LeftFoot in Bluecross122521 https://assetdelivery.roblox.com/v1/asset/?id=9552773362 is invalid, reason: HSR data is outdated. current version is 17, latest version is 18. 
2022-06-20T02:08:17.057Z,26.057493,0300,6 [FLog::Output] Hidden Surface Removal data for LeftFoot in Bluecross122521 https://assetdelivery.roblox.com/v1/asset/?id=9552773362 is invalid, reason: HSR data is outdated. current version is 17, latest version is 18. 
2022-06-20T02:08:17.104Z,26.104074,0300,6 [FLog::Output] Hidden Surface Removal data for RightFoot in Bluecross122521 https://assetdelivery.roblox.com/v1/asset/?id=9552773366 is invalid, reason: HSR data is outdated. current version is 17, latest version is 18. 
2022-06-20T02:08:17.104Z,26.104074,0300,6 [FLog::Output] Hidden Surface Removal data for RightFoot in Bluecross122521 https://assetdelivery.roblox.com/v1/asset/?id=9552773366 is invalid, reason: HSR data is outdated. current version is 17, latest version is 18. 
2022-06-20T02:08:17.104Z,26.104074,0300,6 [FLog::Output] Hidden Surface Removal data for RightLowerLeg in Bluecross122521 https://assetdelivery.roblox.com/v1/asset/?id=9552773375 is invalid, reason: HSR data is outdated. current version is 17, latest version is 18. 
2022-06-20T02:08:17.104Z,26.104074,0300,6 [FLog::Output] Hidden Surface Removal data for RightLowerLeg in Bluecross122521 https://assetdelivery.roblox.com/v1/asset/?id=9552773375 is invalid, reason: HSR data is outdated. current version is 17, latest version is 18. 
2022-06-20T02:08:17.104Z,26.104074,0300,6 [FLog::Output] Hidden Surface Removal data for RightUpperLeg in Bluecross122521 https://assetdelivery.roblox.com/v1/asset/?id=9552773376 is invalid, reason: HSR data is outdated. current version is 17, latest version is 18. 
2022-06-20T02:08:17.104Z,26.104074,0300,6 [FLog::Output] Hidden Surface Removal data for RightUpperLeg in Bluecross122521 https://assetdelivery.roblox.com/v1/asset/?id=9552773376 is invalid, reason: HSR data is outdated. current version is 17, latest version is 18. 
2022-06-20T02:08:17.106Z,26.106092,0300,6 [FLog::Output] Hidden Surface Removal data for UpperTorso in Bluecross122521 https://assetdelivery.roblox.com/v1/asset/?id=9552773552 is invalid, reason: HSR data is outdated. current version is 17, latest version is 18. 
2022-06-20T02:08:17.106Z,26.106092,0300,6 [FLog::Output] Hidden Surface Removal data for UpperTorso in Bluecross122521 https://assetdelivery.roblox.com/v1/asset/?id=9552773552 is invalid, reason: HSR data is outdated. current version is 17, latest version is 18. 
2022-06-20T02:08:17.106Z,26.106092,0300,6 [FLog::Output] Hidden Surface Removal data for LeftHand in Bluecross122521 https://assetdelivery.roblox.com/v1/asset/?id=9552773493 is invalid, reason: HSR data is outdated. current version is 17, latest version is 18. 
2022-06-20T02:08:17.106Z,26.106092,0300,6 [FLog::Output] Hidden Surface Removal data for LeftHand in Bluecross122521 https://assetdelivery.roblox.com/v1/asset/?id=9552773493 is invalid, reason: HSR data is outdated. current version is 17, latest version is 18. 
2022-06-20T02:08:17.106Z,26.106092,0300,6 [FLog::Output] Hidden Surface Removal data for RightHand in Bluecross122521 https://assetdelivery.roblox.com/v1/asset/?id=9552773374 is invalid, reason: HSR data is outdated. current version is 17, latest version is 18. 
2022-06-20T02:08:17.106Z,26.106092,0300,6 [FLog::Output] Hidden Surface Removal data for RightHand in Bluecross122521 https://assetdelivery.roblox.com/v1/asset/?id=9552773374 is invalid, reason: HSR data is outdated. current version is 17, latest version is 18. 
2022-06-20T02:08:17.106Z,26.106092,0300,6 [FLog::Output] Hidden Surface Removal data for Handle https://assetdelivery.roblox.com/v1/asset/?id=6938205353 is invalid, reason: HSR data is outdated. current version is 16, latest version is 18. 
2022-06-20T02:08:17.106Z,26.106092,0300,6 [FLog::Output] Hidden Surface Removal data for Handle https://assetdelivery.roblox.com/v1/asset/?id=6938205353 is invalid, reason: HSR data is outdated. current version is 16, latest version is 18. 
2022-06-20T02:08:20.933Z,29.933817,0300,6 [FLog::Output] 


âš½ Super Hero Tycoon uses TopbarPlus v2.7.6
ðŸ TopbarPlus was developed by ForeverHD and the Nanoblox Team
ðŸš€ You can learn more and take a free copy by searching for 'TopbarPlus' on the DevForum


2022-06-20T02:08:47.433Z,56.433651,0300,6 [FLog::Output] Hidden Surface Removal data for Head in Bluecross122521 https://assetdelivery.roblox.com/v1/asset/?id=7430070993 is invalid, reason: HSR data is outdated. current version is 17, latest version is 18. 
2022-06-20T02:08:47.434Z,56.434647,0300,6 [FLog::Output] Hidden Surface Removal data for Head in Bluecross122521 https://assetdelivery.roblox.com/v1/asset/?id=7430070993 is invalid, reason: HSR data is outdated. current version is 17, latest version is 18. 
2022-06-20T02:08:47.434Z,56.434647,0300,6 [FLog::Output] Hidden Surface Removal data for LeftLowerArm in Bluecross122521 https://assetdelivery.roblox.com/v1/asset/?id=9552773481 is invalid, reason: HSR data is outdated. current version is 17, latest version is 18. 
2022-06-20T02:08:47.434Z,56.434647,0300,6 [FLog::Output] Hidden Surface Removal data for LeftLowerArm in Bluecross122521 https://assetdelivery.roblox.com/v1/asset/?id=9552773481 is invalid, reason: HSR data is outdated. current version is 17, latest version is 18. 
2022-06-20T02:08:47.436Z,56.436634,0300,6 [FLog::Output] Hidden Surface Removal data for RightLowerArm in Bluecross122521 https://assetdelivery.roblox.com/v1/asset/?id=9552773482 is invalid, reason: HSR data is outdated. current version is 17, latest version is 18. 
2022-06-20T02:08:47.436Z,56.436634,0300,6 [FLog::Output] Hidden Surface Removal data for RightLowerArm in Bluecross122521 https://assetdelivery.roblox.com/v1/asset/?id=9552773482 is invalid, reason: HSR data is outdated. current version is 17, latest version is 18. 
2022-06-20T02:08:47.436Z,56.436634,0300,6 [FLog::Output] Hidden Surface Removal data for LeftUpperArm in Bluecross122521 https://assetdelivery.roblox.com/v1/asset/?id=9552773529 is invalid, reason: HSR data is outdated. current version is 17, latest version is 18. 
2022-06-20T02:08:47.437Z,56.437630,0300,6 [FLog::Output] Hidden Surface Removal data for LeftUpperArm in Bluecross122521 https://assetdelivery.roblox.com/v1/asset/?id=9552773529 is invalid, reason: HSR data is outdated. current version is 17, latest version is 18. 
2022-06-20T02:08:47.437Z,56.437630,0300,6 [FLog::Output] Hidden Surface Removal data for RightUpperArm in Bluecross122521 https://assetdelivery.roblox.com/v1/asset/?id=9552773480 is invalid, reason: HSR data is outdated. current version is 17, latest version is 18. 
2022-06-20T02:08:47.438Z,56.438622,0300,6 [FLog::Output] Hidden Surface Removal data for RightUpperArm in Bluecross122521 https://assetdelivery.roblox.com/v1/asset/?id=9552773480 is invalid, reason: HSR data is outdated. current version is 17, latest version is 18. 
2022-06-20T02:08:47.438Z,56.438622,0300,6 [FLog::Output] Hidden Surface Removal data for LowerTorso in Bluecross122521 https://assetdelivery.roblox.com/v1/asset/?id=9552773541 is invalid, reason: HSR data is outdated. current version is 17, latest version is 18. 
2022-06-20T02:08:47.438Z,56.438622,0300,6 [FLog::Output] Hidden Surface Removal data for LowerTorso in Bluecross122521 https://assetdelivery.roblox.com/v1/asset/?id=9552773541 is invalid, reason: HSR data is outdated. current version is 17, latest version is 18. 
2022-06-20T02:08:47.438Z,56.438622,0300,6 [FLog::Output] Hidden Surface Removal data for LeftLowerLeg in Bluecross122521 https://assetdelivery.roblox.com/v1/asset/?id=9552773368 is invalid, reason: HSR data is outdated. current version is 17, latest version is 18. 
2022-06-20T02:08:47.438Z,56.438622,0300,6 [FLog::Output] Hidden Surface Removal data for LeftLowerLeg in Bluecross122521 https://assetdelivery.roblox.com/v1/asset/?id=9552773368 is invalid, reason: HSR data is outdated. current version is 17, latest version is 18. 
2022-06-20T02:08:47.438Z,56.438622,0300,6 [FLog::Output] Hidden Surface Removal data for LeftUpperLeg in Bluecross122521 https://assetdelivery.roblox.com/v1/asset/?id=9552773367 is invalid, reason: HSR data is outdated. current version is 17, latest version is 18. 
2022-06-20T02:08:47.438Z,56.438622,0300,6 [FLog::Output] Hidden Surface Removal data for LeftUpperLeg in Bluecross122521 https://assetdelivery.roblox.com/v1/asset/?id=9552773367 is invalid, reason: HSR data is outdated. current version is 17, latest version is 18. 
2022-06-20T02:08:47.440Z,56.440613,0300,6 [FLog::Output] Hidden Surface Removal data for LeftFoot in Bluecross122521 https://assetdelivery.roblox.com/v1/asset/?id=9552773362 is invalid, reason: HSR data is outdated. current version is 17, latest version is 18. 
2022-06-20T02:08:47.440Z,56.440613,0300,6 [FLog::Output] Hidden Surface Removal data for LeftFoot in Bluecross122521 https://assetdelivery.roblox.com/v1/asset/?id=9552773362 is invalid, reason: HSR data is outdated. current version is 17, latest version is 18. 
2022-06-20T02:08:47.440Z,56.440613,0300,6 [FLog::Output] Hidden Surface Removal data for RightFoot in Bluecross122521 https://assetdelivery.roblox.com/v1/asset/?id=9552773366 is invalid, reason: HSR data is outdated. current version is 17, latest version is 18. 
2022-06-20T02:08:47.440Z,56.440613,0300,6 [FLog::Output] Hidden Surface Removal data for RightFoot in Bluecross122521 https://assetdelivery.roblox.com/v1/asset/?id=9552773366 is invalid, reason: HSR data is outdated. current version is 17, latest version is 18. 
2022-06-20T02:08:47.440Z,56.440613,0300,6 [FLog::Output] Hidden Surface Removal data for RightLowerLeg in Bluecross122521 https://assetdelivery.roblox.com/v1/asset/?id=9552773375 is invalid, reason: HSR data is outdated. current version is 17, latest version is 18. 
2022-06-20T02:08:47.440Z,56.440613,0300,6 [FLog::Output] Hidden Surface Removal data for RightLowerLeg in Bluecross122521 https://assetdelivery.roblox.com/v1/asset/?id=9552773375 is invalid, reason: HSR data is outdated. current version is 17, latest version is 18. 
2022-06-20T02:08:47.440Z,56.440613,0300,6 [FLog::Output] Hidden Surface Removal data for RightUpperLeg in Bluecross122521 https://assetdelivery.roblox.com/v1/asset/?id=9552773376 is invalid, reason: HSR data is outdated. current version is 17, latest version is 18. 
2022-06-20T02:08:47.441Z,56.441605,0300,6 [FLog::Output] Hidden Surface Removal data for RightUpperLeg in Bluecross122521 https://assetdelivery.roblox.com/v1/asset/?id=9552773376 is invalid, reason: HSR data is outdated. current version is 17, latest version is 18. 
2022-06-20T02:08:47.441Z,56.441605,0300,6 [FLog::Output] Hidden Surface Removal data for UpperTorso in Bluecross122521 https://assetdelivery.roblox.com/v1/asset/?id=9552773552 is invalid, reason: HSR data is outdated. current version is 17, latest version is 18. 
2022-06-20T02:08:47.441Z,56.441605,0300,6 [FLog::Output] Hidden Surface Removal data for UpperTorso in Bluecross122521 https://assetdelivery.roblox.com/v1/asset/?id=9552773552 is invalid, reason: HSR data is outdated. current version is 17, latest version is 18. 
2022-06-20T02:08:47.442Z,56.442600,0300,6 [FLog::Output] Hidden Surface Removal data for LeftHand in Bluecross122521 https://assetdelivery.roblox.com/v1/asset/?id=9552773493 is invalid, reason: HSR data is outdated. current version is 17, latest version is 18. 
2022-06-20T02:08:47.442Z,56.442600,0300,6 [FLog::Output] Hidden Surface Removal data for LeftHand in Bluecross122521 https://assetdelivery.roblox.com/v1/asset/?id=9552773493 is invalid, reason: HSR data is outdated. current version is 17, latest version is 18. 
2022-06-20T02:08:47.442Z,56.442600,0300,6 [FLog::Output] Hidden Surface Removal data for RightHand in Bluecross122521 https://assetdelivery.roblox.com/v1/asset/?id=9552773374 is invalid, reason: HSR data is outdated. current version is 17, latest version is 18. 
2022-06-20T02:08:47.442Z,56.442600,0300,6 [FLog::Output] Hidden Surface Removal data for RightHand in Bluecross122521 https://assetdelivery.roblox.com/v1/asset/?id=9552773374 is invalid, reason: HSR data is outdated. current version is 17, latest version is 18. 
2022-06-20T02:08:47.442Z,56.442600,0300,6 [FLog::Output] Hidden Surface Removal data for Handle https://assetdelivery.roblox.com/v1/asset/?id=6938205353 is invalid, reason: HSR data is outdated. current version is 16, latest version is 18. 
2022-06-20T02:08:47.442Z,56.442600,0300,6 [FLog::Output] Hidden Surface Removal data for Handle https://assetdelivery.roblox.com/v1/asset/?id=6938205353 is invalid, reason: HSR data is outdated. current version is 16, latest version is 18. 
2022-06-20T02:08:47.577Z,56.577381,158c,6 [FLog::Error] Asset (Image) "https://assetdelivery.roblox.com/v1/asset?id=630062557" load failed in Workspace.Bluecross122521.LeftLowerLeg.TextureID: Failed to resolve texture format | 76 65 72 73 69 6f 6e 20 32 2e 30 30 0a 0c 00 24 0c ec 02 00 00 68 01 00 00 dd fe 94 be 40 54 87 be a2 76 07 3f ee 29 21 bf 3f fe 06 3d 3a b9 46 3f 00 7b 0f 3c 64 e5 63 3f 00 00 00 00 8a 61 55     version 2.00...$.ì...h...Ýþ”¾@T‡¾¢v.?î)!¿?þ.=:¹F?.{.<dåc?....ŠaU
2022-06-20T02:09:41.659Z,110.659378,0300,6 [FLog::Output] Hidden Surface Removal data for Head in Bluecross122521 https://assetdelivery.roblox.com/v1/asset/?id=7430070993 is invalid, reason: HSR data is outdated. current version is 17, latest version is 18. 
2022-06-20T02:09:41.660Z,110.660385,0300,6 [FLog::Output] Hidden Surface Removal data for Head in Bluecross122521 https://assetdelivery.roblox.com/v1/asset/?id=7430070993 is invalid, reason: HSR data is outdated. current version is 17, latest version is 18. 
2022-06-20T02:09:41.661Z,110.661385,0300,6 [FLog::Output] Hidden Surface Removal data for LeftLowerArm in Bluecross122521 https://assetdelivery.roblox.com/v1/asset/?id=9552773481 is invalid, reason: HSR data is outdated. current version is 17, latest version is 18. 
2022-06-20T02:09:41.662Z,110.662384,0300,6 [FLog::Output] Hidden Surface Removal data for LeftLowerArm in Bluecross122521 https://assetdelivery.roblox.com/v1/asset/?id=9552773481 is invalid, reason: HSR data is outdated. current version is 17, latest version is 18. 
2022-06-20T02:09:41.662Z,110.662384,0300,6 [FLog::Output] Hidden Surface Removal data for RightLowerArm in Bluecross122521 https://assetdelivery.roblox.com/v1/asset/?id=9552773482 is invalid, reason: HSR data is outdated. current version is 17, latest version is 18. 
2022-06-20T02:09:41.662Z,110.662384,0300,6 [FLog::Output] Hidden Surface Removal data for RightLowerArm in Bluecross122521 https://assetdelivery.roblox.com/v1/asset/?id=9552773482 is invalid, reason: HSR data is outdated. current version is 17, latest version is 18. 
2022-06-20T02:09:41.662Z,110.662384,0300,6 [FLog::Output] Hidden Surface Removal data for LeftUpperArm in Bluecross122521 https://assetdelivery.roblox.com/v1/asset/?id=9552773529 is invalid, reason: HSR data is outdated. current version is 17, latest version is 18. 
2022-06-20T02:09:41.662Z,110.662384,0300,6 [FLog::Output] Hidden Surface Removal data for LeftUpperArm in Bluecross122521 https://assetdelivery.roblox.com/v1/asset/?id=9552773529 is invalid, reason: HSR data is outdated. current version is 17, latest version is 18. 
2022-06-20T02:09:41.662Z,110.662384,0300,6 [FLog::Output] Hidden Surface Removal data for RightUpperArm in Bluecross122521 https://assetdelivery.roblox.com/v1/asset/?id=9552773480 is invalid, reason: HSR data is outdated. current version is 17, latest version is 18. 
2022-06-20T02:09:41.662Z,110.662384,0300,6 [FLog::Output] Hidden Surface Removal data for RightUpperArm in Bluecross122521 https://assetdelivery.roblox.com/v1/asset/?id=9552773480 is invalid, reason: HSR data is outdated. current version is 17, latest version is 18. 
2022-06-20T02:09:41.662Z,110.662384,0300,6 [FLog::Output] Hidden Surface Removal data for LowerTorso in Bluecross122521 https://assetdelivery.roblox.com/v1/asset/?id=9552773541 is invalid, reason: HSR data is outdated. current version is 17, latest version is 18. 
2022-06-20T02:09:41.662Z,110.662384,0300,6 [FLog::Output] Hidden Surface Removal data for LowerTorso in Bluecross122521 https://assetdelivery.roblox.com/v1/asset/?id=9552773541 is invalid, reason: HSR data is outdated. current version is 17, latest version is 18. 
2022-06-20T02:09:41.662Z,110.662384,0300,6 [FLog::Output] Hidden Surface Removal data for LeftLowerLeg in Bluecross122521 https://assetdelivery.roblox.com/v1/asset/?id=9552773368 is invalid, reason: HSR data is outdated. current version is 17, latest version is 18. 
2022-06-20T02:09:41.664Z,110.664391,0300,6 [FLog::Output] Hidden Surface Removal data for LeftLowerLeg in Bluecross122521 https://assetdelivery.roblox.com/v1/asset/?id=9552773368 is invalid, reason: HSR data is outdated. current version is 17, latest version is 18. 
2022-06-20T02:09:41.666Z,110.666397,0300,6 [FLog::Output] Hidden Surface Removal data for LeftUpperLeg in Bluecross122521 https://assetdelivery.roblox.com/v1/asset/?id=9552773367 is invalid, reason: HSR data is outdated. current version is 17, latest version is 18. 
2022-06-20T02:09:41.666Z,110.666397,0300,6 [FLog::Output] Hidden Surface Removal data for LeftUpperLeg in Bluecross122521 https://assetdelivery.roblox.com/v1/asset/?id=9552773367 is invalid, reason: HSR data is outdated. current version is 17, latest version is 18. 
2022-06-20T02:09:41.667Z,110.667397,0300,6 [FLog::Output] Hidden Surface Removal data for LeftFoot in Bluecross122521 https://assetdelivery.roblox.com/v1/asset/?id=9552773362 is invalid, reason: HSR data is outdated. current version is 17, latest version is 18. 
2022-06-20T02:09:41.667Z,110.667397,0300,6 [FLog::Output] Hidden Surface Removal data for LeftFoot in Bluecross122521 https://assetdelivery.roblox.com/v1/asset/?id=9552773362 is invalid, reason: HSR data is outdated. current version is 17, latest version is 18. 
2022-06-20T02:09:41.667Z,110.667397,0300,6 [FLog::Output] Hidden Surface Removal data for RightFoot in Bluecross122521 https://assetdelivery.roblox.com/v1/asset/?id=9552773366 is invalid, reason: HSR data is outdated. current version is 17, latest version is 18. 
2022-06-20T02:09:41.667Z,110.667397,0300,6 [FLog::Output] Hidden Surface Removal data for RightFoot in Bluecross122521 https://assetdelivery.roblox.com/v1/asset/?id=9552773366 is invalid, reason: HSR data is outdated. current version is 17, latest version is 18. 
2022-06-20T02:09:41.667Z,110.667397,0300,6 [FLog::Output] Hidden Surface Removal data for RightLowerLeg in Bluecross122521 https://assetdelivery.roblox.com/v1/asset/?id=9552773375 is invalid, reason: HSR data is outdated. current version is 17, latest version is 18. 
2022-06-20T02:09:41.667Z,110.667397,0300,6 [FLog::Output] Hidden Surface Removal data for RightLowerLeg in Bluecross122521 https://assetdelivery.roblox.com/v1/asset/?id=9552773375 is invalid, reason: HSR data is outdated. current version is 17, latest version is 18. 
2022-06-20T02:09:41.668Z,110.668396,0300,6 [FLog::Output] Hidden Surface Removal data for RightUpperLeg in Bluecross122521 https://assetdelivery.roblox.com/v1/asset/?id=9552773376 is invalid, reason: HSR data is outdated. current version is 17, latest version is 18. 
2022-06-20T02:09:41.668Z,110.668396,0300,6 [FLog::Output] Hidden Surface Removal data for RightUpperLeg in Bluecross122521 https://assetdelivery.roblox.com/v1/asset/?id=9552773376 is invalid, reason: HSR data is outdated. current version is 17, latest version is 18. 
2022-06-20T02:09:41.668Z,110.668396,0300,6 [FLog::Output] Hidden Surface Removal data for UpperTorso in Bluecross122521 https://assetdelivery.roblox.com/v1/asset/?id=9552773552 is invalid, reason: HSR data is outdated. current version is 17, latest version is 18. 
2022-06-20T02:09:41.668Z,110.668396,0300,6 [FLog::Output] Hidden Surface Removal data for UpperTorso in Bluecross122521 https://assetdelivery.roblox.com/v1/asset/?id=9552773552 is invalid, reason: HSR data is outdated. current version is 17, latest version is 18. 
2022-06-20T02:09:41.668Z,110.668396,0300,6 [FLog::Output] Hidden Surface Removal data for LeftHand in Bluecross122521 https://assetdelivery.roblox.com/v1/asset/?id=9552773493 is invalid, reason: HSR data is outdated. current version is 17, latest version is 18. 
2022-06-20T02:09:41.669Z,110.669395,0300,6 [FLog::Output] Hidden Surface Removal data for LeftHand in Bluecross122521 https://assetdelivery.roblox.com/v1/asset/?id=9552773493 is invalid, reason: HSR data is outdated. current version is 17, latest version is 18. 
2022-06-20T02:09:41.670Z,110.670403,0300,6 [FLog::Output] Hidden Surface Removal data for RightHand in Bluecross122521 https://assetdelivery.roblox.com/v1/asset/?id=9552773374 is invalid, reason: HSR data is outdated. current version is 17, latest version is 18. 
2022-06-20T02:09:41.670Z,110.670403,0300,6 [FLog::Output] Hidden Surface Removal data for RightHand in Bluecross122521 https://assetdelivery.roblox.com/v1/asset/?id=9552773374 is invalid, reason: HSR data is outdated. current version is 17, latest version is 18. 
2022-06-20T02:09:41.670Z,110.670403,0300,6 [FLog::Output] Hidden Surface Removal data for Handle https://assetdelivery.roblox.com/v1/asset/?id=6938205353 is invalid, reason: HSR data is outdated. current version is 16, latest version is 18. 
2022-06-20T02:09:41.670Z,110.670403,0300,6 [FLog::Output] Hidden Surface Removal data for Handle https://assetdelivery.roblox.com/v1/asset/?id=6938205353 is invalid, reason: HSR data is outdated. current version is 16, latest version is 18. 
2022-06-20T02:10:21.148Z,150.148621,0eb4,6 [FLog::Output] Hidden Surface Removal data for Head in Bluecross122521 https://assetdelivery.roblox.com/v1/asset/?id=7430070993 is invalid, reason: HSR data is outdated. current version is 17, latest version is 18. 
2022-06-20T02:10:21.148Z,150.148621,0eb4,6 [FLog::Output] Hidden Surface Removal data for Head in Bluecross122521 https://assetdelivery.roblox.com/v1/asset/?id=7430070993 is invalid, reason: HSR data is outdated. current version is 17, latest version is 18. 
2022-06-20T02:10:21.148Z,150.148621,0eb4,6 [FLog::Output] Hidden Surface Removal data for LeftLowerArm in Bluecross122521 https://assetdelivery.roblox.com/v1/asset/?id=9552773481 is invalid, reason: HSR data is outdated. current version is 17, latest version is 18. 
2022-06-20T02:10:21.148Z,150.148621,0eb4,6 [FLog::Output] Hidden Surface Removal data for LeftLowerArm in Bluecross122521 https://assetdelivery.roblox.com/v1/asset/?id=9552773481 is invalid, reason: HSR data is outdated. current version is 17, latest version is 18. 
2022-06-20T02:10:21.148Z,150.148621,0eb4,6 [FLog::Output] Hidden Surface Removal data for RightLowerArm in Bluecross122521 https://assetdelivery.roblox.com/v1/asset/?id=9552773482 is invalid, reason: HSR data is outdated. current version is 17, latest version is 18. 
2022-06-20T02:10:21.148Z,150.148621,0eb4,6 [FLog::Output] Hidden Surface Removal data for RightLowerArm in Bluecross122521 https://assetdelivery.roblox.com/v1/asset/?id=9552773482 is invalid, reason: HSR data is outdated. current version is 17, latest version is 18. 
2022-06-20T02:10:21.148Z,150.148621,0eb4,6 [FLog::Output] Hidden Surface Removal data for LeftUpperArm in Bluecross122521 https://assetdelivery.roblox.com/v1/asset/?id=9552773529 is invalid, reason: HSR data is outdated. current version is 17, latest version is 18. 
2022-06-20T02:10:21.148Z,150.148621,0eb4,6 [FLog::Output] Hidden Surface Removal data for LeftUpperArm in Bluecross122521 https://assetdelivery.roblox.com/v1/asset/?id=9552773529 is invalid, reason: HSR data is outdated. current version is 17, latest version is 18. 
2022-06-20T02:10:21.151Z,150.151611,0eb4,6 [FLog::Output] Hidden Surface Removal data for RightUpperArm in Bluecross122521 https://assetdelivery.roblox.com/v1/asset/?id=9552773480 is invalid, reason: HSR data is outdated. current version is 17, latest version is 18. 
2022-06-20T02:10:21.151Z,150.151611,0eb4,6 [FLog::Output] Hidden Surface Removal data for RightUpperArm in Bluecross122521 https://assetdelivery.roblox.com/v1/asset/?id=9552773480 is invalid, reason: HSR data is outdated. current version is 17, latest version is 18. 
2022-06-20T02:10:21.151Z,150.151611,0eb4,6 [FLog::Output] Hidden Surface Removal data for LowerTorso in Bluecross122521 https://assetdelivery.roblox.com/v1/asset/?id=9552773541 is invalid, reason: HSR data is outdated. current version is 17, latest version is 18. 
2022-06-20T02:10:21.151Z,150.151611,0eb4,6 [FLog::Output] Hidden Surface Removal data for LowerTorso in Bluecross122521 https://assetdelivery.roblox.com/v1/asset/?id=9552773541 is invalid, reason: HSR data is outdated. current version is 17, latest version is 18. 
2022-06-20T02:10:21.151Z,150.151611,0eb4,6 [FLog::Output] Hidden Surface Removal data for LeftLowerLeg in Bluecross122521 https://assetdelivery.roblox.com/v1/asset/?id=9552773368 is invalid, reason: HSR data is outdated. current version is 17, latest version is 18. 
2022-06-20T02:10:21.152Z,150.152618,0eb4,6 [FLog::Output] Hidden Surface Removal data for LeftLowerLeg in Bluecross122521 https://assetdelivery.roblox.com/v1/asset/?id=9552773368 is invalid, reason: HSR data is outdated. current version is 17, latest version is 18. 
2022-06-20T02:10:21.152Z,150.152618,0eb4,6 [FLog::Output] Hidden Surface Removal data for LeftUpperLeg in Bluecross122521 https://assetdelivery.roblox.com/v1/asset/?id=9552773367 is invalid, reason: HSR data is outdated. current version is 17, latest version is 18. 
2022-06-20T02:10:21.152Z,150.152618,0eb4,6 [FLog::Output] Hidden Surface Removal data for LeftUpperLeg in Bluecross122521 https://assetdelivery.roblox.com/v1/asset/?id=9552773367 is invalid, reason: HSR data is outdated. current version is 17, latest version is 18. 
2022-06-20T02:10:21.152Z,150.152618,0eb4,6 [FLog::Output] Hidden Surface Removal data for LeftFoot in Bluecross122521 https://assetdelivery.roblox.com/v1/asset/?id=9552773362 is invalid, reason: HSR data is outdated. current version is 17, latest version is 18. 
2022-06-20T02:10:21.152Z,150.152618,0eb4,6 [FLog::Output] Hidden Surface Removal data for LeftFoot in Bluecross122521 https://assetdelivery.roblox.com/v1/asset/?id=9552773362 is invalid, reason: HSR data is outdated. current version is 17, latest version is 18. 
2022-06-20T02:10:21.152Z,150.152618,0eb4,6 [FLog::Output] Hidden Surface Removal data for RightFoot in Bluecross122521 https://assetdelivery.roblox.com/v1/asset/?id=9552773366 is invalid, reason: HSR data is outdated. current version is 17, latest version is 18. 
2022-06-20T02:10:21.152Z,150.152618,0eb4,6 [FLog::Output] Hidden Surface Removal data for RightFoot in Bluecross122521 https://assetdelivery.roblox.com/v1/asset/?id=9552773366 is invalid, reason: HSR data is outdated. current version is 17, latest version is 18. 
2022-06-20T02:10:21.152Z,150.152618,0eb4,6 [FLog::Output] Hidden Surface Removal data for RightLowerLeg in Bluecross122521 https://assetdelivery.roblox.com/v1/asset/?id=9552773375 is invalid, reason: HSR data is outdated. current version is 17, latest version is 18. 
2022-06-20T02:10:21.152Z,150.152618,0eb4,6 [FLog::Output] Hidden Surface Removal data for RightLowerLeg in Bluecross122521 https://assetdelivery.roblox.com/v1/asset/?id=9552773375 is invalid, reason: HSR data is outdated. current version is 17, latest version is 18. 
2022-06-20T02:10:21.154Z,150.154602,0eb4,6 [FLog::Output] Hidden Surface Removal data for RightUpperLeg in Bluecross122521 https://assetdelivery.roblox.com/v1/asset/?id=9552773376 is invalid, reason: HSR data is outdated. current version is 17, latest version is 18. 
2022-06-20T02:10:21.154Z,150.154602,0eb4,6 [FLog::Output] Hidden Surface Removal data for RightUpperLeg in Bluecross122521 https://assetdelivery.roblox.com/v1/asset/?id=9552773376 is invalid, reason: HSR data is outdated. current version is 17, latest version is 18. 
2022-06-20T02:10:21.154Z,150.154602,0eb4,6 [FLog::Output] Hidden Surface Removal data for UpperTorso in Bluecross122521 https://assetdelivery.roblox.com/v1/asset/?id=9552773552 is invalid, reason: HSR data is outdated. current version is 17, latest version is 18. 
2022-06-20T02:10:21.154Z,150.154602,0eb4,6 [FLog::Output] Hidden Surface Removal data for UpperTorso in Bluecross122521 https://assetdelivery.roblox.com/v1/asset/?id=9552773552 is invalid, reason: HSR data is outdated. current version is 17, latest version is 18. 
2022-06-20T02:10:21.154Z,150.154602,0eb4,6 [FLog::Output] Hidden Surface Removal data for LeftHand in Bluecross122521 https://assetdelivery.roblox.com/v1/asset/?id=9552773493 is invalid, reason: HSR data is outdated. current version is 17, latest version is 18. 
2022-06-20T02:10:21.154Z,150.154602,0eb4,6 [FLog::Output] Hidden Surface Removal data for LeftHand in Bluecross122521 https://assetdelivery.roblox.com/v1/asset/?id=9552773493 is invalid, reason: HSR data is outdated. current version is 17, latest version is 18. 
2022-06-20T02:10:21.154Z,150.154602,0eb4,6 [FLog::Output] Hidden Surface Removal data for RightHand in Bluecross122521 https://assetdelivery.roblox.com/v1/asset/?id=9552773374 is invalid, reason: HSR data is outdated. current version is 17, latest version is 18. 
2022-06-20T02:10:21.154Z,150.154602,0eb4,6 [FLog::Output] Hidden Surface Removal data for RightHand in Bluecross122521 https://assetdelivery.roblox.com/v1/asset/?id=9552773374 is invalid, reason: HSR data is outdated. current version is 17, latest version is 18. 
2022-06-20T02:10:21.154Z,150.154602,0eb4,6 [FLog::Output] Hidden Surface Removal data for Handle https://assetdelivery.roblox.com/v1/asset/?id=6938205353 is invalid, reason: HSR data is outdated. current version is 16, latest version is 18. 
2022-06-20T02:10:21.156Z,150.156601,0eb4,6 [FLog::Output] Hidden Surface Removal data for Handle https://assetdelivery.roblox.com/v1/asset/?id=6938205353 is invalid, reason: HSR data is outdated. current version is 16, latest version is 18. 
2022-06-20T02:14:01.938Z,370.938049,0300,6 [FLog::Output] Hidden Surface Removal data for Head in Bluecross122521 https://assetdelivery.roblox.com/v1/asset/?id=7430070993 is invalid, reason: HSR data is outdated. current version is 17, latest version is 18. 
2022-06-20T02:14:01.940Z,370.940002,0300,6 [FLog::Output] Hidden Surface Removal data for Head in Bluecross122521 https://assetdelivery.roblox.com/v1/asset/?id=7430070993 is invalid, reason: HSR data is outdated. current version is 17, latest version is 18. 
2022-06-20T02:14:01.940Z,370.940002,0300,6 [FLog::Output] Hidden Surface Removal data for LeftLowerArm in Bluecross122521 https://assetdelivery.roblox.com/v1/asset/?id=9552773481 is invalid, reason: HSR data is outdated. current version is 17, latest version is 18. 
2022-06-20T02:14:01.940Z,370.940002,0300,6 [FLog::Output] Hidden Surface Removal data for LeftLowerArm in Bluecross122521 https://assetdelivery.roblox.com/v1/asset/?id=9552773481 is invalid, reason: HSR data is outdated. current version is 17, latest version is 18. 
2022-06-20T02:14:01.940Z,370.940002,0300,6 [FLog::Output] Hidden Surface Removal data for RightLowerArm in Bluecross122521 https://assetdelivery.roblox.com/v1/asset/?id=9552773482 is invalid, reason: HSR data is outdated. current version is 17, latest version is 18. 
2022-06-20T02:14:01.940Z,370.940002,0300,6 [FLog::Output] Hidden Surface Removal data for RightLowerArm in Bluecross122521 https://assetdelivery.roblox.com/v1/asset/?id=9552773482 is invalid, reason: HSR data is outdated. current version is 17, latest version is 18. 
2022-06-20T02:14:01.940Z,370.940002,0300,6 [FLog::Output] Hidden Surface Removal data for LeftUpperArm in Bluecross122521 https://assetdelivery.roblox.com/v1/asset/?id=9552773529 is invalid, reason: HSR data is outdated. current version is 17, latest version is 18. 
2022-06-20T02:14:01.940Z,370.940979,0300,6 [FLog::Output] Hidden Surface Removal data for LeftUpperArm in Bluecross122521 https://assetdelivery.roblox.com/v1/asset/?id=9552773529 is invalid, reason: HSR data is outdated. current version is 17, latest version is 18. 
2022-06-20T02:14:01.940Z,370.940979,0300,6 [FLog::Output] Hidden Surface Removal data for RightUpperArm in Bluecross122521 https://assetdelivery.roblox.com/v1/asset/?id=9552773480 is invalid, reason: HSR data is outdated. current version is 17, latest version is 18. 
2022-06-20T02:14:01.940Z,370.940979,0300,6 [FLog::Output] Hidden Surface Removal data for RightUpperArm in Bluecross122521 https://assetdelivery.roblox.com/v1/asset/?id=9552773480 is invalid, reason: HSR data is outdated. current version is 17, latest version is 18. 
2022-06-20T02:14:01.940Z,370.940979,0300,6 [FLog::Output] Hidden Surface Removal data for LowerTorso in Bluecross122521 https://assetdelivery.roblox.com/v1/asset/?id=9552773541 is invalid, reason: HSR data is outdated. current version is 17, latest version is 18. 
2022-06-20T02:14:01.940Z,370.940979,0300,6 [FLog::Output] Hidden Surface Removal data for LowerTorso in Bluecross122521 https://assetdelivery.roblox.com/v1/asset/?id=9552773541 is invalid, reason: HSR data is outdated. current version is 17, latest version is 18. 
2022-06-20T02:14:01.940Z,370.940979,0300,6 [FLog::Output] Hidden Surface Removal data for LeftLowerLeg in Bluecross122521 https://assetdelivery.roblox.com/v1/asset/?id=9552773368 is invalid, reason: HSR data is outdated. current version is 17, latest version is 18. 
2022-06-20T02:14:01.941Z,370.941956,0300,6 [FLog::Output] Hidden Surface Removal data for LeftLowerLeg in Bluecross122521 https://assetdelivery.roblox.com/v1/asset/?id=9552773368 is invalid, reason: HSR data is outdated. current version is 17, latest version is 18. 
2022-06-20T02:14:01.941Z,370.941956,0300,6 [FLog::Output] Hidden Surface Removal data for LeftUpperLeg in Bluecross122521 https://assetdelivery.roblox.com/v1/asset/?id=9552773367 is invalid, reason: HSR data is outdated. current version is 17, latest version is 18. 
2022-06-20T02:14:01.941Z,370.941956,0300,6 [FLog::Output] Hidden Surface Removal data for LeftUpperLeg in Bluecross122521 https://assetdelivery.roblox.com/v1/asset/?id=9552773367 is invalid, reason: HSR data is outdated. current version is 17, latest version is 18. 
2022-06-20T02:14:01.942Z,370.942963,0300,6 [FLog::Output] Hidden Surface Removal data for LeftFoot in Bluecross122521 https://assetdelivery.roblox.com/v1/asset/?id=9552773362 is invalid, reason: HSR data is outdated. current version is 17, latest version is 18. 
2022-06-20T02:14:01.942Z,370.942963,0300,6 [FLog::Output] Hidden Surface Removal data for LeftFoot in Bluecross122521 https://assetdelivery.roblox.com/v1/asset/?id=9552773362 is invalid, reason: HSR data is outdated. current version is 17, latest version is 18. 
2022-06-20T02:14:01.942Z,370.942963,0300,6 [FLog::Output] Hidden Surface Removal data for RightFoot in Bluecross122521 https://assetdelivery.roblox.com/v1/asset/?id=9552773366 is invalid, reason: HSR data is outdated. current version is 17, latest version is 18. 
2022-06-20T02:14:01.942Z,370.942963,0300,6 [FLog::Output] Hidden Surface Removal data for RightFoot in Bluecross122521 https://assetdelivery.roblox.com/v1/asset/?id=9552773366 is invalid, reason: HSR data is outdated. current version is 17, latest version is 18. 
2022-06-20T02:14:01.942Z,370.942963,0300,6 [FLog::Output] Hidden Surface Removal data for RightLowerLeg in Bluecross122521 https://assetdelivery.roblox.com/v1/asset/?id=9552773375 is invalid, reason: HSR data is outdated. current version is 17, latest version is 18. 
2022-06-20T02:14:01.942Z,370.942963,0300,6 [FLog::Output] Hidden Surface Removal data for RightLowerLeg in Bluecross122521 https://assetdelivery.roblox.com/v1/asset/?id=9552773375 is invalid, reason: HSR data is outdated. current version is 17, latest version is 18. 
2022-06-20T02:14:01.942Z,370.942963,0300,6 [FLog::Output] Hidden Surface Removal data for RightUpperLeg in Bluecross122521 https://assetdelivery.roblox.com/v1/asset/?id=9552773376 is invalid, reason: HSR data is outdated. current version is 17, latest version is 18. 
2022-06-20T02:14:01.943Z,370.943939,0300,6 [FLog::Output] Hidden Surface Removal data for RightUpperLeg in Bluecross122521 https://assetdelivery.roblox.com/v1/asset/?id=9552773376 is invalid, reason: HSR data is outdated. current version is 17, latest version is 18. 
2022-06-20T02:14:01.943Z,370.943939,0300,6 [FLog::Output] Hidden Surface Removal data for UpperTorso in Bluecross122521 https://assetdelivery.roblox.com/v1/asset/?id=9552773552 is invalid, reason: HSR data is outdated. current version is 17, latest version is 18. 
2022-06-20T02:14:01.943Z,370.943939,0300,6 [FLog::Output] Hidden Surface Removal data for UpperTorso in Bluecross122521 https://assetdelivery.roblox.com/v1/asset/?id=9552773552 is invalid, reason: HSR data is outdated. current version is 17, latest version is 18. 
2022-06-20T02:14:01.944Z,370.944916,0300,6 [FLog::Output] Hidden Surface Removal data for LeftHand in Bluecross122521 https://assetdelivery.roblox.com/v1/asset/?id=9552773493 is invalid, reason: HSR data is outdated. current version is 17, latest version is 18. 
2022-06-20T02:14:01.944Z,370.944916,0300,6 [FLog::Output] Hidden Surface Removal data for LeftHand in Bluecross122521 https://assetdelivery.roblox.com/v1/asset/?id=9552773493 is invalid, reason: HSR data is outdated. current version is 17, latest version is 18. 
2022-06-20T02:14:01.944Z,370.944916,0300,6 [FLog::Output] Hidden Surface Removal data for RightHand in Bluecross122521 https://assetdelivery.roblox.com/v1/asset/?id=9552773374 is invalid, reason: HSR data is outdated. current version is 17, latest version is 18. 
2022-06-20T02:14:01.944Z,370.944916,0300,6 [FLog::Output] Hidden Surface Removal data for RightHand in Bluecross122521 https://assetdelivery.roblox.com/v1/asset/?id=9552773374 is invalid, reason: HSR data is outdated. current version is 17, latest version is 18. 
2022-06-20T02:14:01.944Z,370.944916,0300,6 [FLog::Output] Hidden Surface Removal data for Handle https://assetdelivery.roblox.com/v1/asset/?id=6938205353 is invalid, reason: HSR data is outdated. current version is 16, latest version is 18. 
2022-06-20T02:14:01.944Z,370.944916,0300,6 [FLog::Output] Hidden Surface Removal data for Handle https://assetdelivery.roblox.com/v1/asset/?id=6938205353 is invalid, reason: HSR data is outdated. current version is 16, latest version is 18. 
2022-06-20T02:15:53.719Z,482.719910,0300,6 [FLog::Output] Hidden Surface Removal data for Head in lilaustinfrm926killu https://assetdelivery.roblox.com/v1/asset/?id=7430070993 is invalid, reason: HSR data is outdated. current version is 17, latest version is 18. 
2022-06-20T02:15:53.719Z,482.719910,0300,6 [FLog::Output] Hidden Surface Removal data for Head in lilaustinfrm926killu https://assetdelivery.roblox.com/v1/asset/?id=7430070993 is invalid, reason: HSR data is outdated. current version is 17, latest version is 18. 
2022-06-20T02:15:53.719Z,482.719910,0300,6 [FLog::Output] Hidden Surface Removal data for LeftLowerArm in lilaustinfrm926killu https://assetdelivery.roblox.com/v1/asset/?id=9552773481 is invalid, reason: HSR data is outdated. current version is 17, latest version is 18. 
2022-06-20T02:15:53.719Z,482.719910,0300,6 [FLog::Output] Hidden Surface Removal data for LeftLowerArm in lilaustinfrm926killu https://assetdelivery.roblox.com/v1/asset/?id=9552773481 is invalid, reason: HSR data is outdated. current version is 17, latest version is 18. 
2022-06-20T02:15:53.721Z,482.721924,0300,6 [FLog::Output] Hidden Surface Removal data for RightLowerArm in lilaustinfrm926killu https://assetdelivery.roblox.com/v1/asset/?id=9552773482 is invalid, reason: HSR data is outdated. current version is 17, latest version is 18. 
2022-06-20T02:15:53.721Z,482.721924,0300,6 [FLog::Output] Hidden Surface Removal data for RightLowerArm in lilaustinfrm926killu https://assetdelivery.roblox.com/v1/asset/?id=9552773482 is invalid, reason: HSR data is outdated. current version is 17, latest version is 18. 
2022-06-20T02:15:53.721Z,482.721924,0300,6 [FLog::Output] Hidden Surface Removal data for LeftUpperArm in lilaustinfrm926killu https://assetdelivery.roblox.com/v1/asset/?id=9552773529 is invalid, reason: HSR data is outdated. current version is 17, latest version is 18. 
2022-06-20T02:15:53.721Z,482.721924,0300,6 [FLog::Output] Hidden Surface Removal data for LeftUpperArm in lilaustinfrm926killu https://assetdelivery.roblox.com/v1/asset/?id=9552773529 is invalid, reason: HSR data is outdated. current version is 17, latest version is 18. 
2022-06-20T02:15:53.723Z,482.723938,0300,6 [FLog::Output] Hidden Surface Removal data for RightUpperArm in lilaustinfrm926killu https://assetdelivery.roblox.com/v1/asset/?id=9552773480 is invalid, reason: HSR data is outdated. current version is 17, latest version is 18. 
2022-06-20T02:15:53.723Z,482.723938,0300,6 [FLog::Output] Hidden Surface Removal data for RightUpperArm in lilaustinfrm926killu https://assetdelivery.roblox.com/v1/asset/?id=9552773480 is invalid, reason: HSR data is outdated. current version is 17, latest version is 18. 
2022-06-20T02:15:53.723Z,482.723938,0300,6 [FLog::Output] Hidden Surface Removal data for LowerTorso in lilaustinfrm926killu http://www.roblox.com/asset/?id=630077697 is invalid, reason: HSR data is outdated. current version is 16, latest version is 18. 
2022-06-20T02:15:53.723Z,482.723938,0300,6 [FLog::Output] Hidden Surface Removal data for LowerTorso in lilaustinfrm926killu http://www.roblox.com/asset/?id=630077697 is invalid, reason: HSR data is outdated. current version is 16, latest version is 18. 
2022-06-20T02:15:53.723Z,482.723938,0300,6 [FLog::Output] Hidden Surface Removal data for LeftLowerLeg in lilaustinfrm926killu https://assetdelivery.roblox.com/v1/asset/?id=9552773368 is invalid, reason: HSR data is outdated. current version is 17, latest version is 18. 
2022-06-20T02:15:53.723Z,482.723938,0300,6 [FLog::Output] Hidden Surface Removal data for LeftLowerLeg in lilaustinfrm926killu https://assetdelivery.roblox.com/v1/asset/?id=9552773368 is invalid, reason: HSR data is outdated. current version is 17, latest version is 18. 
2022-06-20T02:15:53.723Z,482.723938,0300,6 [FLog::Output] Hidden Surface Removal data for LeftUpperLeg in lilaustinfrm926killu https://assetdelivery.roblox.com/v1/asset/?id=9552773367 is invalid, reason: HSR data is outdated. current version is 17, latest version is 18. 
2022-06-20T02:15:53.723Z,482.723938,0300,6 [FLog::Output] Hidden Surface Removal data for LeftUpperLeg in lilaustinfrm926killu https://assetdelivery.roblox.com/v1/asset/?id=9552773367 is invalid, reason: HSR data is outdated. current version is 17, latest version is 18. 
2022-06-20T02:15:53.723Z,482.723938,0300,6 [FLog::Output] Hidden Surface Removal data for LeftFoot in lilaustinfrm926killu https://assetdelivery.roblox.com/v1/asset/?id=9552773362 is invalid, reason: HSR data is outdated. current version is 17, latest version is 18. 
2022-06-20T02:15:53.724Z,482.724945,0300,6 [FLog::Output] Hidden Surface Removal data for LeftFoot in lilaustinfrm926killu https://assetdelivery.roblox.com/v1/asset/?id=9552773362 is invalid, reason: HSR data is outdated. current version is 17, latest version is 18. 
2022-06-20T02:15:53.724Z,482.724945,0300,6 [FLog::Output] Hidden Surface Removal data for RightFoot in lilaustinfrm926killu https://assetdelivery.roblox.com/v1/asset/?id=9552773366 is invalid, reason: HSR data is outdated. current version is 17, latest version is 18. 
2022-06-20T02:15:53.724Z,482.724945,0300,6 [FLog::Output] Hidden Surface Removal data for RightFoot in lilaustinfrm926killu https://assetdelivery.roblox.com/v1/asset/?id=9552773366 is invalid, reason: HSR data is outdated. current version is 17, latest version is 18. 
2022-06-20T02:15:53.724Z,482.724945,0300,6 [FLog::Output] Hidden Surface Removal data for RightLowerLeg in lilaustinfrm926killu https://assetdelivery.roblox.com/v1/asset/?id=9552773375 is invalid, reason: HSR data is outdated. current version is 17, latest version is 18. 
2022-06-20T02:15:53.724Z,482.724945,0300,6 [FLog::Output] Hidden Surface Removal data for RightLowerLeg in lilaustinfrm926killu https://assetdelivery.roblox.com/v1/asset/?id=9552773375 is invalid, reason: HSR data is outdated. current version is 17, latest version is 18. 
2022-06-20T02:15:53.724Z,482.724945,0300,6 [FLog::Output] Hidden Surface Removal data for RightUpperLeg in lilaustinfrm926killu https://assetdelivery.roblox.com/v1/asset/?id=9552773376 is invalid, reason: HSR data is outdated. current version is 17, latest version is 18. 
2022-06-20T02:15:53.724Z,482.724945,0300,6 [FLog::Output] Hidden Surface Removal data for RightUpperLeg in lilaustinfrm926killu https://assetdelivery.roblox.com/v1/asset/?id=9552773376 is invalid, reason: HSR data is outdated. current version is 17, latest version is 18. 
2022-06-20T02:15:53.725Z,482.725952,0300,6 [FLog::Output] Hidden Surface Removal data for UpperTorso in lilaustinfrm926killu http://www.roblox.com/asset/?id=630077659 is invalid, reason: HSR data is outdated. current version is 16, latest version is 18. 
2022-06-20T02:15:53.725Z,482.725952,0300,6 [FLog::Output] Hidden Surface Removal data for UpperTorso in lilaustinfrm926killu http://www.roblox.com/asset/?id=630077659 is invalid, reason: HSR data is outdated. current version is 16, latest version is 18. 
2022-06-20T02:15:53.725Z,482.725952,0300,6 [FLog::Output] Hidden Surface Removal data for LeftHand in lilaustinfrm926killu https://assetdelivery.roblox.com/v1/asset/?id=9552773493 is invalid, reason: HSR data is outdated. current version is 17, latest version is 18. 
2022-06-20T02:15:53.725Z,482.725952,0300,6 [FLog::Output] Hidden Surface Removal data for LeftHand in lilaustinfrm926killu https://assetdelivery.roblox.com/v1/asset/?id=9552773493 is invalid, reason: HSR data is outdated. current version is 17, latest version is 18. 
2022-06-20T02:15:53.725Z,482.725952,0300,6 [FLog::Output] Hidden Surface Removal data for RightHand in lilaustinfrm926killu https://assetdelivery.roblox.com/v1/asset/?id=9552773374 is invalid, reason: HSR data is outdated. current version is 17, latest version is 18. 
2022-06-20T02:15:53.725Z,482.725952,0300,6 [FLog::Output] Hidden Surface Removal data for RightHand in lilaustinfrm926killu https://assetdelivery.roblox.com/v1/asset/?id=9552773374 is invalid, reason: HSR data is outdated. current version is 17, latest version is 18. 
2022-06-20T02:15:53.726Z,482.726959,0300,6 [FLog::Output] Hidden Surface Removal data for Handle https://assetdelivery.roblox.com/v1/asset/?id=9111790145 is invalid, reason: HSR data is outdated. current version is 16, latest version is 18. 
2022-06-20T02:15:53.726Z,482.726959,0300,6 [FLog::Output] Hidden Surface Removal data for Handle https://assetdelivery.roblox.com/v1/asset/?id=9111790145 is invalid, reason: HSR data is outdated. current version is 16, latest version is 18. 
2022-06-20T02:15:53.726Z,482.726959,0300,6 [FLog::Output] Hidden Surface Removal data for Handle https://assetdelivery.roblox.com/v1/asset/?id=8861766183 is invalid, reason: HSR data is outdated. current version is 16, latest version is 18. 
2022-06-20T02:15:53.726Z,482.726959,0300,6 [FLog::Output] Hidden Surface Removal data for Handle https://assetdelivery.roblox.com/v1/asset/?id=8861766183 is invalid, reason: HSR data is outdated. current version is 16, latest version is 18. 
2022-06-20T02:16:00.323Z,489.323151,0300,6 [FLog::Output] Hidden Surface Removal data for Part in lilaustinfrm926killu https://assetdelivery.roblox.com/v1/asset/?id=7430070993 is invalid, reason: HSR data is outdated. current version is 17, latest version is 18. 
2022-06-20T02:16:00.323Z,489.323151,0300,6 [FLog::Output] Hidden Surface Removal data for Part in lilaustinfrm926killu https://assetdelivery.roblox.com/v1/asset/?id=7430070993 is invalid, reason: HSR data is outdated. current version is 17, latest version is 18. 
2022-06-20T02:16:00.323Z,489.323151,0300,6 [FLog::Output] Hidden Surface Removal data for Part in lilaustinfrm926killu https://assetdelivery.roblox.com/v1/asset/?id=9552773481 is invalid, reason: HSR data is outdated. current version is 17, latest version is 18. 
2022-06-20T02:16:00.323Z,489.323151,0300,6 [FLog::Output] Hidden Surface Removal data for Part in lilaustinfrm926killu https://assetdelivery.roblox.com/v1/asset/?id=9552773481 is invalid, reason: HSR data is outdated. current version is 17, latest version is 18. 
2022-06-20T02:16:00.323Z,489.323151,0300,6 [FLog::Output] Hidden Surface Removal data for Part in lilaustinfrm926killu https://assetdelivery.roblox.com/v1/asset/?id=9552773482 is invalid, reason: HSR data is outdated. current version is 17, latest version is 18. 
2022-06-20T02:16:00.323Z,489.323151,0300,6 [FLog::Output] Hidden Surface Removal data for Part in lilaustinfrm926killu https://assetdelivery.roblox.com/v1/asset/?id=9552773482 is invalid, reason: HSR data is outdated. current version is 17, latest version is 18. 
2022-06-20T02:16:00.323Z,489.323151,0300,6 [FLog::Output] Hidden Surface Removal data for Part in lilaustinfrm926killu https://assetdelivery.roblox.com/v1/asset/?id=9552773529 is invalid, reason: HSR data is outdated. current version is 17, latest version is 18. 
2022-06-20T02:16:00.323Z,489.323151,0300,6 [FLog::Output] Hidden Surface Removal data for Part in lilaustinfrm926killu https://assetdelivery.roblox.com/v1/asset/?id=9552773529 is invalid, reason: HSR data is outdated. current version is 17, latest version is 18. 
2022-06-20T02:16:00.323Z,489.323151,0300,6 [FLog::Output] Hidden Surface Removal data for Part in lilaustinfrm926killu https://assetdelivery.roblox.com/v1/asset/?id=9552773480 is invalid, reason: HSR data is outdated. current version is 17, latest version is 18. 
2022-06-20T02:16:00.325Z,489.325134,0300,6 [FLog::Output] Hidden Surface Removal data for Part in lilaustinfrm926killu https://assetdelivery.roblox.com/v1/asset/?id=9552773480 is invalid, reason: HSR data is outdated. current version is 17, latest version is 18. 
2022-06-20T02:16:00.325Z,489.325134,0300,6 [FLog::Output] Hidden Surface Removal data for Part in lilaustinfrm926killu http://www.roblox.com/asset/?id=630077697 is invalid, reason: HSR data is outdated. current version is 16, latest version is 18. 
2022-06-20T02:16:00.325Z,489.325134,0300,6 [FLog::Output] Hidden Surface Removal data for Part in lilaustinfrm926killu http://www.roblox.com/asset/?id=630077697 is invalid, reason: HSR data is outdated. current version is 16, latest version is 18. 
2022-06-20T02:16:00.325Z,489.325134,0300,6 [FLog::Output] Hidden Surface Removal data for Part in lilaustinfrm926killu https://assetdelivery.roblox.com/v1/asset/?id=9552773368 is invalid, reason: HSR data is outdated. current version is 17, latest version is 18. 
2022-06-20T02:16:00.325Z,489.325134,0300,6 [FLog::Output] Hidden Surface Removal data for Part in lilaustinfrm926killu https://assetdelivery.roblox.com/v1/asset/?id=9552773368 is invalid, reason: HSR data is outdated. current version is 17, latest version is 18. 
2022-06-20T02:16:00.325Z,489.325134,0300,6 [FLog::Output] Hidden Surface Removal data for Part in lilaustinfrm926killu https://assetdelivery.roblox.com/v1/asset/?id=9552773367 is invalid, reason: HSR data is outdated. current version is 17, latest version is 18. 
2022-06-20T02:16:00.325Z,489.325134,0300,6 [FLog::Output] Hidden Surface Removal data for Part in lilaustinfrm926killu https://assetdelivery.roblox.com/v1/asset/?id=9552773367 is invalid, reason: HSR data is outdated. current version is 17, latest version is 18. 
2022-06-20T02:16:00.325Z,489.325134,0300,6 [FLog::Output] Hidden Surface Removal data for Part in lilaustinfrm926killu https://assetdelivery.roblox.com/v1/asset/?id=9552773362 is invalid, reason: HSR data is outdated. current version is 17, latest version is 18. 
2022-06-20T02:16:00.325Z,489.325134,0300,6 [FLog::Output] Hidden Surface Removal data for Part in lilaustinfrm926killu https://assetdelivery.roblox.com/v1/asset/?id=9552773362 is invalid, reason: HSR data is outdated. current version is 17, latest version is 18. 
2022-06-20T02:16:00.325Z,489.325134,0300,6 [FLog::Output] Hidden Surface Removal data for Part in lilaustinfrm926killu https://assetdelivery.roblox.com/v1/asset/?id=9552773366 is invalid, reason: HSR data is outdated. current version is 17, latest version is 18. 
2022-06-20T02:16:00.325Z,489.325134,0300,6 [FLog::Output] Hidden Surface Removal data for Part in lilaustinfrm926killu https://assetdelivery.roblox.com/v1/asset/?id=9552773366 is invalid, reason: HSR data is outdated. current version is 17, latest version is 18. 
2022-06-20T02:16:00.325Z,489.325134,0300,6 [FLog::Output] Hidden Surface Removal data for Part in lilaustinfrm926killu https://assetdelivery.roblox.com/v1/asset/?id=9552773375 is invalid, reason: HSR data is outdated. current version is 17, latest version is 18. 
2022-06-20T02:16:00.325Z,489.325134,0300,6 [FLog::Output] Hidden Surface Removal data for Part in lilaustinfrm926killu https://assetdelivery.roblox.com/v1/asset/?id=9552773375 is invalid, reason: HSR data is outdated. current version is 17, latest version is 18. 
2022-06-20T02:16:00.325Z,489.325134,0300,6 [FLog::Output] Hidden Surface Removal data for Part in lilaustinfrm926killu https://assetdelivery.roblox.com/v1/asset/?id=9552773376 is invalid, reason: HSR data is outdated. current version is 17, latest version is 18. 
2022-06-20T02:16:00.325Z,489.325134,0300,6 [FLog::Output] Hidden Surface Removal data for Part in lilaustinfrm926killu https://assetdelivery.roblox.com/v1/asset/?id=9552773376 is invalid, reason: HSR data is outdated. current version is 17, latest version is 18. 
2022-06-20T02:16:00.325Z,489.325134,0300,6 [FLog::Output] Hidden Surface Removal data for Part in lilaustinfrm926killu http://www.roblox.com/asset/?id=630077659 is invalid, reason: HSR data is outdated. current version is 16, latest version is 18. 
2022-06-20T02:16:00.327Z,489.327087,0300,6 [FLog::Output] Hidden Surface Removal data for Part in lilaustinfrm926killu http://www.roblox.com/asset/?id=630077659 is invalid, reason: HSR data is outdated. current version is 16, latest version is 18. 
2022-06-20T02:16:00.327Z,489.327087,0300,6 [FLog::Output] Hidden Surface Removal data for Handle https://assetdelivery.roblox.com/v1/asset/?id=8861766183 is invalid, reason: HSR data is outdated. current version is 16, latest version is 18. 
2022-06-20T02:16:00.327Z,489.327087,0300,6 [FLog::Output] Hidden Surface Removal data for Handle https://assetdelivery.roblox.com/v1/asset/?id=8861766183 is invalid, reason: HSR data is outdated. current version is 16, latest version is 18. 
2022-06-20T02:16:00.327Z,489.327087,0300,6 [FLog::Output] Hidden Surface Removal data for Handle https://assetdelivery.roblox.com/v1/asset/?id=9111790145 is invalid, reason: HSR data is outdated. current version is 16, latest version is 18. 
2022-06-20T02:16:00.327Z,489.327087,0300,6 [FLog::Output] Hidden Surface Removal data for Handle https://assetdelivery.roblox.com/v1/asset/?id=9111790145 is invalid, reason: HSR data is outdated. current version is 16, latest version is 18. 
2022-06-20T02:16:00.327Z,489.327087,0300,6 [FLog::Output] Hidden Surface Removal data for Part in lilaustinfrm926killu https://assetdelivery.roblox.com/v1/asset/?id=9552773493 is invalid, reason: HSR data is outdated. current version is 17, latest version is 18. 
2022-06-20T02:16:00.327Z,489.327087,0300,6 [FLog::Output] Hidden Surface Removal data for Part in lilaustinfrm926killu https://assetdelivery.roblox.com/v1/asset/?id=9552773493 is invalid, reason: HSR data is outdated. current version is 17, latest version is 18. 
2022-06-20T02:16:00.329Z,489.329071,0300,6 [FLog::Output] Hidden Surface Removal data for Part in lilaustinfrm926killu https://assetdelivery.roblox.com/v1/asset/?id=9552773374 is invalid, reason: HSR data is outdated. current version is 17, latest version is 18. 
2022-06-20T02:16:00.329Z,489.329071,0300,6 [FLog::Output] Hidden Surface Removal data for Part in lilaustinfrm926killu https://assetdelivery.roblox.com/v1/asset/?id=9552773374 is invalid, reason: HSR data is outdated. current version is 17, latest version is 18. 
2022-06-20T02:16:01.508Z,490.508148,0300,6 [FLog::Error] Error: HumanoidRootPart is not a valid member of Model "Workspace.ftcsvisgreat"
    Stack Begin
    Script 'Players.ftcsvisgreat.PlayerGui.tutorial.Tutorial Runner', Line 82 - function getEmptyTycoon
    Script 'Players.ftcsvisgreat.PlayerGui.tutorial.Tutorial Runner', Line 106
    Stack End
2022-06-20T02:16:05.452Z,494.452637,0eb4,6 [FLog::Output] Hidden Surface Removal data for Head in lilaustinfrm926killu https://assetdelivery.roblox.com/v1/asset/?id=7430070993 is invalid, reason: HSR data is outdated. current version is 17, latest version is 18. 
2022-06-20T02:16:05.452Z,494.452637,0eb4,6 [FLog::Output] Hidden Surface Removal data for Head in lilaustinfrm926killu https://assetdelivery.roblox.com/v1/asset/?id=7430070993 is invalid, reason: HSR data is outdated. current version is 17, latest version is 18. 
2022-06-20T02:16:05.452Z,494.452637,0eb4,6 [FLog::Output] Hidden Surface Removal data for LeftLowerArm in lilaustinfrm926killu https://assetdelivery.roblox.com/v1/asset/?id=9552773481 is invalid, reason: HSR data is outdated. current version is 17, latest version is 18. 
2022-06-20T02:16:05.452Z,494.452637,0eb4,6 [FLog::Output] Hidden Surface Removal data for LeftLowerArm in lilaustinfrm926killu https://assetdelivery.roblox.com/v1/asset/?id=9552773481 is invalid, reason: HSR data is outdated. current version is 17, latest version is 18. 
2022-06-20T02:16:05.452Z,494.452637,0eb4,6 [FLog::Output] Hidden Surface Removal data for RightLowerArm in lilaustinfrm926killu https://assetdelivery.roblox.com/v1/asset/?id=9552773482 is invalid, reason: HSR data is outdated. current version is 17, latest version is 18. 
2022-06-20T02:16:05.453Z,494.453613,0eb4,6 [FLog::Output] Hidden Surface Removal data for RightLowerArm in lilaustinfrm926killu https://assetdelivery.roblox.com/v1/asset/?id=9552773482 is invalid, reason: HSR data is outdated. current version is 17, latest version is 18. 
2022-06-20T02:16:05.454Z,494.454559,0eb4,6 [FLog::Output] Hidden Surface Removal data for LeftUpperArm in lilaustinfrm926killu https://assetdelivery.roblox.com/v1/asset/?id=9552773529 is invalid, reason: HSR data is outdated. current version is 17, latest version is 18. 
2022-06-20T02:16:05.454Z,494.454559,0eb4,6 [FLog::Output] Hidden Surface Removal data for LeftUpperArm in lilaustinfrm926killu https://assetdelivery.roblox.com/v1/asset/?id=9552773529 is invalid, reason: HSR data is outdated. current version is 17, latest version is 18. 
2022-06-20T02:16:05.454Z,494.454559,0eb4,6 [FLog::Output] Hidden Surface Removal data for RightUpperArm in lilaustinfrm926killu https://assetdelivery.roblox.com/v1/asset/?id=9552773480 is invalid, reason: HSR data is outdated. current version is 17, latest version is 18. 
2022-06-20T02:16:05.454Z,494.454559,0eb4,6 [FLog::Output] Hidden Surface Removal data for RightUpperArm in lilaustinfrm926killu https://assetdelivery.roblox.com/v1/asset/?id=9552773480 is invalid, reason: HSR data is outdated. current version is 17, latest version is 18. 
2022-06-20T02:16:05.454Z,494.454559,0eb4,6 [FLog::Output] Hidden Surface Removal data for LowerTorso in lilaustinfrm926killu http://www.roblox.com/asset/?id=630077697 is invalid, reason: HSR data is outdated. current version is 16, latest version is 18. 
2022-06-20T02:16:05.455Z,494.455536,0eb4,6 [FLog::Output] Hidden Surface Removal data for LowerTorso in lilaustinfrm926killu http://www.roblox.com/asset/?id=630077697 is invalid, reason: HSR data is outdated. current version is 16, latest version is 18. 
2022-06-20T02:16:05.455Z,494.455536,0eb4,6 [FLog::Output] Hidden Surface Removal data for LeftLowerLeg in lilaustinfrm926killu https://assetdelivery.roblox.com/v1/asset/?id=9552773368 is invalid, reason: HSR data is outdated. current version is 17, latest version is 18. 
2022-06-20T02:16:05.455Z,494.455536,0eb4,6 [FLog::Output] Hidden Surface Removal data for LeftLowerLeg in lilaustinfrm926killu https://assetdelivery.roblox.com/v1/asset/?id=9552773368 is invalid, reason: HSR data is outdated. current version is 17, latest version is 18. 
2022-06-20T02:16:05.456Z,494.456482,0eb4,6 [FLog::Output] Hidden Surface Removal data for LeftUpperLeg in lilaustinfrm926killu https://assetdelivery.roblox.com/v1/asset/?id=9552773367 is invalid, reason: HSR data is outdated. current version is 17, latest version is 18. 
2022-06-20T02:16:05.456Z,494.456482,0eb4,6 [FLog::Output] Hidden Surface Removal data for LeftUpperLeg in lilaustinfrm926killu https://assetdelivery.roblox.com/v1/asset/?id=9552773367 is invalid, reason: HSR data is outdated. current version is 17, latest version is 18. 
2022-06-20T02:16:05.456Z,494.456482,0eb4,6 [FLog::Output] Hidden Surface Removal data for LeftFoot in lilaustinfrm926killu https://assetdelivery.roblox.com/v1/asset/?id=9552773362 is invalid, reason: HSR data is outdated. current version is 17, latest version is 18. 
2022-06-20T02:16:05.456Z,494.456482,0eb4,6 [FLog::Output] Hidden Surface Removal data for LeftFoot in lilaustinfrm926killu https://assetdelivery.roblox.com/v1/asset/?id=9552773362 is invalid, reason: HSR data is outdated. current version is 17, latest version is 18. 
2022-06-20T02:16:05.456Z,494.456482,0eb4,6 [FLog::Output] Hidden Surface Removal data for RightFoot in lilaustinfrm926killu https://assetdelivery.roblox.com/v1/asset/?id=9552773366 is invalid, reason: HSR data is outdated. current version is 17, latest version is 18. 
2022-06-20T02:16:05.456Z,494.456482,0eb4,6 [FLog::Output] Hidden Surface Removal data for RightFoot in lilaustinfrm926killu https://assetdelivery.roblox.com/v1/asset/?id=9552773366 is invalid, reason: HSR data is outdated. current version is 17, latest version is 18. 
2022-06-20T02:16:05.456Z,494.456482,0eb4,6 [FLog::Output] Hidden Surface Removal data for RightLowerLeg in lilaustinfrm926killu https://assetdelivery.roblox.com/v1/asset/?id=9552773375 is invalid, reason: HSR data is outdated. current version is 17, latest version is 18. 
2022-06-20T02:16:05.457Z,494.457458,0eb4,6 [FLog::Output] Hidden Surface Removal data for RightLowerLeg in lilaustinfrm926killu https://assetdelivery.roblox.com/v1/asset/?id=9552773375 is invalid, reason: HSR data is outdated. current version is 17, latest version is 18. 
2022-06-20T02:16:05.457Z,494.457458,0eb4,6 [FLog::Output] Hidden Surface Removal data for RightUpperLeg in lilaustinfrm926killu https://assetdelivery.roblox.com/v1/asset/?id=9552773376 is invalid, reason: HSR data is outdated. current version is 17, latest version is 18. 
2022-06-20T02:16:05.457Z,494.457458,0eb4,6 [FLog::Output] Hidden Surface Removal data for RightUpperLeg in lilaustinfrm926killu https://assetdelivery.roblox.com/v1/asset/?id=9552773376 is invalid, reason: HSR data is outdated. current version is 17, latest version is 18. 
2022-06-20T02:16:05.457Z,494.457458,0eb4,6 [FLog::Output] Hidden Surface Removal data for UpperTorso in lilaustinfrm926killu http://www.roblox.com/asset/?id=630077659 is invalid, reason: HSR data is outdated. current version is 16, latest version is 18. 
2022-06-20T02:16:05.458Z,494.458405,0eb4,6 [FLog::Output] Hidden Surface Removal data for UpperTorso in lilaustinfrm926killu http://www.roblox.com/asset/?id=630077659 is invalid, reason: HSR data is outdated. current version is 16, latest version is 18. 
2022-06-20T02:16:05.460Z,494.460327,0eb4,6 [FLog::Output] Hidden Surface Removal data for LeftHand in lilaustinfrm926killu https://assetdelivery.roblox.com/v1/asset/?id=9552773493 is invalid, reason: HSR data is outdated. current version is 17, latest version is 18. 
2022-06-20T02:16:05.460Z,494.460327,0eb4,6 [FLog::Output] Hidden Surface Removal data for LeftHand in lilaustinfrm926killu https://assetdelivery.roblox.com/v1/asset/?id=9552773493 is invalid, reason: HSR data is outdated. current version is 17, latest version is 18. 
2022-06-20T02:16:05.460Z,494.460327,0eb4,6 [FLog::Output] Hidden Surface Removal data for RightHand in lilaustinfrm926killu https://assetdelivery.roblox.com/v1/asset/?id=9552773374 is invalid, reason: HSR data is outdated. current version is 17, latest version is 18. 
2022-06-20T02:16:05.460Z,494.460327,0eb4,6 [FLog::Output] Hidden Surface Removal data for RightHand in lilaustinfrm926killu https://assetdelivery.roblox.com/v1/asset/?id=9552773374 is invalid, reason: HSR data is outdated. current version is 17, latest version is 18. 
2022-06-20T02:16:05.460Z,494.460327,0eb4,6 [FLog::Output] Hidden Surface Removal data for Handle https://assetdelivery.roblox.com/v1/asset/?id=9111790145 is invalid, reason: HSR data is outdated. current version is 16, latest version is 18. 
2022-06-20T02:16:05.460Z,494.460327,0eb4,6 [FLog::Output] Hidden Surface Removal data for Handle https://assetdelivery.roblox.com/v1/asset/?id=9111790145 is invalid, reason: HSR data is outdated. current version is 16, latest version is 18. 
2022-06-20T02:16:05.462Z,494.462250,0eb4,6 [FLog::Output] Hidden Surface Removal data for Handle https://assetdelivery.roblox.com/v1/asset/?id=8861766183 is invalid, reason: HSR data is outdated. current version is 16, latest version is 18. 
2022-06-20T02:16:05.462Z,494.462250,0eb4,6 [FLog::Output] Hidden Surface Removal data for Handle https://assetdelivery.roblox.com/v1/asset/?id=8861766183 is invalid, reason: HSR data is outdated. current version is 16, latest version is 18. 
2022-06-20T02:19:37.078Z,706.078430,0300,6 [FLog::Error] Error: HumanoidRootPart is not a valid member of Model "Workspace.ftcsvisgreat"
    Stack Begin
    Script 'Players.ftcsvisgreat.PlayerGui.tutorial.Tutorial Runner', Line 82 - function getEmptyTycoon
    Script 'Players.ftcsvisgreat.PlayerGui.tutorial.Tutorial Runner', Line 106
    Stack End
2022-06-20T02:23:09.478Z,918.478088,1140,6 [FLog::Graphics] Setting screen DPI scale to 0.00 (was 1.00)
2022-06-20T02:23:10.082Z,919.082336,1140,6 [FLog::Error] signalr: new state: 0, message: stop was called
2022-06-20T02:23:10.084Z,919.084351,1140,6 [DFLog::PerfHistogram] Performance histogram MutexContentionWait
2022-06-20T02:23:10.084Z,919.084351,1140,6 [DFLog::PerfHistogram]   <1     us : 2178
2022-06-20T02:23:10.084Z,919.084351,1140,6 [DFLog::PerfHistogram]   <3     us : 0
2022-06-20T02:23:10.084Z,919.084351,1140,6 [DFLog::PerfHistogram]   <9     us : 0
2022-06-20T02:23:10.084Z,919.084351,1140,6 [DFLog::PerfHistogram]   <27    us : 0
2022-06-20T02:23:10.086Z,919.086365,1140,6 [DFLog::PerfHistogram]   <81    us : 0
2022-06-20T02:23:10.086Z,919.086365,1140,6 [DFLog::PerfHistogram]   <243   us : 0
2022-06-20T02:23:10.086Z,919.086365,1140,6 [DFLog::PerfHistogram]   <729   us : 0
2022-06-20T02:23:10.086Z,919.086365,1140,6 [DFLog::PerfHistogram]   <2187  us : 0
2022-06-20T02:23:10.086Z,919.086365,1140,6 [DFLog::PerfHistogram]   <6561  us : 0
2022-06-20T02:23:10.086Z,919.086365,1140,6 [DFLog::PerfHistogram]  (larger)   : 0
2022-06-20T02:23:10.210Z,919.210938,1140,7 [FLog::Network] Client:Disconnect
2022-06-20T02:23:10.211Z,919.211914,1140,7 [DFLog::MegaReplicatorLogDisconnectCleanUpLog] MRD cleanup WorkerCount available: 2, for MRD table size: 22770
2022-06-20T02:23:10.216Z,919.216858,1140,7 [FLog::Network] Time to disconnect replication data: 6.338300
2022-06-20T02:23:11.097Z,920.097717,1140,7 [FLog::Network] Sending disconnect with reason: 285
2022-06-20T02:23:11.165Z,920.165222,1e1c,7 [FLog::Network] Connection lost
2022-06-20T02:23:11.165Z,920.165222,1e1c,7 [FLog::Network] Connection lost: connectMode: Disconnect ASAP, timeMS:920166, connectionTime 6177
2022-06-20T02:23:11.165Z,920.165222,1e1c,7 [FLog::Network] Connection lost: AckTimeout 0, IsOutgoingDataWaiting 0
2022-06-20T02:23:11.165Z,920.165222,1e1c,7 [FLog::Network] Disconnection Notification. Reason: 285
2022-06-20T02:23:11.449Z,920.449646,1140,6 [FLog::Output] OnDisconnect http req time:351.94ms
2022-06-20T02:23:11.451Z,920.451660,1140,7 [FLog::Network] Replicator destroyed: 1893F7B8
2022-06-20T02:23:11.452Z,920.452637,1140,7 [FLog::Network] Sending disconnect with reason: 285
2022-06-20T02:23:14.751Z,923.751099,1140,7 [FLog::Network] Client:Disconnect
2022-06-20T02:23:15.197Z,924.197021,1140,6 [FLog::Output] Closing Fmod (as 113, ml 0, sl 0).
2022-06-20T02:23:15.913Z,924.913818,1140,6 [FLog::Output] Fmod Closed.
2022-06-20T02:23:15.919Z,924.919800,1140,7 [FLog::Network] NetworkClient:Remove
2022-06-20T02:23:15.919Z,924.919800,1140,7 [DFLog::MegaReplicatorLogDisconnectCleanUpLog] Destroying MegaReplicator.
2022-06-20T02:23:18.740Z,927.740051,1140,12 [DFLog::HttpTraceError] HttpResponse(#1281 295E4F10) time:147.9ms (net:147.8ms callback:0.0ms timeInRetryQueue:0.0ms) error:9 message:HttpError: Aborted url:"https://client-telemetry.roblox.com" ip: external:0 numberOfTimesRetried:0
