2022-06-20T02:50:49.109Z,0.109601,1d10,6 [FLog::Output] RobloxGitHash: 4d6c4589e833eb28bf4e444d7eea6ce3f388fc88
2022-06-20T02:50:49.111Z,0.111601,1d10,6 [FLog::Output] The channel is production
2022-06-20T02:50:49.339Z,0.339514,1d10,6 [FLog::Error] Test log: Map check complete and successful!
2022-06-20T02:50:49.339Z,0.339514,1d10,6 [FLog::Error] Dynamic initializer test result: SUCCESS
2022-06-20T02:50:49.339Z,0.339514,1d10,6 [FLog::Output] TaskSchedulerMk2::applyAsyncTaskThreadCount( 3 ) <req: 0 active: 0>
2022-06-20T02:50:49.343Z,0.343536,1d10,6 [FLog::Output] TaskSchedulerMk2::applyAsyncTaskThreadCount( 3 ) <req: 3 active: 3>
2022-06-20T02:50:49.400Z,0.400468,1d10,6 [FLog::Output] Loading AppSettings.xml from C:\Users\adminbot6000\AppData\Local\Roblox\Versions\version-fb795406f04b4467\AppSettings.xml
2022-06-20T02:50:49.402Z,0.402472,1d10,6 [FLog::Output] setAssetFolder content
2022-06-20T02:50:49.404Z,0.404477,1d10,6 [FLog::Output] setExtraAssetFolder C:/Users\adminbot6000\AppData\Local\Roblox\Versions\version-fb795406f04b4467\ExtraContent
2022-06-20T02:50:49.855Z,0.855598,1d10,6 [FLog::Output] CrashReporter Start
2022-06-20T02:50:49.855Z,0.855598,1d10,6 [FLog::Output] The crash upload percentage is 10
2022-06-20T02:50:49.855Z,0.855598,1d10,6 [FLog::Output] Authentication request URL: https://auth.roblox.com/v1/authentication-ticket/redeem ticket: NNL2HWbMJsL5G-5IbNWJI8mrkTKf72LLStjZVNIk4fvbkCCX4yHMzMxGU4ktfTUTELeYBPwBanS30mpui3i8FGlA8O_jiX-xw6odmy2gprgFFTpcyV55a5Da_HLMkY1z-YtvbFAPeOfPECZkEDmdkWFqGMNTMbkzAd_R2Sg4l4r8BTCTxG38JSxR1pByUNafd0QCgDtOWkSDo_C7-8vPwLVAbCjEMDRxaTHyfjunHm8
2022-06-20T02:50:49.868Z,0.868609,0e74,6 [FLog::Output] WatcherThread Started
2022-06-20T02:50:51.317Z,2.317891,1d10,6 [FLog::Error] Error: Important !Loading shader files
2022-06-20T02:50:51.318Z,2.318900,1d10,6 [FLog::Output] TaskSchedulerMk2::applyAsyncTaskThreadCount( 3 ) <req: 3 active: 3>
2022-06-20T02:50:51.319Z,2.319910,1d10,6 [FLog::Output] Info: Initializing new game
2022-06-20T02:50:51.341Z,2.341105,1d10,6 [FLog::Output] account = UA-43420590-14, schedule = 500
2022-06-20T02:50:51.341Z,2.341105,1d10,6 [FLog::Output] TaskSchedulerMk2::applyAsyncTaskThreadCount( 3 ) <req: 3 active: 3>
2022-06-20T02:50:51.736Z,2.736661,1d10,6 [FLog::Output] Hello Avatars!
2022-06-20T02:50:51.737Z,2.737664,1d10,6 [FLog::Output] Hello! <Tap tap> Is this thing on?
2022-06-20T02:50:51.737Z,2.737664,1d10,6 [FLog::Output] Hello World will suffice.
2022-06-20T02:50:51.737Z,2.737664,1d10,6 [FLog::Output] Hello from a lush garden!
2022-06-20T02:50:51.737Z,2.737664,1d10,6 [FLog::Output] Hello! Happy to meet you.
2022-06-20T02:50:51.737Z,2.737664,1d10,6 [FLog::Output] Hello Cool Kids!
2022-06-20T02:50:51.737Z,2.737664,1d10,6 [FLog::Output] Hello! Let's hope this works.
2022-06-20T02:50:51.737Z,2.737664,1d10,6 [FLog::Output] Hello from the other side of the galaxy!
2022-06-20T02:50:51.908Z,2.908754,1d10,6 [FLog::VR] VR: VR_IsSteamVRRunning returned false
2022-06-20T02:50:51.933Z,2.933605,1d10,6 [FLog::Graphics] D3D11 Adapter: VMware SVGA 3D
2022-06-20T02:50:51.933Z,2.933605,1d10,6 [FLog::Graphics] D3D11 Adapter: Vendor 15ad Device 0405 VRAM 4 RAM 2521
2022-06-20T02:50:51.933Z,2.933605,1d10,6 [channel] Caps: ThreadSafe 0 Framebuffer 1 FpFramebuffer 1 Shaders 1 Compute 1 Instancing 1 ConstBuffers 1
2022-06-20T02:50:51.934Z,2.934600,1d10,6 [channel] Caps: Framebuffer: MRT 8 MSAA 8 Stencil 1
2022-06-20T02:50:51.934Z,2.934600,1d10,6 [channel] Caps: Framebuffer: Depth16 1 Depth24 1 DepthFloat 1 DepthClamp 1
2022-06-20T02:50:51.934Z,2.934600,1d10,6 [channel] Caps: Border Color 1
2022-06-20T02:50:51.934Z,2.934600,1d10,6 [channel] Caps: Texture: RGB10A2 1 RG11B10F 1
2022-06-20T02:50:51.934Z,2.934600,1d10,6 [channel] Caps: Texture: DXT 1 PVR 0 ETC1 0 ETC2 0 Half 1
2022-06-20T02:50:51.934Z,2.934600,1d10,6 [channel] Caps: Texture: 3D 1 Array 1 Depth 1 MSAA 1 MSAAFP16 0
2022-06-20T02:50:51.934Z,2.934600,1d10,6 [channel] Caps: Texture: NPOT 1 PartialMips 1 CubeMipGen 1 CubeFramebuffer 1
2022-06-20T02:50:51.934Z,2.934600,1d10,6 [channel] Caps: Texture: Size 16384 Units 16
2022-06-20T02:50:51.934Z,2.934600,1d10,6 [channel] Caps: ConstantBufferSize 65536
2022-06-20T02:50:51.934Z,2.934600,1d10,6 [channel] Caps: 32bIdx 1 Memoryless 0 mediump 0
2022-06-20T02:50:51.934Z,2.934600,1d10,6 [channel] Caps: ColorBGR 0 RTFlip 0 MinusOneToOneDepth 0
2022-06-20T02:50:52.344Z,3.344426,1d10,6 [FLog::Graphics] Video memory size: 2147483648
2022-06-20T02:50:52.419Z,3.419124,1d10,6 [FLog::Graphics] Loaded 676 shaders from pack d3d11 variant defaultRoughnessRemap (8598140 bytes)
2022-06-20T02:50:52.419Z,3.419124,1d10,6 [FLog::Graphics] Compiled 676 shaders in 152 ms
2022-06-20T02:50:52.963Z,3.963242,1d10,6 [FLog::Output] Studio D3D9 GPU: VMware SVGA 3D
2022-06-20T02:50:52.963Z,3.963242,1d10,6 [FLog::Output] Studio D3D9 GPU: Vendor 15ad Device 0405
2022-06-20T02:50:52.963Z,3.963242,1d10,6 [FLog::Output] Studio D3D9 Driver: vm3dum_loader.dll 8.17.2.14
2022-06-20T02:50:52.964Z,3.964234,1d10,6 [FLog::Output] ESGamePerfMonitor GPU: Vendor 000015ad Device 00000405
2022-06-20T02:50:52.964Z,3.964234,1d10,6 [FLog::Output] ESGamePerfMonitor GPU: SubSys 040515ad Revision 00000000
2022-06-20T02:50:52.964Z,3.964234,1d10,6 [FLog::Output] ESGamePerfMonitor GPU: DedicatedVidMem 4194304 DedicatedSysMem 2643976192 SharedSystemMemory 123221580930088960
2022-06-20T02:50:52.971Z,3.971181,05c8,6 [FLog::Output] PlaceLauncher URL : https://assetgame.roblox.com/game/PlaceLauncher.ashx?request=RequestGame&browserTrackerId=136867614413&placeId=142823291&isPlayTogetherGame=false
2022-06-20T02:50:52.971Z,3.971181,05c8,6 [FLog::GameJoinUtil] GameJoinUtil::joinGame
2022-06-20T02:50:52.971Z,3.971181,05c8,6 [FLog::GameJoinUtil] GameJoinUtil::joinGamePostStandard: URL: https://gamejoin.roblox.com/v1/join-game BODY: {"placeId":142823291,"gameJoinAttemptId":"E782E66E-E160-4056-A2AC-98C786B092E4","browserTrackerId":"136867614413"}
2022-06-20T02:50:52.971Z,3.971181,05c8,6 [FLog::GameJoinUtil] GameJoinUtil::makePlaceLauncherRequest: requestCount: 0, url: https://gamejoin.roblox.com/v1/join-game.
2022-06-20T02:50:52.971Z,3.971181,05c8,6 [FLog::GameJoinUtil] Delaying request by 0.00 seconds
2022-06-20T02:50:52.987Z,3.987590,1d10,6 [FLog::Graphics] LayeredClothingMode updated: LC=1 SkeletonAPI=1 HSR=1 TC2=1
2022-06-20T02:50:53.998Z,4.998116,1ce4,6 [FLog::GameJoinUtil] GameJoinUtil::makePlaceLauncherRequest, response:
{"jobId":"21753567-9a48-431e-a76b-cbeb3a32c254","status":2,"joinScriptUrl":"https://assetgame.roblox.com/Game/Join.ashx?ticketVersion=2&ticket=%7b%22UserId%22%3a3635455297%2c%22UserName%22%3a%22ftcsvisgreat%22%2c%22DisplayName%22%3a%22ftcsvisgreat%22%2c%22CharacterFetchUrl%22%3a%22https%3a%2f%2fapi.roblox.com%2fv1.1%2favatar-fetch%2f%3fplaceId%3d142823291%26userId%3d3635455297%22%2c%22GameId%22%3a%2221753567-9a48-431e-a76b-cbeb3a32c254%22%2c%22PlaceId%22%3a142823291%2c%22UniverseId%22%3a66654135%2c%22ServerId%22%3a127844%2c%22ServerPort%22%3a52465%2c%22IsTeleport%22%3afalse%2c%22FollowUserId%22%3anull%2c%22TimeStamp%22%3a%226%2f19%2f2022+9%3a50%3a54+PM%22%2c%22CharacterAppearanceId%22%3a3635455297%2c%22AlternateName%22%3anull%2c%22JoinTypeId%22%3a10%2c%22MatchmakingDecisionId%22%3a%2234838066-5aaf-4f13-abb4-feb27bedd6fa%22%2c%22GameJoinMetadata%22%3a%7b%22JoinSource%22%3a0%2c%22RequestType%22%3a0%
2022-06-20T02:50:53.999Z,4.999139,1ce4,6 [FLog::GameJoinUtil] Default handler, game join succeeded.
2022-06-20T02:50:54.000Z,5.000163,1ce4,6 [FLog::GameJoinUtil] GameJoinUtil::processing join parameters
2022-06-20T02:50:54.001Z,5.001187,04bc,7 [FLog::Network] NetworkClient:Create
2022-06-20T02:50:54.003Z,5.003234,04bc,10 [DFLog::KeyRing] Parsed config created at: 19:56 11/23/2021.
2022-06-20T02:50:54.024Z,5.024734,04bc,6 [FLog::Output] ! Joining game '21753567-9a48-431e-a76b-cbeb3a32c254' place 142823291 at 128.116.28.89
2022-06-20T02:50:54.025Z,5.025757,04bc,6 [FLog::GameJoinLoadTime] Report game_join_loadtime: placeid:142823291, join_time:1.0320530539995980135, universeid:66654135, referral_page:, sid:af2dbd28-584a-4dbe-81bf-5bbabc2f9f0d, clienttime:1655693454.8139998913, userid:3635455297, 
2022-06-20T02:50:54.035Z,5.035995,04bc,7 [FLog::Network] Client will attempt to connect following server endpoints with threadSleepTime(-1)
2022-06-20T02:50:54.035Z,5.035995,04bc,7 [FLog::Network] Server Address = 128.116.28.89, Port = 52465
2022-06-20T02:50:54.035Z,5.035995,04bc,7 [FLog::Network] binding socket on inaddr_any:0

2022-06-20T02:50:54.059Z,5.059542,04bc,6 [FLog::Output] Connecting to 128.116.28.89:52465
2022-06-20T02:50:54.059Z,5.059542,04bc,7 [FLog::Network] Connecting to server, IP(inet_addr): 1495037056 Port: 52465
2022-06-20T02:50:54.104Z,5.104134,1ce4,7 [FLog::Network] Setting latency from Ixp tx: 0 rx: 0
2022-06-20T02:50:54.104Z,5.104134,1ce4,7 [FLog::Network] Set latency from Ixp live response after 69.162086 ms
2022-06-20T02:50:54.175Z,5.175450,04bc,6 [FLog::Output] Connection accepted from 128.116.28.89|52465
2022-06-20T02:50:54.178Z,5.178380,04bc,7 [FLog::Network] serverId: 128.116.28.89|52465
2022-06-20T02:50:54.178Z,5.178380,04bc,7 [FLog::Network] Replicator created for player 128.116.28.89|52465
2022-06-20T02:50:54.178Z,5.178380,04bc,7 [FLog::Network] Replicator created: 18B7F990
2022-06-20T02:50:54.300Z,5.300863,04bc,7 [FLog::Network] call to onreceive before physicsReceiver is initialized are ready, dropping packet
2022-06-20T02:50:54.319Z,5.319634,04bc,7 [FLog::Network] Time taken to initialize schema = 18.351700 ms
2022-06-20T02:50:54.320Z,5.320622,04bc,7 [FLog::Network] Assigned peer id = 888
2022-06-20T02:50:54.324Z,5.324574,04bc,7 [FLog::Network] Join snapshot timer: 3.824700
2022-06-20T02:50:55.267Z,6.267309,1ce4,7 [FLog::Network] Setting latency from Ixp tx: 0 rx: 0
2022-06-20T02:51:01.667Z,12.667144,04bc,6 [FLog::Output] Server RobloxGitHash: 4d6c4589e833eb28bf4e444d7eea6ce3f388fc88
2022-06-20T02:51:01.668Z,12.668145,04bc,6 [FLog::Output] Server Prefix: 0.531.0.5310423_20220619T114018Z_RCC_026b3
2022-06-20T02:51:01.898Z,12.898134,04bc,6 [FLog::Error] Error: Failed to load sound http://www.roblox.com/asset/?id=154115944: Unable to download sound data
2022-06-20T02:51:01.898Z,12.898134,04bc,6 [FLog::Error] Error: Failed to load sound http://www.roblox.com/asset/?id=170902050: Unable to download sound data
2022-06-20T02:51:01.898Z,12.898134,04bc,6 [FLog::Error] Error: Failed to load sound http://www.roblox.com/asset/?id=152890434: Unable to download sound data
2022-06-20T02:51:01.898Z,12.898134,04bc,6 [FLog::Error] Error: Failed to load sound http://www.roblox.com/asset/?id=165922914: Unable to download sound data
2022-06-20T02:51:01.898Z,12.898134,04bc,6 [FLog::Error] Error: Failed to load sound http://www.roblox.com/asset/?id=180298659: Unable to download sound data
2022-06-20T02:51:01.898Z,12.898134,04bc,6 [FLog::Error] Error: Failed to load sound http://www.roblox.com/asset/?id=167262766: Unable to download sound data
2022-06-20T02:51:01.898Z,12.898134,04bc,6 [FLog::Error] Error: Failed to load sound http://www.roblox.com/asset/?id=184721460: Unable to download sound data
2022-06-20T02:51:01.898Z,12.898134,04bc,6 [FLog::Error] Error: Failed to load sound http://www.roblox.com/asset/?id=144358933: Unable to download sound data
2022-06-20T02:51:01.898Z,12.898134,04bc,6 [FLog::Error] Error: Failed to load sound http://www.roblox.com/asset/?id=177084457: Unable to download sound data
2022-06-20T02:51:02.821Z,13.821218,1d10,6 [FLog::Graphics] SolidTextures::initSolidTextures()
2022-06-20T02:51:02.821Z,13.821218,1d10,6 [FLog::Graphics] Terrain TextureArray 512x512, arraySize: 36, mip: 10
2022-06-20T02:51:02.954Z,13.954747,1d10,6 [FLog::Error] Asset (Image) "" load failed in Workspace.Lobby.MainLobby.Parts.MeshPart.Decal.Texture: Unexpected URL
2022-06-20T02:51:03.015Z,14.015553,1038,6 [FLog::Output] Hidden Surface Removal data for RightHand in keionrblx https://assetdelivery.roblox.com/v1/asset/?id=8997173932 is invalid, reason: HSR data is outdated. current version is 16, latest version is 18. 
2022-06-20T02:51:03.015Z,14.015553,1038,6 [FLog::Output] Hidden Surface Removal data for RightHand in keionrblx https://assetdelivery.roblox.com/v1/asset/?id=8997173932 is invalid, reason: HSR data is outdated. current version is 16, latest version is 18. 
2022-06-20T02:51:03.015Z,14.015553,1038,6 [FLog::Output] Hidden Surface Removal data for LeftLowerArm in keionrblx https://assetdelivery.roblox.com/v1/asset/?id=8997174056 is invalid, reason: HSR data is outdated. current version is 16, latest version is 18. 
2022-06-20T02:51:03.015Z,14.015553,1038,6 [FLog::Output] Hidden Surface Removal data for LeftLowerArm in keionrblx https://assetdelivery.roblox.com/v1/asset/?id=8997174056 is invalid, reason: HSR data is outdated. current version is 16, latest version is 18. 
2022-06-20T02:51:03.015Z,14.015553,1038,6 [FLog::Output] Hidden Surface Removal data for RightLowerArm in keionrblx https://assetdelivery.roblox.com/v1/asset/?id=8997173930 is invalid, reason: HSR data is outdated. current version is 16, latest version is 18. 
2022-06-20T02:51:03.016Z,14.016552,1038,6 [FLog::Output] Hidden Surface Removal data for RightLowerArm in keionrblx https://assetdelivery.roblox.com/v1/asset/?id=8997173930 is invalid, reason: HSR data is outdated. current version is 16, latest version is 18. 
2022-06-20T02:51:03.016Z,14.016552,1038,6 [FLog::Output] Hidden Surface Removal data for LeftUpperArm in keionrblx https://assetdelivery.roblox.com/v1/asset/?id=8997174089 is invalid, reason: HSR data is outdated. current version is 16, latest version is 18. 
2022-06-20T02:51:03.016Z,14.016552,1038,6 [FLog::Output] Hidden Surface Removal data for LeftUpperArm in keionrblx https://assetdelivery.roblox.com/v1/asset/?id=8997174089 is invalid, reason: HSR data is outdated. current version is 16, latest version is 18. 
2022-06-20T02:51:03.016Z,14.016552,1038,6 [FLog::Output] Hidden Surface Removal data for RightUpperArm in keionrblx https://assetdelivery.roblox.com/v1/asset/?id=8997173999 is invalid, reason: HSR data is outdated. current version is 16, latest version is 18. 
2022-06-20T02:51:03.016Z,14.016552,1038,6 [FLog::Output] Hidden Surface Removal data for RightUpperArm in keionrblx https://assetdelivery.roblox.com/v1/asset/?id=8997173999 is invalid, reason: HSR data is outdated. current version is 16, latest version is 18. 
2022-06-20T02:51:03.016Z,14.016552,1038,6 [FLog::Output] Hidden Surface Removal data for LowerTorso in keionrblx https://assetdelivery.roblox.com/v1/asset/?id=8997174057 is invalid, reason: HSR data is outdated. current version is 16, latest version is 18. 
2022-06-20T02:51:03.016Z,14.016552,1038,6 [FLog::Output] Hidden Surface Removal data for LowerTorso in keionrblx https://assetdelivery.roblox.com/v1/asset/?id=8997174057 is invalid, reason: HSR data is outdated. current version is 16, latest version is 18. 
2022-06-20T02:51:03.018Z,14.018551,1038,6 [FLog::Output] Hidden Surface Removal data for LeftLowerLeg in keionrblx https://assetdelivery.roblox.com/v1/asset/?id=8997173927 is invalid, reason: HSR data is outdated. current version is 16, latest version is 18. 
2022-06-20T02:51:03.018Z,14.018551,1038,6 [FLog::Output] Hidden Surface Removal data for LeftLowerLeg in keionrblx https://assetdelivery.roblox.com/v1/asset/?id=8997173927 is invalid, reason: HSR data is outdated. current version is 16, latest version is 18. 
2022-06-20T02:51:03.018Z,14.018551,1038,6 [FLog::Output] Hidden Surface Removal data for LeftUpperLeg in keionrblx https://assetdelivery.roblox.com/v1/asset/?id=8997173925 is invalid, reason: HSR data is outdated. current version is 16, latest version is 18. 
2022-06-20T02:51:03.018Z,14.018551,1038,6 [FLog::Output] Hidden Surface Removal data for LeftUpperLeg in keionrblx https://assetdelivery.roblox.com/v1/asset/?id=8997173925 is invalid, reason: HSR data is outdated. current version is 16, latest version is 18. 
2022-06-20T02:51:03.018Z,14.018551,1038,6 [FLog::Output] Hidden Surface Removal data for LeftFoot in keionrblx https://assetdelivery.roblox.com/v1/asset/?id=8997173950 is invalid, reason: HSR data is outdated. current version is 16, latest version is 18. 
2022-06-20T02:51:03.018Z,14.018551,1038,6 [FLog::Output] Hidden Surface Removal data for LeftFoot in keionrblx https://assetdelivery.roblox.com/v1/asset/?id=8997173950 is invalid, reason: HSR data is outdated. current version is 16, latest version is 18. 
2022-06-20T02:51:03.018Z,14.018551,1038,6 [FLog::Output] Hidden Surface Removal data for RightFoot in keionrblx https://assetdelivery.roblox.com/v1/asset/?id=8997174055 is invalid, reason: HSR data is outdated. current version is 16, latest version is 18. 
2022-06-20T02:51:03.018Z,14.018551,1038,6 [FLog::Output] Hidden Surface Removal data for RightFoot in keionrblx https://assetdelivery.roblox.com/v1/asset/?id=8997174055 is invalid, reason: HSR data is outdated. current version is 16, latest version is 18. 
2022-06-20T02:51:03.018Z,14.018551,1038,6 [FLog::Output] Hidden Surface Removal data for RightLowerLeg in keionrblx https://assetdelivery.roblox.com/v1/asset/?id=8997174053 is invalid, reason: HSR data is outdated. current version is 16, latest version is 18. 
2022-06-20T02:51:03.018Z,14.018551,1038,6 [FLog::Output] Hidden Surface Removal data for RightLowerLeg in keionrblx https://assetdelivery.roblox.com/v1/asset/?id=8997174053 is invalid, reason: HSR data is outdated. current version is 16, latest version is 18. 
2022-06-20T02:51:03.018Z,14.018551,1038,6 [FLog::Output] Hidden Surface Removal data for RightUpperLeg in keionrblx https://assetdelivery.roblox.com/v1/asset/?id=8997174087 is invalid, reason: HSR data is outdated. current version is 16, latest version is 18. 
2022-06-20T02:51:03.018Z,14.018551,1038,6 [FLog::Output] Hidden Surface Removal data for RightUpperLeg in keionrblx https://assetdelivery.roblox.com/v1/asset/?id=8997174087 is invalid, reason: HSR data is outdated. current version is 16, latest version is 18. 
2022-06-20T02:51:03.020Z,14.020549,1038,6 [FLog::Output] Hidden Surface Removal data for UpperTorso in keionrblx https://assetdelivery.roblox.com/v1/asset/?id=8997174058 is invalid, reason: HSR data is outdated. current version is 16, latest version is 18. 
2022-06-20T02:51:03.020Z,14.020549,1038,6 [FLog::Output] Hidden Surface Removal data for UpperTorso in keionrblx https://assetdelivery.roblox.com/v1/asset/?id=8997174058 is invalid, reason: HSR data is outdated. current version is 16, latest version is 18. 
2022-06-20T02:51:03.020Z,14.020549,1038,6 [FLog::Output] Hidden Surface Removal data for LeftHand in keionrblx https://assetdelivery.roblox.com/v1/asset/?id=8997173998 is invalid, reason: HSR data is outdated. current version is 16, latest version is 18. 
2022-06-20T02:51:03.020Z,14.020549,1038,6 [FLog::Output] Hidden Surface Removal data for LeftHand in keionrblx https://assetdelivery.roblox.com/v1/asset/?id=8997173998 is invalid, reason: HSR data is outdated. current version is 16, latest version is 18. 
2022-06-20T02:51:03.020Z,14.020549,1038,6 [FLog::Output] Hidden Surface Removal data for Head in keionrblx rbxassetid://8635368421 is invalid, reason: HSR data is outdated. current version is 17, latest version is 18. 
2022-06-20T02:51:03.020Z,14.020549,1038,6 [FLog::Output] Hidden Surface Removal data for Head in keionrblx rbxassetid://8635368421 is invalid, reason: HSR data is outdated. current version is 17, latest version is 18. 
2022-06-20T02:51:03.022Z,14.022548,1038,6 [FLog::Output] Hidden Surface Removal data for Handle https://assetdelivery.roblox.com/v1/asset/?id=9056851779 is invalid, reason: HSR data is outdated. current version is 16, latest version is 18. 
2022-06-20T02:51:03.023Z,14.023547,1038,6 [FLog::Output] Hidden Surface Removal data for Handle https://assetdelivery.roblox.com/v1/asset/?id=9056851779 is invalid, reason: HSR data is outdated. current version is 16, latest version is 18. 
2022-06-20T02:51:05.968Z,16.968754,1d10,6 [FLog::Graphics] Setting screen DPI scale to 0.00 (was 1.00)
2022-06-20T02:51:06.244Z,17.244705,1d10,6 [FLog::Error] signalr: new state: 0, message: stop was called
2022-06-20T02:51:06.246Z,17.246706,1d10,6 [DFLog::PerfHistogram] Performance histogram MutexContentionWait
2022-06-20T02:51:06.247Z,17.247705,1d10,6 [DFLog::PerfHistogram]   <1     us : 13
2022-06-20T02:51:06.247Z,17.247705,1d10,6 [DFLog::PerfHistogram]   <3     us : 0
2022-06-20T02:51:06.247Z,17.247705,1d10,6 [DFLog::PerfHistogram]   <9     us : 0
2022-06-20T02:51:06.247Z,17.247705,1d10,6 [DFLog::PerfHistogram]   <27    us : 0
2022-06-20T02:51:06.247Z,17.247705,1d10,6 [DFLog::PerfHistogram]   <81    us : 0
2022-06-20T02:51:06.247Z,17.247705,1d10,6 [DFLog::PerfHistogram]   <243   us : 0
2022-06-20T02:51:06.247Z,17.247705,1d10,6 [DFLog::PerfHistogram]   <729   us : 0
2022-06-20T02:51:06.247Z,17.247705,1d10,6 [DFLog::PerfHistogram]   <2187  us : 0
2022-06-20T02:51:06.247Z,17.247705,1d10,6 [DFLog::PerfHistogram]   <6561  us : 0
2022-06-20T02:51:06.247Z,17.247705,1d10,6 [DFLog::PerfHistogram]  (larger)   : 0
2022-06-20T02:51:06.523Z,17.523096,1d10,7 [FLog::Network] Client:Disconnect
2022-06-20T02:51:06.523Z,17.523096,1d10,7 [DFLog::MegaReplicatorLogDisconnectCleanUpLog] MRD cleanup WorkerCount available: 2, for MRD table size: 271196
2022-06-20T02:51:06.882Z,17.882591,1d10,7 [FLog::Network] Time to disconnect replication data: 358.324310
2022-06-20T02:51:07.743Z,18.743690,0414,6 [FLog::Error] Asset (Image) "https://assetdelivery.roblox.com/v1/asset?id=431017394" load failed in Workspace.Lobby.MainLobby.Parts.MeshPart.TextureID: Request failed
2022-06-20T02:51:08.127Z,19.127226,1d10,7 [FLog::Network] Sending disconnect with reason: 285
2022-06-20T02:51:08.207Z,19.207813,084c,7 [FLog::Network] Connection lost
2022-06-20T02:51:08.209Z,19.209822,084c,7 [FLog::Network] Connection lost: connectMode: Disconnect ASAP, timeMS:19208, connectionTime 5131
2022-06-20T02:51:08.210Z,19.210827,084c,7 [FLog::Network] Connection lost: AckTimeout 0, IsOutgoingDataWaiting 0
2022-06-20T02:51:08.210Z,19.210827,084c,7 [FLog::Network] Disconnection Notification. Reason: 285
2022-06-20T02:51:08.801Z,19.801569,1d10,12 [DFLog::HttpTraceError] HttpResponse(#393 29AA5230) time:674.3ms (net:184.6ms callback:0.0ms timeInRetryQueue:0.0ms) error:9 message:HttpError: Aborted url:"https://assetgame.roblox.com/Game/ClientPresence.ashx?version=old&PlaceID=142823291&GameID=21753567-9a48-431e-a76b-cbeb3a32c254&UserID=3635455297&disconnect=true" ip: external:0 numberOfTimesRetried:0
2022-06-20T02:51:08.801Z,19.801569,1d10,6 [FLog::Output] OnDisconnect http req time:674.34ms (timeout)
2022-06-20T02:51:08.802Z,19.802565,1d10,7 [FLog::Network] Replicator destroyed: 18B7F990
2022-06-20T02:51:08.803Z,19.803558,1d10,7 [FLog::Network] Sending disconnect with reason: 285
2022-06-20T02:51:15.348Z,26.348013,1d10,7 [FLog::Network] Client:Disconnect
2022-06-20T02:51:15.366Z,26.366850,1d10,6 [FLog::Output] Closing Fmod (as 26, ml 0, sl 0).
2022-06-20T02:51:16.119Z,27.119968,1d10,6 [FLog::Output] Fmod Closed.
2022-06-20T02:51:16.147Z,27.147360,1d10,7 [FLog::Network] NetworkClient:Remove
2022-06-20T02:51:16.147Z,27.147360,1d10,7 [DFLog::MegaReplicatorLogDisconnectCleanUpLog] Destroying MegaReplicator.
2022-06-20T02:51:20.606Z,31.606934,1d10,12 [DFLog::HttpTraceError] HttpResponse(#435 2D11F330) time:100.7ms (net:100.1ms callback:0.0ms timeInRetryQueue:0.0ms) error:9 message:HttpError: Aborted url:"https://client-telemetry.roblox.com" ip: external:0 numberOfTimesRetried:0
