2022-06-20T02:49:49.323Z,0.323162,1dc4,6 [FLog::Output] RobloxGitHash: 4d6c4589e833eb28bf4e444d7eea6ce3f388fc88
2022-06-20T02:49:49.325Z,0.325162,1dc4,6 [FLog::Output] The channel is production
2022-06-20T02:49:49.570Z,0.570078,1dc4,6 [FLog::Error] Test log: Map check complete and successful!
2022-06-20T02:49:49.570Z,0.570078,1dc4,6 [FLog::Error] Dynamic initializer test result: SUCCESS
2022-06-20T02:49:49.570Z,0.570078,1dc4,6 [FLog::Output] TaskSchedulerMk2::applyAsyncTaskThreadCount( 3 ) <req: 0 active: 0>
2022-06-20T02:49:49.573Z,0.573443,1dc4,6 [FLog::Output] TaskSchedulerMk2::applyAsyncTaskThreadCount( 3 ) <req: 3 active: 3>
2022-06-20T02:49:49.632Z,0.632731,1dc4,6 [FLog::Output] Loading AppSettings.xml from C:\Users\adminbot6000\AppData\Local\Roblox\Versions\version-fb795406f04b4467\AppSettings.xml
2022-06-20T02:49:49.633Z,0.633720,1dc4,6 [FLog::Output] setAssetFolder content
2022-06-20T02:49:49.636Z,0.636684,1dc4,6 [FLog::Output] setExtraAssetFolder C:/Users\adminbot6000\AppData\Local\Roblox\Versions\version-fb795406f04b4467\ExtraContent
2022-06-20T02:49:49.837Z,0.837255,1dc4,6 [FLog::Output] CrashReporter Start
2022-06-20T02:49:49.837Z,0.837255,1dc4,6 [FLog::Output] The crash upload percentage is 10
2022-06-20T02:49:49.838Z,0.838256,1dc4,6 [FLog::Output] Authentication request URL: https://auth.roblox.com/v1/authentication-ticket/redeem ticket: M2j9mKoaO3ET1opqTxa1DeXyXPCCHD2hsB5OEdbLF80-QQfqtowfYQggKpn0uACNU7Yz_-E3mzCZPFbiD1mdmBiq2ybOzsjhBBPuLoQCc_O4NxMIYJeqJbwR1Lh1J71HE6cYymhjouwIdGzZOR9TNCq_QDKMoYDuEzeOIew7Yx7kxZayfh4-Vd14L3on1GqzNp1oPBNomawQYWeefowHwRVz_FM5ohg7SLVw3RFqvOk
2022-06-20T02:49:49.899Z,0.899063,1734,6 [FLog::Output] WatcherThread Started
2022-06-20T02:49:51.126Z,2.126259,1dc4,6 [FLog::Error] Error: Important !Loading shader files
2022-06-20T02:49:51.126Z,2.126259,1dc4,6 [FLog::Output] TaskSchedulerMk2::applyAsyncTaskThreadCount( 3 ) <req: 3 active: 3>
2022-06-20T02:49:51.126Z,2.126259,1dc4,6 [FLog::Output] Info: Initializing new game
2022-06-20T02:49:51.162Z,2.162240,1dc4,6 [FLog::Output] account = UA-43420590-14, schedule = 500
2022-06-20T02:49:51.162Z,2.162240,1dc4,6 [FLog::Output] TaskSchedulerMk2::applyAsyncTaskThreadCount( 3 ) <req: 3 active: 3>
2022-06-20T02:49:51.746Z,2.746032,1dc4,6 [FLog::Output] Hello Avatars!
2022-06-20T02:49:51.746Z,2.746032,1dc4,6 [FLog::Output] Hello! <Tap tap> Is this thing on?
2022-06-20T02:49:51.746Z,2.746032,1dc4,6 [FLog::Output] Hello World will suffice.
2022-06-20T02:49:51.747Z,2.747031,1dc4,6 [FLog::Output] Hello from a lush garden!
2022-06-20T02:49:51.747Z,2.747031,1dc4,6 [FLog::Output] Hello! Happy to meet you.
2022-06-20T02:49:51.747Z,2.747031,1dc4,6 [FLog::Output] Hello Cool Kids!
2022-06-20T02:49:51.747Z,2.747031,1dc4,6 [FLog::Output] Hello! Let's hope this works.
2022-06-20T02:49:51.747Z,2.747031,1dc4,6 [FLog::Output] Hello from the other side of the galaxy!
2022-06-20T02:49:51.916Z,2.916309,1dc4,6 [FLog::VR] VR: VR_IsSteamVRRunning returned false
2022-06-20T02:49:51.946Z,2.946315,1dc4,6 [FLog::Graphics] D3D11 Adapter: VMware SVGA 3D
2022-06-20T02:49:51.946Z,2.946315,1dc4,6 [FLog::Graphics] D3D11 Adapter: Vendor 15ad Device 0405 VRAM 4 RAM 2521
2022-06-20T02:49:51.948Z,2.948315,1dc4,6 [channel] Caps: ThreadSafe 0 Framebuffer 1 FpFramebuffer 1 Shaders 1 Compute 1 Instancing 1 ConstBuffers 1
2022-06-20T02:49:51.948Z,2.948315,1dc4,6 [channel] Caps: Framebuffer: MRT 8 MSAA 8 Stencil 1
2022-06-20T02:49:51.948Z,2.948315,1dc4,6 [channel] Caps: Framebuffer: Depth16 1 Depth24 1 DepthFloat 1 DepthClamp 1
2022-06-20T02:49:51.948Z,2.948315,1dc4,6 [channel] Caps: Border Color 1
2022-06-20T02:49:51.948Z,2.948315,1dc4,6 [channel] Caps: Texture: RGB10A2 1 RG11B10F 1
2022-06-20T02:49:51.948Z,2.948315,1dc4,6 [channel] Caps: Texture: DXT 1 PVR 0 ETC1 0 ETC2 0 Half 1
2022-06-20T02:49:51.948Z,2.948315,1dc4,6 [channel] Caps: Texture: 3D 1 Array 1 Depth 1 MSAA 1 MSAAFP16 0
2022-06-20T02:49:51.948Z,2.948315,1dc4,6 [channel] Caps: Texture: NPOT 1 PartialMips 1 CubeMipGen 1 CubeFramebuffer 1
2022-06-20T02:49:51.948Z,2.948315,1dc4,6 [channel] Caps: Texture: Size 16384 Units 16
2022-06-20T02:49:51.948Z,2.948315,1dc4,6 [channel] Caps: ConstantBufferSize 65536
2022-06-20T02:49:51.948Z,2.948315,1dc4,6 [channel] Caps: 32bIdx 1 Memoryless 0 mediump 0
2022-06-20T02:49:51.948Z,2.948315,1dc4,6 [channel] Caps: ColorBGR 0 RTFlip 0 MinusOneToOneDepth 0
2022-06-20T02:49:52.084Z,3.084152,1dc4,6 [FLog::Graphics] Video memory size: 2147483648
2022-06-20T02:49:52.203Z,3.203210,1dc4,6 [FLog::Graphics] Loaded 676 shaders from pack d3d11 variant defaultRoughnessRemap (8598140 bytes)
2022-06-20T02:49:52.203Z,3.203210,1dc4,6 [FLog::Graphics] Compiled 676 shaders in 162 ms
2022-06-20T02:49:52.735Z,3.735381,1dc4,6 [FLog::Output] Studio D3D9 GPU: VMware SVGA 3D
2022-06-20T02:49:52.736Z,3.736380,1dc4,6 [FLog::Output] Studio D3D9 GPU: Vendor 15ad Device 0405
2022-06-20T02:49:52.736Z,3.736380,1dc4,6 [FLog::Output] Studio D3D9 Driver: vm3dum_loader.dll 8.17.2.14
2022-06-20T02:49:52.736Z,3.736380,1dc4,6 [FLog::Output] ESGamePerfMonitor GPU: Vendor 000015ad Device 00000405
2022-06-20T02:49:52.736Z,3.736380,1dc4,6 [FLog::Output] ESGamePerfMonitor GPU: SubSys 040515ad Revision 00000000
2022-06-20T02:49:52.736Z,3.736380,1dc4,6 [FLog::Output] ESGamePerfMonitor GPU: DedicatedVidMem 4194304 DedicatedSysMem 2643976192 SharedSystemMemory 123221580930088960
2022-06-20T02:49:52.745Z,3.745373,1e1c,6 [FLog::Output] PlaceLauncher URL : https://assetgame.roblox.com/game/PlaceLauncher.ashx?request=RequestGame&browserTrackerId=136867614413&placeId=2768379856&isPlayTogetherGame=false
2022-06-20T02:49:52.745Z,3.745373,1e1c,6 [FLog::GameJoinUtil] GameJoinUtil::joinGame
2022-06-20T02:49:52.745Z,3.745373,1e1c,6 [FLog::GameJoinUtil] GameJoinUtil::joinGamePostStandard: URL: https://gamejoin.roblox.com/v1/join-game BODY: {"placeId":2768379856,"gameJoinAttemptId":"47E4194D-53DD-4EDF-8589-9056580BB777","browserTrackerId":"136867614413"}
2022-06-20T02:49:52.745Z,3.745373,1e1c,6 [FLog::GameJoinUtil] GameJoinUtil::makePlaceLauncherRequest: requestCount: 0, url: https://gamejoin.roblox.com/v1/join-game.
2022-06-20T02:49:52.746Z,3.746373,1e1c,6 [FLog::GameJoinUtil] Delaying request by 0.00 seconds
2022-06-20T02:49:52.761Z,3.761362,1dc4,6 [FLog::Graphics] LayeredClothingMode updated: LC=1 SkeletonAPI=1 HSR=1 TC2=1
2022-06-20T02:49:54.195Z,5.195483,0c8c,6 [FLog::GameJoinUtil] GameJoinUtil::makePlaceLauncherRequest, response:
{"jobId":"f04c3319-2189-423c-a2af-f54f1d252ce5","status":2,"joinScriptUrl":"https://assetgame.roblox.com/Game/Join.ashx?ticketVersion=2&ticket=%7b%22UserId%22%3a3635455297%2c%22UserName%22%3a%22ftcsvisgreat%22%2c%22DisplayName%22%3a%22ftcsvisgreat%22%2c%22CharacterFetchUrl%22%3a%22https%3a%2f%2fapi.roblox.com%2fv1.1%2favatar-fetch%2f%3fplaceId%3d2768379856%26userId%3d3635455297%22%2c%22GameId%22%3a%22f04c3319-2189-423c-a2af-f54f1d252ce5%22%2c%22PlaceId%22%3a2768379856%2c%22UniverseId%22%3a1000233041%2c%22ServerId%22%3a128305%2c%22ServerPort%22%3a60532%2c%22IsTeleport%22%3afalse%2c%22FollowUserId%22%3anull%2c%22TimeStamp%22%3a%226%2f19%2f2022+9%3a49%3a53+PM%22%2c%22CharacterAppearanceId%22%3a3635455297%2c%22AlternateName%22%3anull%2c%22JoinTypeId%22%3a10%2c%22MatchmakingDecisionId%22%3a%22d6f24a5b-da01-4226-bea4-77e3b386d32e%22%2c%22GameJoinMetadata%22%3a%7b%22JoinSource%22%3a0%2c%22RequestType%22%
2022-06-20T02:49:54.196Z,5.196515,0c8c,6 [FLog::GameJoinUtil] Default handler, game join succeeded.
2022-06-20T02:49:54.196Z,5.196515,0c8c,6 [FLog::GameJoinUtil] GameJoinUtil::processing join parameters
2022-06-20T02:49:54.210Z,5.210962,0348,7 [FLog::Network] NetworkClient:Create
2022-06-20T02:49:54.210Z,5.210962,0348,10 [DFLog::KeyRing] Parsed config created at: 19:56 11/23/2021.
2022-06-20T02:49:54.235Z,5.235728,0348,6 [FLog::Output] ! Joining game 'f04c3319-2189-423c-a2af-f54f1d252ce5' place 2768379856 at 128.116.29.225
2022-06-20T02:49:54.235Z,5.235728,0348,6 [FLog::GameJoinLoadTime] Report game_join_loadtime: placeid:2768379856, join_time:1.4655882120001617608, universeid:1000233041, referral_page:, sid:f0a5b109-4965-4a86-a896-c72c0fc3ff47, clienttime:1655693394.0629999638, userid:3635455297, 
2022-06-20T02:49:54.256Z,5.256367,0348,7 [FLog::Network] Client will attempt to connect following server endpoints with threadSleepTime(-1)
2022-06-20T02:49:54.257Z,5.257399,0348,7 [FLog::Network] Server Address = 128.116.29.225, Port = 60532
2022-06-20T02:49:54.259Z,5.259462,0348,7 [FLog::Network] binding socket on inaddr_any:0

2022-06-20T02:49:54.293Z,5.293575,0348,6 [FLog::Output] Connecting to 128.116.29.225:60532
2022-06-20T02:49:54.294Z,5.294550,0348,7 [FLog::Network] Connecting to server, IP(inet_addr): 3776803968 Port: 60532
2022-06-20T02:49:54.307Z,5.307220,0c8c,7 [FLog::Network] Setting latency from Ixp tx: 0 rx: 0
2022-06-20T02:49:54.307Z,5.307220,0c8c,7 [FLog::Network] Set latency from Ixp live response after 50.853249 ms
2022-06-20T02:49:54.432Z,5.432365,09cc,6 [FLog::Output] Connection accepted from 128.116.29.225|60532
2022-06-20T02:49:54.436Z,5.436320,09cc,7 [FLog::Network] serverId: 128.116.29.225|60532
2022-06-20T02:49:54.436Z,5.436320,09cc,7 [FLog::Network] Replicator created for player 128.116.29.225|60532
2022-06-20T02:49:54.436Z,5.436320,09cc,7 [FLog::Network] Replicator created: 1913FF70
2022-06-20T02:49:54.578Z,5.578858,0348,7 [FLog::Network] Time taken to initialize schema = 4.675600 ms
2022-06-20T02:49:54.578Z,5.578858,0348,7 [FLog::Network] Assigned peer id = 549
2022-06-20T02:49:54.578Z,5.578858,0348,7 [FLog::Network] Join snapshot timer: 0.115000
2022-06-20T02:49:55.181Z,6.181973,0c8c,7 [FLog::Network] Setting latency from Ixp tx: 0 rx: 0
2022-06-20T02:49:56.938Z,7.938663,1dc4,6 [FLog::Error] signalr: new state: 0, message: stop was called
2022-06-20T02:49:56.940Z,7.940652,1dc4,6 [DFLog::PerfHistogram] Performance histogram MutexContentionWait
2022-06-20T02:49:56.956Z,7.956568,1dc4,6 [DFLog::PerfHistogram]   <1     us : 5
2022-06-20T02:49:56.963Z,7.963532,1dc4,6 [DFLog::PerfHistogram]   <3     us : 0
2022-06-20T02:49:56.963Z,7.963532,1dc4,6 [DFLog::PerfHistogram]   <9     us : 0
2022-06-20T02:49:56.963Z,7.963532,1dc4,6 [DFLog::PerfHistogram]   <27    us : 0
2022-06-20T02:49:56.964Z,7.964527,1dc4,6 [DFLog::PerfHistogram]   <81    us : 0
2022-06-20T02:49:56.964Z,7.964527,1dc4,6 [DFLog::PerfHistogram]   <243   us : 0
2022-06-20T02:49:56.964Z,7.964527,1dc4,6 [DFLog::PerfHistogram]   <729   us : 0
2022-06-20T02:49:56.964Z,7.964527,1dc4,6 [DFLog::PerfHistogram]   <2187  us : 0
2022-06-20T02:49:56.968Z,7.968647,1dc4,6 [DFLog::PerfHistogram]   <6561  us : 0
2022-06-20T02:49:56.969Z,7.969653,1dc4,6 [DFLog::PerfHistogram]  (larger)   : 0
2022-06-20T02:50:00.225Z,11.225515,09cc,6 [FLog::Output] Server RobloxGitHash: 4d6c4589e833eb28bf4e444d7eea6ce3f388fc88
2022-06-20T02:50:00.239Z,11.239540,09cc,6 [FLog::Output] Server Prefix: 0.531.0.5310423_20220619T160713Z_RCC_8a96e
2022-06-20T02:50:01.774Z,12.774801,09cc,6 [FLog::Error] Error: Failed to load sound rbxassetid://152736435: Unable to download sound data
2022-06-20T02:50:01.781Z,12.781839,09cc,6 [FLog::Error] Error: Failed to load sound rbxassetid://2113120505: Unable to download sound data
2022-06-20T02:50:04.091Z,15.091183,1dc4,7 [FLog::Network] Client:Disconnect
2022-06-20T02:50:04.092Z,15.092180,1dc4,7 [DFLog::MegaReplicatorLogDisconnectCleanUpLog] MRD cleanup WorkerCount available: 2, for MRD table size: 117795
2022-06-20T02:50:04.530Z,15.530746,1dc4,7 [FLog::Network] Time to disconnect replication data: 439.098999
2022-06-20T02:50:04.532Z,15.532729,1dc4,7 [FLog::Network] Sending disconnect with reason: 285
2022-06-20T02:50:04.756Z,15.756094,03bc,7 [FLog::Network] Connection lost
2022-06-20T02:50:04.757Z,15.757090,03bc,7 [FLog::Network] Connection lost: connectMode: Disconnect ASAP, timeMS:15757, connectionTime 5366
2022-06-20T02:50:04.757Z,15.757090,03bc,7 [FLog::Network] Connection lost: AckTimeout 0, IsOutgoingDataWaiting 0
2022-06-20T02:50:04.757Z,15.757090,03bc,7 [FLog::Network] Disconnection Notification. Reason: 285
2022-06-20T02:50:05.193Z,16.193378,1dc4,12 [DFLog::HttpTraceError] HttpResponse(#98 28A3DAA0) time:659.6ms (net:559.2ms callback:0.0ms timeInRetryQueue:0.0ms) error:9 message:HttpError: Aborted url:"https://assetgame.roblox.com/Game/ClientPresence.ashx?version=old&PlaceID=2768379856&GameID=f04c3319-2189-423c-a2af-f54f1d252ce5&UserID=3635455297&disconnect=true" ip: external:0 numberOfTimesRetried:0
2022-06-20T02:50:05.194Z,16.194380,1dc4,6 [FLog::Output] OnDisconnect http req time:660.66ms (timeout)
2022-06-20T02:50:05.194Z,16.194380,1dc4,7 [FLog::Network] Replicator destroyed: 1913FF70
2022-06-20T02:50:05.201Z,16.201393,1dc4,7 [FLog::Network] Sending disconnect with reason: 285
2022-06-20T02:50:12.208Z,23.208342,1dc4,7 [FLog::Network] Client:Disconnect
2022-06-20T02:50:12.459Z,23.459345,1dc4,6 [FLog::Output] Closing Fmod (as 19, ml 14, sl 0).
2022-06-20T02:50:12.500Z,23.500448,1dc4,6 [FLog::Output] in-memory release took 2.745800ms
2022-06-20T02:50:12.596Z,23.596035,1dc4,6 [FLog::Output] in-memory release took 95.243200ms
2022-06-20T02:50:12.964Z,23.964790,1dc4,6 [FLog::Output] Fmod Closed.
2022-06-20T02:50:12.966Z,23.966778,1dc4,7 [FLog::Network] NetworkClient:Remove
2022-06-20T02:50:12.966Z,23.966778,1dc4,7 [DFLog::MegaReplicatorLogDisconnectCleanUpLog] Destroying MegaReplicator.
2022-06-20T02:50:16.509Z,27.509607,1dc4,12 [DFLog::HttpTraceError] HttpResponse(#103 27126198) time:102.8ms (net:100.0ms callback:0.0ms timeInRetryQueue:0.0ms) error:9 message:HttpError: Aborted url:"https://client-telemetry.roblox.com" ip: external:0 numberOfTimesRetried:0
