2022-06-20T02:51:47.100Z,0.100178,118c,6 [FLog::Output] RobloxGitHash: 4d6c4589e833eb28bf4e444d7eea6ce3f388fc88
2022-06-20T02:51:47.101Z,0.101178,118c,6 [FLog::Output] The channel is production
2022-06-20T02:51:47.340Z,0.340656,118c,6 [FLog::Error] Test log: Map check complete and successful!
2022-06-20T02:51:47.340Z,0.340656,118c,6 [FLog::Error] Dynamic initializer test result: SUCCESS
2022-06-20T02:51:47.341Z,0.341653,118c,6 [FLog::Output] TaskSchedulerMk2::applyAsyncTaskThreadCount( 3 ) <req: 0 active: 0>
2022-06-20T02:51:47.345Z,0.345640,118c,6 [FLog::Output] TaskSchedulerMk2::applyAsyncTaskThreadCount( 3 ) <req: 3 active: 3>
2022-06-20T02:51:47.402Z,0.402584,118c,6 [FLog::Output] Loading AppSettings.xml from C:\Users\adminbot6000\AppData\Local\Roblox\Versions\version-fb795406f04b4467\AppSettings.xml
2022-06-20T02:51:47.404Z,0.404595,118c,6 [FLog::Output] setAssetFolder content
2022-06-20T02:51:47.407Z,0.407611,118c,6 [FLog::Output] setExtraAssetFolder C:/Users\adminbot6000\AppData\Local\Roblox\Versions\version-fb795406f04b4467\ExtraContent
2022-06-20T02:51:47.688Z,0.688840,118c,6 [FLog::Output] CrashReporter Start
2022-06-20T02:51:47.688Z,0.688840,118c,6 [FLog::Output] The crash upload percentage is 10
2022-06-20T02:51:47.689Z,0.689844,118c,6 [FLog::Output] Authentication request URL: https://auth.roblox.com/v1/authentication-ticket/redeem ticket: VHr8IyodS-NVDd35S-1GmsFzfhQgjptR9UfZmIIJzvaxsb5hDPut54Gv_w_ALh06oCroewgItTovBQw5z96ITECLrcZSytK0AD5t1VTXnteotwHrxUagEZ7Lf4rDhYqhIFSslYQU2sVtCmmF6tEOTppqXhQpTEuMioMOvh3r18hK61X8Rm5m7b7Nejk2K6kcDS7mx-LVSHd_CQImt-LPDi3fBWKguFvbqlBXzCjI4EI
2022-06-20T02:51:47.703Z,0.703896,114c,6 [FLog::Output] WatcherThread Started
2022-06-20T02:51:48.839Z,1.839180,118c,6 [FLog::Error] Error: Important !Loading shader files
2022-06-20T02:51:48.840Z,1.840179,118c,6 [FLog::Output] TaskSchedulerMk2::applyAsyncTaskThreadCount( 3 ) <req: 3 active: 3>
2022-06-20T02:51:48.841Z,1.841179,118c,6 [FLog::Output] Info: Initializing new game
2022-06-20T02:51:48.860Z,1.860174,118c,6 [FLog::Output] account = UA-43420590-14, schedule = 500
2022-06-20T02:51:48.860Z,1.860174,118c,6 [FLog::Output] TaskSchedulerMk2::applyAsyncTaskThreadCount( 3 ) <req: 3 active: 3>
2022-06-20T02:51:49.358Z,2.358097,118c,6 [FLog::Output] Hello Avatars!
2022-06-20T02:51:49.358Z,2.358097,118c,6 [FLog::Output] Hello! <Tap tap> Is this thing on?
2022-06-20T02:51:49.358Z,2.358097,118c,6 [FLog::Output] Hello World will suffice.
2022-06-20T02:51:49.358Z,2.358097,118c,6 [FLog::Output] Hello from a lush garden!
2022-06-20T02:51:49.358Z,2.358097,118c,6 [FLog::Output] Hello! Happy to meet you.
2022-06-20T02:51:49.358Z,2.358097,118c,6 [FLog::Output] Hello Cool Kids!
2022-06-20T02:51:49.358Z,2.358097,118c,6 [FLog::Output] Hello! Let's hope this works.
2022-06-20T02:51:49.358Z,2.358097,118c,6 [FLog::Output] Hello from the other side of the galaxy!
2022-06-20T02:51:49.559Z,2.559407,118c,6 [FLog::VR] VR: VR_IsSteamVRRunning returned false
2022-06-20T02:51:49.586Z,2.586416,118c,6 [FLog::Graphics] D3D11 Adapter: VMware SVGA 3D
2022-06-20T02:51:49.586Z,2.586416,118c,6 [FLog::Graphics] D3D11 Adapter: Vendor 15ad Device 0405 VRAM 4 RAM 2521
2022-06-20T02:51:49.587Z,2.587416,118c,6 [channel] Caps: ThreadSafe 0 Framebuffer 1 FpFramebuffer 1 Shaders 1 Compute 1 Instancing 1 ConstBuffers 1
2022-06-20T02:51:49.587Z,2.587416,118c,6 [channel] Caps: Framebuffer: MRT 8 MSAA 8 Stencil 1
2022-06-20T02:51:49.587Z,2.587416,118c,6 [channel] Caps: Framebuffer: Depth16 1 Depth24 1 DepthFloat 1 DepthClamp 1
2022-06-20T02:51:49.587Z,2.587416,118c,6 [channel] Caps: Border Color 1
2022-06-20T02:51:49.587Z,2.587416,118c,6 [channel] Caps: Texture: RGB10A2 1 RG11B10F 1
2022-06-20T02:51:49.587Z,2.587416,118c,6 [channel] Caps: Texture: DXT 1 PVR 0 ETC1 0 ETC2 0 Half 1
2022-06-20T02:51:49.587Z,2.587416,118c,6 [channel] Caps: Texture: 3D 1 Array 1 Depth 1 MSAA 1 MSAAFP16 0
2022-06-20T02:51:49.587Z,2.587416,118c,6 [channel] Caps: Texture: NPOT 1 PartialMips 1 CubeMipGen 1 CubeFramebuffer 1
2022-06-20T02:51:49.587Z,2.587416,118c,6 [channel] Caps: Texture: Size 16384 Units 16
2022-06-20T02:51:49.587Z,2.587416,118c,6 [channel] Caps: ConstantBufferSize 65536
2022-06-20T02:51:49.587Z,2.587416,118c,6 [channel] Caps: 32bIdx 1 Memoryless 0 mediump 0
2022-06-20T02:51:49.587Z,2.587416,118c,6 [channel] Caps: ColorBGR 0 RTFlip 0 MinusOneToOneDepth 0
2022-06-20T02:51:49.724Z,2.724972,118c,6 [FLog::Graphics] Video memory size: 2147483648
2022-06-20T02:51:49.849Z,2.849875,118c,6 [FLog::Graphics] Loaded 676 shaders from pack d3d11 variant defaultRoughnessRemap (8598140 bytes)
2022-06-20T02:51:49.849Z,2.849875,118c,6 [FLog::Graphics] Compiled 676 shaders in 143 ms
2022-06-20T02:51:50.286Z,3.286909,118c,6 [FLog::Output] Studio D3D9 GPU: VMware SVGA 3D
2022-06-20T02:51:50.286Z,3.286909,118c,6 [FLog::Output] Studio D3D9 GPU: Vendor 15ad Device 0405
2022-06-20T02:51:50.286Z,3.286909,118c,6 [FLog::Output] Studio D3D9 Driver: vm3dum_loader.dll 8.17.2.14
2022-06-20T02:51:50.288Z,3.288909,118c,6 [FLog::Output] ESGamePerfMonitor GPU: Vendor 000015ad Device 00000405
2022-06-20T02:51:50.288Z,3.288909,118c,6 [FLog::Output] ESGamePerfMonitor GPU: SubSys 040515ad Revision 00000000
2022-06-20T02:51:50.288Z,3.288909,118c,6 [FLog::Output] ESGamePerfMonitor GPU: DedicatedVidMem 4194304 DedicatedSysMem 2643976192 SharedSystemMemory 123221580930088960
2022-06-20T02:51:50.295Z,3.295913,1980,6 [FLog::Output] PlaceLauncher URL : https://assetgame.roblox.com/game/PlaceLauncher.ashx?request=RequestGame&browserTrackerId=136867614413&placeId=142823291&isPlayTogetherGame=false
2022-06-20T02:51:50.295Z,3.295913,1980,6 [FLog::GameJoinUtil] GameJoinUtil::joinGame
2022-06-20T02:51:50.295Z,3.295913,1980,6 [FLog::GameJoinUtil] GameJoinUtil::joinGamePostStandard: URL: https://gamejoin.roblox.com/v1/join-game BODY: {"placeId":142823291,"gameJoinAttemptId":"44A04A48-8785-4787-B926-43F427313E3F","browserTrackerId":"136867614413"}
2022-06-20T02:51:50.295Z,3.295913,1980,6 [FLog::GameJoinUtil] GameJoinUtil::makePlaceLauncherRequest: requestCount: 0, url: https://gamejoin.roblox.com/v1/join-game.
2022-06-20T02:51:50.296Z,3.296913,1980,6 [FLog::GameJoinUtil] Delaying request by 0.00 seconds
2022-06-20T02:51:50.310Z,3.310920,118c,6 [FLog::Graphics] LayeredClothingMode updated: LC=1 SkeletonAPI=1 HSR=1 TC2=1
2022-06-20T02:51:51.150Z,4.150229,1b14,6 [FLog::GameJoinUtil] GameJoinUtil::makePlaceLauncherRequest, response:
{"jobId":"b5c3f46e-3836-4895-b48d-1c6c3c757272","status":2,"joinScriptUrl":"https://assetgame.roblox.com/Game/Join.ashx?ticketVersion=2&ticket=%7b%22UserId%22%3a3635455297%2c%22UserName%22%3a%22ftcsvisgreat%22%2c%22DisplayName%22%3a%22ftcsvisgreat%22%2c%22CharacterFetchUrl%22%3a%22https%3a%2f%2fapi.roblox.com%2fv1.1%2favatar-fetch%2f%3fplaceId%3d142823291%26userId%3d3635455297%22%2c%22GameId%22%3a%22b5c3f46e-3836-4895-b48d-1c6c3c757272%22%2c%22PlaceId%22%3a142823291%2c%22UniverseId%22%3a66654135%2c%22ServerId%22%3a236530%2c%22ServerPort%22%3a51036%2c%22IsTeleport%22%3afalse%2c%22FollowUserId%22%3anull%2c%22TimeStamp%22%3a%226%2f19%2f2022+9%3a51%3a50+PM%22%2c%22CharacterAppearanceId%22%3a3635455297%2c%22AlternateName%22%3anull%2c%22JoinTypeId%22%3a10%2c%22MatchmakingDecisionId%22%3a%22221f3294-1630-4cee-849f-7380a07946a2%22%2c%22GameJoinMetadata%22%3a%7b%22JoinSource%22%3a0%2c%22RequestType%22%3a0%
2022-06-20T02:51:51.150Z,4.150229,1b14,6 [FLog::GameJoinUtil] Default handler, game join succeeded.
2022-06-20T02:51:51.150Z,4.150229,1b14,6 [FLog::GameJoinUtil] GameJoinUtil::processing join parameters
2022-06-20T02:51:51.150Z,4.150229,04f8,7 [FLog::Network] NetworkClient:Create
2022-06-20T02:51:51.152Z,4.152227,04f8,10 [DFLog::KeyRing] Parsed config created at: 19:56 11/23/2021.
2022-06-20T02:51:51.168Z,4.168207,04f8,6 [FLog::Output] ! Joining game 'b5c3f46e-3836-4895-b48d-1c6c3c757272' place 142823291 at 128.116.48.73
2022-06-20T02:51:51.168Z,4.168207,04f8,6 [FLog::GameJoinLoadTime] Report game_join_loadtime: placeid:142823291, join_time:0.85631399500040927819, universeid:66654135, referral_page:, sid:9abded2f-7f7a-4f0f-a29e-4dd16ec13256, clienttime:1655693511.4470000267, userid:3635455297, 
2022-06-20T02:51:51.180Z,4.180312,04f8,7 [FLog::Network] Client will attempt to connect following server endpoints with threadSleepTime(-1)
2022-06-20T02:51:51.180Z,4.180312,04f8,7 [FLog::Network] Server Address = 128.116.48.73, Port = 51036
2022-06-20T02:51:51.203Z,4.203309,04f8,7 [FLog::Network] binding socket on inaddr_any:0

2022-06-20T02:51:51.217Z,4.217307,04f8,6 [FLog::Output] Connecting to 128.116.48.73:51036
2022-06-20T02:51:51.217Z,4.217307,04f8,7 [FLog::Network] Connecting to server, IP(inet_addr): 1227912320 Port: 51036
2022-06-20T02:51:51.236Z,4.236304,1b14,7 [FLog::Network] Setting latency from Ixp tx: 0 rx: 0
2022-06-20T02:51:51.240Z,4.240303,1b14,7 [FLog::Network] Set latency from Ixp live response after 61.990700 ms
2022-06-20T02:51:51.417Z,4.417689,026c,6 [FLog::Output] Connection accepted from 128.116.48.73|51036
2022-06-20T02:51:51.417Z,4.417689,026c,7 [FLog::Network] serverId: 128.116.48.73|51036
2022-06-20T02:51:51.418Z,4.418686,026c,7 [FLog::Network] Replicator created for player 128.116.48.73|51036
2022-06-20T02:51:51.418Z,4.418686,026c,7 [FLog::Network] Replicator created: 188C2040
2022-06-20T02:51:51.609Z,4.609940,04f8,7 [FLog::Network] Time taken to initialize schema = 9.168500 ms
2022-06-20T02:51:51.610Z,4.610934,04f8,7 [FLog::Network] Assigned peer id = 864
2022-06-20T02:51:51.610Z,4.610934,04f8,7 [FLog::Network] Join snapshot timer: 0.474500
2022-06-20T02:51:52.180Z,5.180550,1b14,7 [FLog::Network] Setting latency from Ixp tx: 0 rx: 0
2022-06-20T02:51:56.018Z,9.018345,04f8,6 [FLog::Error] Error: Failed to load sound http://www.roblox.com/asset/?id=154115944: Unable to download sound data
2022-06-20T02:51:56.018Z,9.018345,04f8,6 [FLog::Error] Error: Failed to load sound http://www.roblox.com/asset/?id=170902050: Unable to download sound data
2022-06-20T02:51:56.018Z,9.018345,04f8,6 [FLog::Error] Error: Failed to load sound http://www.roblox.com/asset/?id=152890434: Unable to download sound data
2022-06-20T02:51:56.018Z,9.018345,04f8,6 [FLog::Error] Error: Failed to load sound http://www.roblox.com/asset/?id=165922914: Unable to download sound data
2022-06-20T02:51:56.018Z,9.018345,04f8,6 [FLog::Error] Error: Failed to load sound http://www.roblox.com/asset/?id=180298659: Unable to download sound data
2022-06-20T02:51:56.018Z,9.018345,04f8,6 [FLog::Error] Error: Failed to load sound http://www.roblox.com/asset/?id=167262766: Unable to download sound data
2022-06-20T02:51:56.018Z,9.018345,04f8,6 [FLog::Error] Error: Failed to load sound http://www.roblox.com/asset/?id=184721460: Unable to download sound data
2022-06-20T02:51:56.018Z,9.018345,04f8,6 [FLog::Error] Error: Failed to load sound http://www.roblox.com/asset/?id=144358933: Unable to download sound data
2022-06-20T02:51:56.020Z,9.020354,04f8,6 [FLog::Error] Error: Failed to load sound http://www.roblox.com/asset/?id=177084457: Unable to download sound data
2022-06-20T02:52:00.789Z,13.789194,04f8,6 [FLog::Output] Server RobloxGitHash: 4d6c4589e833eb28bf4e444d7eea6ce3f388fc88
2022-06-20T02:52:00.789Z,13.789194,04f8,6 [FLog::Output] Server Prefix: 0.531.0.5310423_20220619T113836Z_RCC_df412
2022-06-20T02:52:01.730Z,14.730186,04f8,6 [FLog::Error] Error: Failed to load sound rbxasset://sounds/swoosh.wav: Unable to download sound data
2022-06-20T02:52:01.730Z,14.730186,04f8,6 [FLog::Error] Error: Failed to load sound http://www.roblox.com/asset/?id=141645761: Unable to download sound data
2022-06-20T02:52:01.879Z,14.879600,118c,6 [FLog::Graphics] SolidTextures::initSolidTextures()
2022-06-20T02:52:01.879Z,14.879600,118c,6 [FLog::Graphics] Terrain TextureArray 512x512, arraySize: 36, mip: 10
2022-06-20T02:52:02.001Z,15.001375,118c,6 [FLog::Error] Asset (Image) "" load failed in Workspace.Lobby.MainLobby.Parts.MeshPart.Decal.Texture: Unexpected URL
2022-06-20T02:52:04.132Z,17.132490,118c,6 [FLog::Error] signalr: new state: 0, message: stop was called
2022-06-20T02:52:04.133Z,17.133497,118c,6 [DFLog::PerfHistogram] Performance histogram MutexContentionWait
2022-06-20T02:52:04.133Z,17.133497,118c,6 [DFLog::PerfHistogram]   <1     us : 4
2022-06-20T02:52:04.133Z,17.133497,118c,6 [DFLog::PerfHistogram]   <3     us : 0
2022-06-20T02:52:04.133Z,17.133497,118c,6 [DFLog::PerfHistogram]   <9     us : 0
2022-06-20T02:52:04.133Z,17.133497,118c,6 [DFLog::PerfHistogram]   <27    us : 0
2022-06-20T02:52:04.133Z,17.133497,118c,6 [DFLog::PerfHistogram]   <81    us : 0
2022-06-20T02:52:04.133Z,17.133497,118c,6 [DFLog::PerfHistogram]   <243   us : 0
2022-06-20T02:52:04.133Z,17.133497,118c,6 [DFLog::PerfHistogram]   <729   us : 0
2022-06-20T02:52:04.133Z,17.133497,118c,6 [DFLog::PerfHistogram]   <2187  us : 0
2022-06-20T02:52:04.133Z,17.133497,118c,6 [DFLog::PerfHistogram]   <6561  us : 0
2022-06-20T02:52:04.133Z,17.133497,118c,6 [DFLog::PerfHistogram]  (larger)   : 0
2022-06-20T02:52:05.575Z,18.575092,04f8,6 [FLog::Output] Hidden Surface Removal data for Head in john_wick2391 https://assetdelivery.roblox.com/v1/asset/?id=7430070993 is invalid, reason: HSR data is outdated. current version is 17, latest version is 18. 
2022-06-20T02:52:05.575Z,18.575092,04f8,6 [FLog::Output] Hidden Surface Removal data for Head in john_wick2391 https://assetdelivery.roblox.com/v1/asset/?id=7430070993 is invalid, reason: HSR data is outdated. current version is 17, latest version is 18. 
2022-06-20T02:52:05.575Z,18.575092,04f8,6 [FLog::Output] Hidden Surface Removal data for LeftLowerArm in john_wick2391 https://assetdelivery.roblox.com/v1/asset/?id=9552773481 is invalid, reason: HSR data is outdated. current version is 17, latest version is 18. 
2022-06-20T02:52:05.576Z,18.576097,04f8,6 [FLog::Output] Hidden Surface Removal data for LeftLowerArm in john_wick2391 https://assetdelivery.roblox.com/v1/asset/?id=9552773481 is invalid, reason: HSR data is outdated. current version is 17, latest version is 18. 
2022-06-20T02:52:05.576Z,18.576097,04f8,6 [FLog::Output] Hidden Surface Removal data for RightLowerArm in john_wick2391 https://assetdelivery.roblox.com/v1/asset/?id=9552773482 is invalid, reason: HSR data is outdated. current version is 17, latest version is 18. 
2022-06-20T02:52:05.577Z,18.577103,04f8,6 [FLog::Output] Hidden Surface Removal data for RightLowerArm in john_wick2391 https://assetdelivery.roblox.com/v1/asset/?id=9552773482 is invalid, reason: HSR data is outdated. current version is 17, latest version is 18. 
2022-06-20T02:52:05.577Z,18.577103,04f8,6 [FLog::Output] Hidden Surface Removal data for LeftUpperArm in john_wick2391 https://assetdelivery.roblox.com/v1/asset/?id=9552773529 is invalid, reason: HSR data is outdated. current version is 17, latest version is 18. 
2022-06-20T02:52:05.577Z,18.577103,04f8,6 [FLog::Output] Hidden Surface Removal data for LeftUpperArm in john_wick2391 https://assetdelivery.roblox.com/v1/asset/?id=9552773529 is invalid, reason: HSR data is outdated. current version is 17, latest version is 18. 
2022-06-20T02:52:05.577Z,18.577103,04f8,6 [FLog::Output] Hidden Surface Removal data for RightUpperArm in john_wick2391 https://assetdelivery.roblox.com/v1/asset/?id=9552773480 is invalid, reason: HSR data is outdated. current version is 17, latest version is 18. 
2022-06-20T02:52:05.577Z,18.577103,04f8,6 [FLog::Output] Hidden Surface Removal data for RightUpperArm in john_wick2391 https://assetdelivery.roblox.com/v1/asset/?id=9552773480 is invalid, reason: HSR data is outdated. current version is 17, latest version is 18. 
2022-06-20T02:52:05.577Z,18.577103,04f8,6 [FLog::Output] Hidden Surface Removal data for LowerTorso in john_wick2391 https://assetdelivery.roblox.com/v1/asset/?id=9552773541 is invalid, reason: HSR data is outdated. current version is 17, latest version is 18. 
2022-06-20T02:52:05.577Z,18.577103,04f8,6 [FLog::Output] Hidden Surface Removal data for LowerTorso in john_wick2391 https://assetdelivery.roblox.com/v1/asset/?id=9552773541 is invalid, reason: HSR data is outdated. current version is 17, latest version is 18. 
2022-06-20T02:52:05.577Z,18.577103,04f8,6 [FLog::Output] Hidden Surface Removal data for LeftLowerLeg in john_wick2391 https://assetdelivery.roblox.com/v1/asset/?id=9552773368 is invalid, reason: HSR data is outdated. current version is 17, latest version is 18. 
2022-06-20T02:52:05.578Z,18.578106,04f8,6 [FLog::Output] Hidden Surface Removal data for LeftLowerLeg in john_wick2391 https://assetdelivery.roblox.com/v1/asset/?id=9552773368 is invalid, reason: HSR data is outdated. current version is 17, latest version is 18. 
2022-06-20T02:52:05.578Z,18.578106,04f8,6 [FLog::Output] Hidden Surface Removal data for LeftUpperLeg in john_wick2391 https://assetdelivery.roblox.com/v1/asset/?id=9552773367 is invalid, reason: HSR data is outdated. current version is 17, latest version is 18. 
2022-06-20T02:52:05.578Z,18.578106,04f8,6 [FLog::Output] Hidden Surface Removal data for LeftUpperLeg in john_wick2391 https://assetdelivery.roblox.com/v1/asset/?id=9552773367 is invalid, reason: HSR data is outdated. current version is 17, latest version is 18. 
2022-06-20T02:52:05.578Z,18.578106,04f8,6 [FLog::Output] Hidden Surface Removal data for LeftFoot in john_wick2391 https://assetdelivery.roblox.com/v1/asset/?id=9552773362 is invalid, reason: HSR data is outdated. current version is 17, latest version is 18. 
2022-06-20T02:52:05.578Z,18.578106,04f8,6 [FLog::Output] Hidden Surface Removal data for LeftFoot in john_wick2391 https://assetdelivery.roblox.com/v1/asset/?id=9552773362 is invalid, reason: HSR data is outdated. current version is 17, latest version is 18. 
2022-06-20T02:52:05.578Z,18.578106,04f8,6 [FLog::Output] Hidden Surface Removal data for RightFoot in john_wick2391 https://assetdelivery.roblox.com/v1/asset/?id=9552773366 is invalid, reason: HSR data is outdated. current version is 17, latest version is 18. 
2022-06-20T02:52:05.578Z,18.578106,04f8,6 [FLog::Output] Hidden Surface Removal data for RightFoot in john_wick2391 https://assetdelivery.roblox.com/v1/asset/?id=9552773366 is invalid, reason: HSR data is outdated. current version is 17, latest version is 18. 
2022-06-20T02:52:05.579Z,18.579111,04f8,6 [FLog::Output] Hidden Surface Removal data for RightLowerLeg in john_wick2391 https://assetdelivery.roblox.com/v1/asset/?id=9552773375 is invalid, reason: HSR data is outdated. current version is 17, latest version is 18. 
2022-06-20T02:52:05.579Z,18.579111,04f8,6 [FLog::Output] Hidden Surface Removal data for RightLowerLeg in john_wick2391 https://assetdelivery.roblox.com/v1/asset/?id=9552773375 is invalid, reason: HSR data is outdated. current version is 17, latest version is 18. 
2022-06-20T02:52:05.582Z,18.582127,04f8,6 [FLog::Output] Hidden Surface Removal data for RightUpperLeg in john_wick2391 https://assetdelivery.roblox.com/v1/asset/?id=9552773376 is invalid, reason: HSR data is outdated. current version is 17, latest version is 18. 
2022-06-20T02:52:05.582Z,18.582127,04f8,6 [FLog::Output] Hidden Surface Removal data for RightUpperLeg in john_wick2391 https://assetdelivery.roblox.com/v1/asset/?id=9552773376 is invalid, reason: HSR data is outdated. current version is 17, latest version is 18. 
2022-06-20T02:52:05.582Z,18.582127,04f8,6 [FLog::Output] Hidden Surface Removal data for UpperTorso in john_wick2391 https://assetdelivery.roblox.com/v1/asset/?id=9552773552 is invalid, reason: HSR data is outdated. current version is 17, latest version is 18. 
2022-06-20T02:52:05.582Z,18.582127,04f8,6 [FLog::Output] Hidden Surface Removal data for UpperTorso in john_wick2391 https://assetdelivery.roblox.com/v1/asset/?id=9552773552 is invalid, reason: HSR data is outdated. current version is 17, latest version is 18. 
2022-06-20T02:52:05.582Z,18.582127,04f8,6 [FLog::Output] Hidden Surface Removal data for LeftHand in john_wick2391 https://assetdelivery.roblox.com/v1/asset/?id=9552773493 is invalid, reason: HSR data is outdated. current version is 17, latest version is 18. 
2022-06-20T02:52:05.582Z,18.582127,04f8,6 [FLog::Output] Hidden Surface Removal data for LeftHand in john_wick2391 https://assetdelivery.roblox.com/v1/asset/?id=9552773493 is invalid, reason: HSR data is outdated. current version is 17, latest version is 18. 
2022-06-20T02:52:05.582Z,18.582127,04f8,6 [FLog::Output] Hidden Surface Removal data for RightHand in john_wick2391 https://assetdelivery.roblox.com/v1/asset/?id=9552773374 is invalid, reason: HSR data is outdated. current version is 17, latest version is 18. 
2022-06-20T02:52:05.582Z,18.582127,04f8,6 [FLog::Output] Hidden Surface Removal data for RightHand in john_wick2391 https://assetdelivery.roblox.com/v1/asset/?id=9552773374 is invalid, reason: HSR data is outdated. current version is 17, latest version is 18. 
2022-06-20T02:52:05.584Z,18.584135,04f8,6 [FLog::Output] Hidden Surface Removal data for Handle https://assetdelivery.roblox.com/v1/asset/?id=7019479217 is invalid, reason: HSR data is outdated. current version is 16, latest version is 18. 
2022-06-20T02:52:05.584Z,18.584135,04f8,6 [FLog::Output] Hidden Surface Removal data for Handle https://assetdelivery.roblox.com/v1/asset/?id=7019479217 is invalid, reason: HSR data is outdated. current version is 16, latest version is 18. 
2022-06-20T02:52:05.584Z,18.584135,04f8,6 [FLog::Output] Hidden Surface Removal data for Handle https://assetdelivery.roblox.com/v1/asset/?id=7019479218 is invalid, reason: HSR data is outdated. current version is 16, latest version is 18. 
2022-06-20T02:52:05.584Z,18.584135,04f8,6 [FLog::Output] Hidden Surface Removal data for Handle https://assetdelivery.roblox.com/v1/asset/?id=7019479218 is invalid, reason: HSR data is outdated. current version is 16, latest version is 18. 
2022-06-20T02:52:05.598Z,18.598202,118c,7 [FLog::Network] Client:Disconnect
2022-06-20T02:52:05.598Z,18.598202,118c,7 [DFLog::MegaReplicatorLogDisconnectCleanUpLog] MRD cleanup WorkerCount available: 2, for MRD table size: 277851
2022-06-20T02:52:05.733Z,18.733334,118c,7 [FLog::Network] Time to disconnect replication data: 136.124603
2022-06-20T02:52:05.893Z,18.893253,1804,6 [FLog::Error] Asset (Image) "https://assetdelivery.roblox.com/v1/asset?id=431017394" load failed in Workspace.Lobby.MainLobby.Parts.MeshPart.TextureID: Request failed
2022-06-20T02:52:06.675Z,19.675261,118c,7 [FLog::Network] Sending disconnect with reason: 285
2022-06-20T02:52:06.771Z,19.771273,14ec,7 [FLog::Network] Connection lost
2022-06-20T02:52:06.771Z,19.771273,14ec,7 [FLog::Network] Connection lost: connectMode: Disconnect ASAP, timeMS:19769, connectionTime 4348
2022-06-20T02:52:06.771Z,19.771273,14ec,7 [FLog::Network] Connection lost: AckTimeout 0, IsOutgoingDataWaiting 0
2022-06-20T02:52:06.771Z,19.771273,14ec,7 [FLog::Network] Disconnection Notification. Reason: 285
2022-06-20T02:52:07.288Z,20.288200,118c,12 [DFLog::HttpTraceError] HttpResponse(#379 319FE528) time:613.4ms (net:461.9ms callback:0.0ms timeInRetryQueue:0.0ms) error:9 message:HttpError: Aborted url:"https://assetgame.roblox.com/Game/ClientPresence.ashx?version=old&PlaceID=142823291&GameID=b5c3f46e-3836-4895-b48d-1c6c3c757272&UserID=3635455297&disconnect=true" ip: external:0 numberOfTimesRetried:0
2022-06-20T02:52:07.289Z,20.289175,118c,6 [FLog::Output] OnDisconnect http req time:613.91ms (timeout)
2022-06-20T02:52:07.290Z,20.290150,118c,7 [FLog::Network] Replicator destroyed: 188C2040
2022-06-20T02:52:07.292Z,20.292099,118c,7 [FLog::Network] Sending disconnect with reason: 285
2022-06-20T02:52:13.338Z,26.338549,118c,7 [FLog::Network] Client:Disconnect
2022-06-20T02:52:13.360Z,26.360537,118c,6 [FLog::Output] Closing Fmod (as 38, ml 0, sl 0).
2022-06-20T02:52:13.528Z,26.528795,118c,6 [FLog::Output] Fmod Closed.
2022-06-20T02:52:13.534Z,26.534826,118c,7 [FLog::Network] NetworkClient:Remove
2022-06-20T02:52:13.534Z,26.534826,118c,7 [DFLog::MegaReplicatorLogDisconnectCleanUpLog] Destroying MegaReplicator.
2022-06-20T02:52:15.636Z,28.636902,118c,12 [DFLog::HttpTraceError] HttpResponse(#382 2DC88148) time:100.6ms (net:100.2ms callback:0.0ms timeInRetryQueue:0.0ms) error:9 message:HttpError: Aborted url:"https://client-telemetry.roblox.com" ip: external:0 numberOfTimesRetried:0
