2022-06-20T02:49:19.097Z,0.097946,04d0,6 [FLog::Output] RobloxGitHash: 4d6c4589e833eb28bf4e444d7eea6ce3f388fc88
2022-06-20T02:49:19.098Z,0.098946,04d0,6 [FLog::Output] The channel is production
2022-06-20T02:49:19.375Z,0.375758,04d0,6 [FLog::Error] Test log: Map check complete and successful!
2022-06-20T02:49:19.377Z,0.377717,04d0,6 [FLog::Error] Dynamic initializer test result: SUCCESS
2022-06-20T02:49:19.377Z,0.377717,04d0,6 [FLog::Output] TaskSchedulerMk2::applyAsyncTaskThreadCount( 3 ) <req: 0 active: 0>
2022-06-20T02:49:19.382Z,0.382615,04d0,6 [FLog::Output] TaskSchedulerMk2::applyAsyncTaskThreadCount( 3 ) <req: 3 active: 3>
2022-06-20T02:49:19.451Z,0.451185,04d0,6 [FLog::Output] Loading AppSettings.xml from C:\Users\adminbot6000\AppData\Local\Roblox\Versions\version-fb795406f04b4467\AppSettings.xml
2022-06-20T02:49:19.454Z,0.454124,04d0,6 [FLog::Output] setAssetFolder content
2022-06-20T02:49:19.456Z,0.456083,04d0,6 [FLog::Output] setExtraAssetFolder C:/Users\adminbot6000\AppData\Local\Roblox\Versions\version-fb795406f04b4467\ExtraContent
2022-06-20T02:49:19.704Z,0.704456,04d0,6 [FLog::Output] CrashReporter Start
2022-06-20T02:49:19.706Z,0.706451,04d0,6 [FLog::Output] The crash upload percentage is 10
2022-06-20T02:49:19.706Z,0.706451,04d0,6 [FLog::Output] Authentication request URL: https://auth.roblox.com/v1/authentication-ticket/redeem ticket: KHMx4HliDgXb3kkNoWYxgmP1CSrfhCL-2Xh34y4H-nhvvMaNT0i8OUchSRaLM5V1fAwJcSEl82dHn7HbFQy2Z9kSZagFRdHqzSEtkPO4iCFzjbYnXjtkaXlvESoZK4ELhuW1x78sitybEDUMRqbWmuPpWBVp_6Y7iLmRw-slon-fyDvr3-HL2Z_zQiLQFNQ_OqM0HUaFwNRdhQ0C7noHtZxk67Lvrv1brheXYVnHO6M
2022-06-20T02:49:19.710Z,0.710441,0e0c,6 [FLog::Output] WatcherThread Started
2022-06-20T02:49:21.272Z,2.272887,04d0,6 [FLog::Error] Error: Important !Loading shader files
2022-06-20T02:49:21.273Z,2.273897,04d0,6 [FLog::Output] TaskSchedulerMk2::applyAsyncTaskThreadCount( 3 ) <req: 3 active: 3>
2022-06-20T02:49:21.274Z,2.274906,04d0,6 [FLog::Output] Info: Initializing new game
2022-06-20T02:49:21.292Z,2.292062,04d0,6 [FLog::Output] account = UA-43420590-14, schedule = 500
2022-06-20T02:49:21.292Z,2.292062,04d0,6 [FLog::Output] TaskSchedulerMk2::applyAsyncTaskThreadCount( 3 ) <req: 3 active: 3>
2022-06-20T02:49:21.792Z,2.792534,04d0,6 [FLog::Output] Hello Avatars!
2022-06-20T02:49:21.792Z,2.792534,04d0,6 [FLog::Output] Hello! <Tap tap> Is this thing on?
2022-06-20T02:49:21.792Z,2.792534,04d0,6 [FLog::Output] Hello World will suffice.
2022-06-20T02:49:21.792Z,2.792534,04d0,6 [FLog::Output] Hello from a lush garden!
2022-06-20T02:49:21.792Z,2.792534,04d0,6 [FLog::Output] Hello! Happy to meet you.
2022-06-20T02:49:21.792Z,2.792534,04d0,6 [FLog::Output] Hello Cool Kids!
2022-06-20T02:49:21.792Z,2.792534,04d0,6 [FLog::Output] Hello! Let's hope this works.
2022-06-20T02:49:21.792Z,2.792534,04d0,6 [FLog::Output] Hello from the other side of the galaxy!
2022-06-20T02:49:22.046Z,3.046252,04d0,6 [FLog::VR] VR: VR_IsSteamVRRunning returned false
2022-06-20T02:49:22.072Z,3.072471,04d0,6 [FLog::Graphics] D3D11 Adapter: VMware SVGA 3D
2022-06-20T02:49:22.073Z,3.073472,04d0,6 [FLog::Graphics] D3D11 Adapter: Vendor 15ad Device 0405 VRAM 4 RAM 2521
2022-06-20T02:49:22.073Z,3.073472,04d0,6 [channel] Caps: ThreadSafe 0 Framebuffer 1 FpFramebuffer 1 Shaders 1 Compute 1 Instancing 1 ConstBuffers 1
2022-06-20T02:49:22.073Z,3.073472,04d0,6 [channel] Caps: Framebuffer: MRT 8 MSAA 8 Stencil 1
2022-06-20T02:49:22.073Z,3.073472,04d0,6 [channel] Caps: Framebuffer: Depth16 1 Depth24 1 DepthFloat 1 DepthClamp 1
2022-06-20T02:49:22.073Z,3.073472,04d0,6 [channel] Caps: Border Color 1
2022-06-20T02:49:22.073Z,3.073472,04d0,6 [channel] Caps: Texture: RGB10A2 1 RG11B10F 1
2022-06-20T02:49:22.073Z,3.073472,04d0,6 [channel] Caps: Texture: DXT 1 PVR 0 ETC1 0 ETC2 0 Half 1
2022-06-20T02:49:22.074Z,3.074473,04d0,6 [channel] Caps: Texture: 3D 1 Array 1 Depth 1 MSAA 1 MSAAFP16 0
2022-06-20T02:49:22.074Z,3.074473,04d0,6 [channel] Caps: Texture: NPOT 1 PartialMips 1 CubeMipGen 1 CubeFramebuffer 1
2022-06-20T02:49:22.074Z,3.074473,04d0,6 [channel] Caps: Texture: Size 16384 Units 16
2022-06-20T02:49:22.074Z,3.074473,04d0,6 [channel] Caps: ConstantBufferSize 65536
2022-06-20T02:49:22.074Z,3.074473,04d0,6 [channel] Caps: 32bIdx 1 Memoryless 0 mediump 0
2022-06-20T02:49:22.074Z,3.074473,04d0,6 [channel] Caps: ColorBGR 0 RTFlip 0 MinusOneToOneDepth 0
2022-06-20T02:49:22.405Z,3.405816,04d0,6 [FLog::Graphics] Video memory size: 2147483648
2022-06-20T02:49:22.766Z,3.766140,04d0,6 [FLog::Graphics] Loaded 676 shaders from pack d3d11 variant defaultRoughnessRemap (8598140 bytes)
2022-06-20T02:49:22.766Z,3.766140,04d0,6 [FLog::Graphics] Compiled 676 shaders in 362 ms
2022-06-20T02:49:23.557Z,4.557611,04d0,6 [FLog::Output] Studio D3D9 GPU: VMware SVGA 3D
2022-06-20T02:49:23.557Z,4.557611,04d0,6 [FLog::Output] Studio D3D9 GPU: Vendor 15ad Device 0405
2022-06-20T02:49:23.557Z,4.557611,04d0,6 [FLog::Output] Studio D3D9 Driver: vm3dum_loader.dll 8.17.2.14
2022-06-20T02:49:23.558Z,4.558606,04d0,6 [FLog::Output] ESGamePerfMonitor GPU: Vendor 000015ad Device 00000405
2022-06-20T02:49:23.558Z,4.558606,04d0,6 [FLog::Output] ESGamePerfMonitor GPU: SubSys 040515ad Revision 00000000
2022-06-20T02:49:23.559Z,4.559602,04d0,6 [FLog::Output] ESGamePerfMonitor GPU: DedicatedVidMem 4194304 DedicatedSysMem 2643976192 SharedSystemMemory 123221580930088960
2022-06-20T02:49:23.572Z,4.572168,09ec,6 [FLog::Output] PlaceLauncher URL : https://assetgame.roblox.com/game/PlaceLauncher.ashx?request=RequestGame&browserTrackerId=136867614413&placeId=2768379856&isPlayTogetherGame=false
2022-06-20T02:49:23.573Z,4.573170,09ec,6 [FLog::GameJoinUtil] GameJoinUtil::joinGame
2022-06-20T02:49:23.573Z,4.573170,09ec,6 [FLog::GameJoinUtil] GameJoinUtil::joinGamePostStandard: URL: https://gamejoin.roblox.com/v1/join-game BODY: {"placeId":2768379856,"gameJoinAttemptId":"646181C5-C866-4195-B3D4-1EF1ABDF56FE","browserTrackerId":"136867614413"}
2022-06-20T02:49:23.574Z,4.574172,09ec,6 [FLog::GameJoinUtil] GameJoinUtil::makePlaceLauncherRequest: requestCount: 0, url: https://gamejoin.roblox.com/v1/join-game.
2022-06-20T02:49:23.574Z,4.574172,09ec,6 [FLog::GameJoinUtil] Delaying request by 0.00 seconds
2022-06-20T02:49:23.587Z,4.587195,04d0,6 [FLog::Graphics] LayeredClothingMode updated: LC=1 SkeletonAPI=1 HSR=1 TC2=1
2022-06-20T02:49:24.388Z,5.388382,1374,6 [FLog::GameJoinUtil] GameJoinUtil::makePlaceLauncherRequest, response:
{"jobId":"6165305a-7cae-4510-94fb-0b50d6851f3e","status":2,"joinScriptUrl":"https://assetgame.roblox.com/Game/Join.ashx?ticketVersion=2&ticket=%7b%22UserId%22%3a3635455297%2c%22UserName%22%3a%22ftcsvisgreat%22%2c%22DisplayName%22%3a%22ftcsvisgreat%22%2c%22CharacterFetchUrl%22%3a%22https%3a%2f%2fapi.roblox.com%2fv1.1%2favatar-fetch%2f%3fplaceId%3d2768379856%26userId%3d3635455297%22%2c%22GameId%22%3a%226165305a-7cae-4510-94fb-0b50d6851f3e%22%2c%22PlaceId%22%3a2768379856%2c%22UniverseId%22%3a1000233041%2c%22ServerId%22%3a127846%2c%22ServerPort%22%3a65259%2c%22IsTeleport%22%3afalse%2c%22FollowUserId%22%3anull%2c%22TimeStamp%22%3a%226%2f19%2f2022+9%3a49%3a23+PM%22%2c%22CharacterAppearanceId%22%3a3635455297%2c%22AlternateName%22%3anull%2c%22JoinTypeId%22%3a10%2c%22MatchmakingDecisionId%22%3a%224df2c8ca-8423-473d-aa03-2d1dd5cdb731%22%2c%22GameJoinMetadata%22%3a%7b%22JoinSource%22%3a0%2c%22RequestType%22%
2022-06-20T02:49:24.389Z,5.389382,1374,6 [FLog::GameJoinUtil] Default handler, game join succeeded.
2022-06-20T02:49:24.389Z,5.389382,1374,6 [FLog::GameJoinUtil] GameJoinUtil::processing join parameters
2022-06-20T02:49:24.392Z,5.392383,1220,7 [FLog::Network] NetworkClient:Create
2022-06-20T02:49:24.393Z,5.393383,1220,10 [DFLog::KeyRing] Parsed config created at: 19:56 11/23/2021.
2022-06-20T02:49:24.443Z,5.443397,1220,6 [FLog::Output] ! Joining game '6165305a-7cae-4510-94fb-0b50d6851f3e' place 2768379856 at 128.116.28.87
2022-06-20T02:49:24.443Z,5.443397,1220,6 [FLog::GameJoinLoadTime] Report game_join_loadtime: placeid:2768379856, join_time:0.82021316500007301897, universeid:1000233041, referral_page:, sid:461f5355-7d38-409d-a476-536db34879ca, clienttime:1655693364.5099999905, userid:3635455297, 
2022-06-20T02:49:24.459Z,5.459402,1220,7 [FLog::Network] Client will attempt to connect following server endpoints with threadSleepTime(-1)
2022-06-20T02:49:24.459Z,5.459402,1220,7 [FLog::Network] Server Address = 128.116.28.87, Port = 65259
2022-06-20T02:49:24.463Z,5.463402,1220,7 [FLog::Network] binding socket on inaddr_any:0

2022-06-20T02:49:24.487Z,5.487468,1220,6 [FLog::Output] Connecting to 128.116.28.87:65259
2022-06-20T02:49:24.487Z,5.487468,1220,7 [FLog::Network] Connecting to server, IP(inet_addr): 1461482624 Port: 65259
2022-06-20T02:49:24.599Z,5.599748,1374,7 [FLog::Network] Setting latency from Ixp tx: 0 rx: 0
2022-06-20T02:49:24.599Z,5.599748,1374,7 [FLog::Network] Set latency from Ixp live response after 140.346710 ms
2022-06-20T02:49:24.669Z,5.669927,1220,6 [FLog::Output] Connection accepted from 128.116.28.87|65259
2022-06-20T02:49:24.670Z,5.670929,1220,7 [FLog::Network] serverId: 128.116.28.87|65259
2022-06-20T02:49:24.670Z,5.670929,1220,7 [FLog::Network] Replicator created for player 128.116.28.87|65259
2022-06-20T02:49:24.670Z,5.670929,1220,7 [FLog::Network] Replicator created: 191CC048
2022-06-20T02:49:24.801Z,5.801098,1220,7 [FLog::Network] Time taken to initialize schema = 5.599100 ms
2022-06-20T02:49:24.801Z,5.801098,1220,7 [FLog::Network] Assigned peer id = 450
2022-06-20T02:49:24.802Z,5.802099,1220,7 [FLog::Network] Join snapshot timer: 0.139200
2022-06-20T02:49:25.425Z,6.425494,1374,7 [FLog::Network] Setting latency from Ixp tx: 0 rx: 0
2022-06-20T02:49:25.475Z,6.475119,04d0,6 [FLog::Graphics] Setting screen DPI scale to 0.00 (was 1.00)
2022-06-20T02:49:25.833Z,6.833077,04d0,6 [FLog::Error] signalr: new state: 0, message: stop was called
2022-06-20T02:49:25.919Z,6.919919,04d0,6 [DFLog::PerfHistogram] Performance histogram MutexContentionWait
2022-06-20T02:49:25.922Z,6.922917,04d0,6 [DFLog::PerfHistogram]   <1     us : 0
2022-06-20T02:49:25.928Z,6.928916,04d0,6 [DFLog::PerfHistogram]   <3     us : 0
2022-06-20T02:49:25.933Z,6.933914,04d0,6 [DFLog::PerfHistogram]   <9     us : 0
2022-06-20T02:49:25.933Z,6.933914,04d0,6 [DFLog::PerfHistogram]   <27    us : 0
2022-06-20T02:49:25.933Z,6.933914,04d0,6 [DFLog::PerfHistogram]   <81    us : 0
2022-06-20T02:49:25.934Z,6.934913,04d0,6 [DFLog::PerfHistogram]   <243   us : 0
2022-06-20T02:49:25.934Z,6.934913,04d0,6 [DFLog::PerfHistogram]   <729   us : 0
2022-06-20T02:49:25.934Z,6.934913,04d0,6 [DFLog::PerfHistogram]   <2187  us : 0
2022-06-20T02:49:25.936Z,6.936913,04d0,6 [DFLog::PerfHistogram]   <6561  us : 0
2022-06-20T02:49:25.936Z,6.936913,04d0,6 [DFLog::PerfHistogram]  (larger)   : 0
2022-06-20T02:49:26.054Z,7.054511,04d0,7 [FLog::Network] Client:Disconnect
2022-06-20T02:49:26.196Z,7.196985,04d0,7 [DFLog::MegaReplicatorLogDisconnectCleanUpLog] MRD cleanup WorkerCount available: 1, for MRD table size: 30
2022-06-20T02:49:26.197Z,7.197987,04d0,7 [FLog::Network] Time to disconnect replication data: 0.263100
2022-06-20T02:49:26.199Z,7.199990,04d0,7 [FLog::Network] Sending disconnect with reason: 285
2022-06-20T02:49:26.267Z,7.267078,17b4,7 [FLog::Network] Connection lost
2022-06-20T02:49:26.269Z,7.269082,17b4,7 [FLog::Network] Connection lost: connectMode: Disconnect ASAP, timeMS:7268, connectionTime 5567
2022-06-20T02:49:26.270Z,7.270083,17b4,7 [FLog::Network] Connection lost: AckTimeout 0, IsOutgoingDataWaiting 0
2022-06-20T02:49:26.270Z,7.270083,17b4,7 [FLog::Network] Disconnection Notification. Reason: 285
2022-06-20T02:49:26.967Z,7.967403,04d0,6 [FLog::Output] OnDisconnect http req time:767.41ms
2022-06-20T02:49:26.970Z,7.970386,04d0,7 [FLog::Network] Replicator destroyed: 191CC048
2022-06-20T02:49:26.972Z,7.972373,04d0,7 [FLog::Network] Sending disconnect with reason: 285
2022-06-20T02:49:27.140Z,8.140529,04d0,7 [FLog::Network] Client:Disconnect
2022-06-20T02:49:27.157Z,8.157443,04d0,6 [FLog::Output] Closing Fmod (as 0, ml 0, sl 0).
2022-06-20T02:49:27.266Z,8.266953,04d0,6 [FLog::Output] Fmod Closed.
2022-06-20T02:49:27.268Z,8.268958,04d0,7 [FLog::Network] NetworkClient:Remove
2022-06-20T02:49:27.268Z,8.268958,04d0,7 [DFLog::MegaReplicatorLogDisconnectCleanUpLog] Destroying MegaReplicator.
2022-06-20T02:49:28.198Z,9.198022,04d0,12 [DFLog::HttpTraceError] HttpResponse(#33 0DE29000) time:127.1ms (net:127.0ms callback:0.0ms timeInRetryQueue:0.0ms) error:9 message:HttpError: Aborted url:"https://client-telemetry.roblox.com" ip: external:0 numberOfTimesRetried:0
