2022-06-20T04:28:18.095Z,0.095769,0b58,6 [FLog::Output] RobloxGitHash: 4d6c4589e833eb28bf4e444d7eea6ce3f388fc88
2022-06-20T04:28:18.096Z,0.096769,0b58,6 [FLog::Output] The channel is production
2022-06-20T04:28:18.320Z,0.320643,0b58,6 [FLog::Error] Test log: Map check complete and successful!
2022-06-20T04:28:18.320Z,0.320643,0b58,6 [FLog::Error] Dynamic initializer test result: SUCCESS
2022-06-20T04:28:18.320Z,0.320643,0b58,6 [FLog::Output] TaskSchedulerMk2::applyAsyncTaskThreadCount( 3 ) <req: 0 active: 0>
2022-06-20T04:28:18.326Z,0.326685,0b58,6 [FLog::Output] TaskSchedulerMk2::applyAsyncTaskThreadCount( 3 ) <req: 3 active: 3>
2022-06-20T04:28:18.390Z,0.390339,0b58,6 [FLog::Output] Loading AppSettings.xml from C:\Users\adminbot6000\AppData\Local\Roblox\Versions\version-fb795406f04b4467\AppSettings.xml
2022-06-20T04:28:18.391Z,0.391324,0b58,6 [FLog::Output] setAssetFolder content
2022-06-20T04:28:18.394Z,0.394277,0b58,6 [FLog::Output] setExtraAssetFolder C:/Users\adminbot6000\AppData\Local\Roblox\Versions\version-fb795406f04b4467\ExtraContent
2022-06-20T04:28:18.607Z,0.607730,0b58,6 [FLog::Output] CrashReporter Start
2022-06-20T04:28:18.607Z,0.607730,0b58,6 [FLog::Output] The crash upload percentage is 10
2022-06-20T04:28:18.613Z,0.613730,0b58,6 [FLog::Output] Authentication request URL: https://auth.roblox.com/v1/authentication-ticket/redeem ticket: Kbbkwu_JUI1OI2XmbOfFi-I1iXqIAhaY_0YWh0bPB7A1JyKPWsidltBBLKUws835hUapgIkPH1_Ht8v4WaiSh0rYYPep8OhgAJb4bkh0nq59R9EOycEDAogmqgUW9nJOI5GUm-Dxx4_wgK-_miMV0zMf3vvZryiuOksVzo7pYqKjNOFY5FPpk_fAUyRPqqdNetD2untQJSbDuPiL09QeloZu_DLccobx4HVa-MIgclQ
2022-06-20T04:28:18.619Z,0.619731,0750,6 [FLog::Output] WatcherThread Started
2022-06-20T04:28:20.817Z,2.817540,0b58,6 [FLog::Error] Error: Important !Loading shader files
2022-06-20T04:28:20.820Z,2.820538,0b58,6 [FLog::Output] TaskSchedulerMk2::applyAsyncTaskThreadCount( 3 ) <req: 3 active: 3>
2022-06-20T04:28:20.821Z,2.821537,0b58,6 [FLog::Output] Info: Initializing new game
2022-06-20T04:28:20.842Z,2.842526,0b58,6 [FLog::Output] account = UA-43420590-14, schedule = 500
2022-06-20T04:28:20.843Z,2.843525,0b58,6 [FLog::Output] TaskSchedulerMk2::applyAsyncTaskThreadCount( 3 ) <req: 3 active: 3>
2022-06-20T04:28:21.338Z,3.338123,0b58,6 [FLog::Output] Hello Avatars!
2022-06-20T04:28:21.340Z,3.340140,0b58,6 [FLog::Output] Hello! <Tap tap> Is this thing on?
2022-06-20T04:28:21.340Z,3.340140,0b58,6 [FLog::Output] Hello World will suffice.
2022-06-20T04:28:21.340Z,3.340140,0b58,6 [FLog::Output] Hello from a lush garden!
2022-06-20T04:28:21.340Z,3.340140,0b58,6 [FLog::Output] Hello! Happy to meet you.
2022-06-20T04:28:21.340Z,3.340140,0b58,6 [FLog::Output] Hello Cool Kids!
2022-06-20T04:28:21.340Z,3.340140,0b58,6 [FLog::Output] Hello! Let's hope this works.
2022-06-20T04:28:21.340Z,3.340140,0b58,6 [FLog::Output] Hello from the other side of the galaxy!
2022-06-20T04:28:21.590Z,3.590854,0b58,6 [FLog::VR] VR: VR_IsSteamVRRunning returned false
2022-06-20T04:28:21.626Z,3.626264,0b58,6 [FLog::Graphics] D3D11 Adapter: VMware SVGA 3D
2022-06-20T04:28:21.627Z,3.627276,0b58,6 [FLog::Graphics] D3D11 Adapter: Vendor 15ad Device 0405 VRAM 4 RAM 2521
2022-06-20T04:28:21.627Z,3.627276,0b58,6 [channel] Caps: ThreadSafe 0 Framebuffer 1 FpFramebuffer 1 Shaders 1 Compute 1 Instancing 1 ConstBuffers 1
2022-06-20T04:28:21.627Z,3.627276,0b58,6 [channel] Caps: Framebuffer: MRT 8 MSAA 8 Stencil 1
2022-06-20T04:28:21.627Z,3.627276,0b58,6 [channel] Caps: Framebuffer: Depth16 1 Depth24 1 DepthFloat 1 DepthClamp 1
2022-06-20T04:28:21.627Z,3.627276,0b58,6 [channel] Caps: Border Color 1
2022-06-20T04:28:21.627Z,3.627276,0b58,6 [channel] Caps: Texture: RGB10A2 1 RG11B10F 1
2022-06-20T04:28:21.627Z,3.627276,0b58,6 [channel] Caps: Texture: DXT 1 PVR 0 ETC1 0 ETC2 0 Half 1
2022-06-20T04:28:21.627Z,3.627276,0b58,6 [channel] Caps: Texture: 3D 1 Array 1 Depth 1 MSAA 1 MSAAFP16 0
2022-06-20T04:28:21.627Z,3.627276,0b58,6 [channel] Caps: Texture: NPOT 1 PartialMips 1 CubeMipGen 1 CubeFramebuffer 1
2022-06-20T04:28:21.627Z,3.627276,0b58,6 [channel] Caps: Texture: Size 16384 Units 16
2022-06-20T04:28:21.627Z,3.627276,0b58,6 [channel] Caps: ConstantBufferSize 65536
2022-06-20T04:28:21.627Z,3.627276,0b58,6 [channel] Caps: 32bIdx 1 Memoryless 0 mediump 0
2022-06-20T04:28:21.627Z,3.627276,0b58,6 [channel] Caps: ColorBGR 0 RTFlip 0 MinusOneToOneDepth 0
2022-06-20T04:28:21.672Z,3.672481,0b58,6 [FLog::Graphics] Video memory size: 2147483648
2022-06-20T04:28:21.861Z,3.861705,0b58,6 [FLog::Graphics] Loaded 676 shaders from pack d3d11 variant defaultRoughnessRemap (8598140 bytes)
2022-06-20T04:28:21.863Z,3.863687,0b58,6 [FLog::Graphics] Compiled 676 shaders in 190 ms
2022-06-20T04:28:22.351Z,4.351241,0b58,6 [FLog::Output] Studio D3D9 GPU: VMware SVGA 3D
2022-06-20T04:28:22.351Z,4.351241,0b58,6 [FLog::Output] Studio D3D9 GPU: Vendor 15ad Device 0405
2022-06-20T04:28:22.351Z,4.351241,0b58,6 [FLog::Output] Studio D3D9 Driver: vm3dum_loader.dll 8.17.2.14
2022-06-20T04:28:22.351Z,4.351241,0b58,6 [FLog::Output] ESGamePerfMonitor GPU: Vendor 000015ad Device 00000405
2022-06-20T04:28:22.351Z,4.351241,0b58,6 [FLog::Output] ESGamePerfMonitor GPU: SubSys 040515ad Revision 00000000
2022-06-20T04:28:22.351Z,4.351241,0b58,6 [FLog::Output] ESGamePerfMonitor GPU: DedicatedVidMem 4194304 DedicatedSysMem 2643976192 SharedSystemMemory 123221580930088960
2022-06-20T04:28:22.357Z,4.357265,18f8,6 [FLog::Output] PlaceLauncher URL : https://assetgame.roblox.com/game/PlaceLauncher.ashx?request=RequestGame&browserTrackerId=136867614413&placeId=2768379856&isPlayTogetherGame=false
2022-06-20T04:28:22.359Z,4.359274,18f8,6 [FLog::GameJoinUtil] GameJoinUtil::joinGame
2022-06-20T04:28:22.359Z,4.359274,18f8,6 [FLog::GameJoinUtil] GameJoinUtil::joinGamePostStandard: URL: https://gamejoin.roblox.com/v1/join-game BODY: {"placeId":2768379856,"gameJoinAttemptId":"45088B1F-9F25-4238-85FA-01F182E00E0B","browserTrackerId":"136867614413"}
2022-06-20T04:28:22.360Z,4.360278,18f8,6 [FLog::GameJoinUtil] GameJoinUtil::makePlaceLauncherRequest: requestCount: 0, url: https://gamejoin.roblox.com/v1/join-game.
2022-06-20T04:28:22.360Z,4.360278,18f8,6 [FLog::GameJoinUtil] Delaying request by 0.00 seconds
2022-06-20T04:28:22.383Z,4.383439,0b58,6 [FLog::Graphics] LayeredClothingMode updated: LC=1 SkeletonAPI=1 HSR=1 TC2=1
2022-06-20T04:28:23.259Z,5.259397,1f70,6 [FLog::GameJoinUtil] GameJoinUtil::makePlaceLauncherRequest, response:
{"jobId":"a5822e4b-b0af-43b2-9b79-0fe26b1a37b9","status":2,"joinScriptUrl":"https://assetgame.roblox.com/Game/Join.ashx?ticketVersion=2&ticket=%7b%22UserId%22%3a3635455297%2c%22UserName%22%3a%22ftcsvisgreat%22%2c%22DisplayName%22%3a%22ftcsvisgreat%22%2c%22CharacterFetchUrl%22%3a%22https%3a%2f%2fapi.roblox.com%2fv1.1%2favatar-fetch%2f%3fplaceId%3d2768379856%26userId%3d3635455297%22%2c%22GameId%22%3a%22a5822e4b-b0af-43b2-9b79-0fe26b1a37b9%22%2c%22PlaceId%22%3a2768379856%2c%22UniverseId%22%3a1000233041%2c%22ServerId%22%3a129576%2c%22ServerPort%22%3a50751%2c%22IsTeleport%22%3afalse%2c%22FollowUserId%22%3anull%2c%22TimeStamp%22%3a%226%2f19%2f2022+11%3a28%3a23+PM%22%2c%22CharacterAppearanceId%22%3a3635455297%2c%22AlternateName%22%3anull%2c%22JoinTypeId%22%3a10%2c%22MatchmakingDecisionId%22%3a%22638810c5-7712-4cdf-a1d7-0eff1874f2ec%22%2c%22GameJoinMetadata%22%3a%7b%22JoinSource%22%3a0%2c%22RequestType%22
2022-06-20T04:28:23.262Z,5.262387,1f70,6 [FLog::GameJoinUtil] Default handler, game join succeeded.
2022-06-20T04:28:23.264Z,5.264380,1f70,6 [FLog::GameJoinUtil] GameJoinUtil::processing join parameters
2022-06-20T04:28:23.265Z,5.265491,1038,7 [FLog::Network] NetworkClient:Create
2022-06-20T04:28:23.265Z,5.265491,1038,10 [DFLog::KeyRing] Parsed config created at: 19:56 11/23/2021.
2022-06-20T04:28:23.301Z,5.301410,1038,6 [FLog::Output] ! Joining game 'a5822e4b-b0af-43b2-9b79-0fe26b1a37b9' place 2768379856 at 128.116.76.241
2022-06-20T04:28:23.301Z,5.301410,1038,6 [FLog::GameJoinLoadTime] Report game_join_loadtime: placeid:2768379856, join_time:0.90621738999898315825, universeid:1000233041, referral_page:, sid:d125400a-da35-4261-83a7-6434b405e2ad, clienttime:1655699303.9460000992, userid:3635455297, 
2022-06-20T04:28:23.312Z,5.312385,1038,7 [FLog::Network] Client will attempt to connect following server endpoints with threadSleepTime(-1)
2022-06-20T04:28:23.312Z,5.312385,1038,7 [FLog::Network] Server Address = 128.116.76.241, Port = 50751
2022-06-20T04:28:23.314Z,5.314380,1038,7 [FLog::Network] binding socket on inaddr_any:0

2022-06-20T04:28:23.339Z,5.339324,1038,6 [FLog::Output] Connecting to 128.116.76.241:50751
2022-06-20T04:28:23.339Z,5.339324,1038,7 [FLog::Network] Connecting to server, IP(inet_addr): 4048319616 Port: 50751
2022-06-20T04:28:23.424Z,5.424306,1f70,7 [FLog::Network] Setting latency from Ixp tx: 0 rx: 0
2022-06-20T04:28:23.424Z,5.424306,1f70,7 [FLog::Network] Set latency from Ixp live response after 112.919273 ms
2022-06-20T04:28:23.573Z,5.573649,17e0,6 [FLog::Output] Connection accepted from 128.116.76.241|50751
2022-06-20T04:28:23.578Z,5.578616,17e0,7 [FLog::Network] serverId: 128.116.76.241|50751
2022-06-20T04:28:23.578Z,5.578616,17e0,7 [FLog::Network] Replicator created for player 128.116.76.241|50751
2022-06-20T04:28:23.578Z,5.578616,17e0,7 [FLog::Network] Replicator created: 18BBA040
2022-06-20T04:28:23.833Z,5.833099,17e0,7 [FLog::Network] Time taken to initialize schema = 9.363100 ms
2022-06-20T04:28:23.833Z,5.833099,17e0,7 [FLog::Network] Assigned peer id = 595
2022-06-20T04:28:23.834Z,5.834101,17e0,7 [FLog::Network] Join snapshot timer: 0.240700
2022-06-20T04:28:24.556Z,6.556298,1f70,7 [FLog::Network] Setting latency from Ixp tx: 0 rx: 0
2022-06-20T04:28:28.594Z,10.594973,1038,6 [FLog::Output] Server RobloxGitHash: 4d6c4589e833eb28bf4e444d7eea6ce3f388fc88
2022-06-20T04:28:28.594Z,10.594973,1038,6 [FLog::Output] Server Prefix: 0.531.0.5310423_20220619T170528Z_RCC_72b18
2022-06-20T04:28:29.837Z,11.837533,0b58,6 [FLog::Graphics] Future is bright lights
2022-06-20T04:28:31.160Z,13.160625,0b58,6 [FLog::Error] Asset (Image) "" load failed: Unexpected URL
2022-06-20T04:28:31.160Z,13.160625,0b58,6 [FLog::Graphics] SolidTextures::initSolidTextures()
2022-06-20T04:28:31.161Z,13.161631,0b58,6 [FLog::Graphics] Terrain TextureArray 512x512, arraySize: 36, mip: 10
2022-06-20T04:28:31.328Z,13.328968,1038,6 [FLog::Output] Changing visibility
2022-06-20T04:28:31.329Z,13.329959,1038,6 [FLog::Output] WaypointsMenu = ModMenu
2022-06-20T04:28:32.189Z,14.189703,1038,6 [FLog::Error] Error: Failed to load sound rbxassetid://152736435: Unable to download sound data
2022-06-20T04:28:32.191Z,14.191689,1038,6 [FLog::Error] Error: Failed to load sound rbxassetid://152736435: Unable to download sound data
2022-06-20T04:28:32.191Z,14.191689,1038,6 [FLog::Error] Error: Failed to load sound rbxassetid://2113120505: Unable to download sound data
2022-06-20T04:32:49.335Z,271.335114,17e0,6 [FLog::Error] Error: Failed to load sound rbxassetid://152736435: Unable to download sound data
2022-06-20T04:34:26.226Z,368.226776,0b70,6 [FLog::Error] [websocket] ws: 0 error: Failed ws recv
2022-06-20T04:34:26.226Z,368.226776,0b70,6 [FLog::Error] [websocket] ws: 0 error: Failed ws recv
2022-06-20T04:34:31.455Z,373.455505,1f70,12 [DFLog::HttpTraceError] HttpResponse(#609 45ECF790) time:5216.9ms (net:5216.8ms callback:0.0ms timeInRetryQueue:0.0ms) error:2 message:HttpError: DnsResolve url:"https://ephemeralcounters.api.roblox.com/v1.0/SequenceStatistics/BatchAddToSequencesV2?apiKey=76E5A40C%2D3AE1%2D4028%2D9F10%2D7C62520BD94F" ip: external:0 numberOfTimesRetried:0
2022-06-20T04:34:31.457Z,373.457489,1f70,12 [DFLog::HttpTraceError] HttpResponse(#610 45ED52F8) time:5116.5ms (net:1586.4ms callback:0.0ms timeInRetryQueue:0.0ms) error:2 message:HttpError: DnsResolve url:"https://ecsv2.roblox.com/client/pbe" ip: external:0 numberOfTimesRetried:0
2022-06-20T04:34:31.458Z,373.458496,1f70,12 [DFLog::HttpTraceError] HttpResponse(#611 45EDA710) time:5059.0ms (net:1587.8ms callback:0.0ms timeInRetryQueue:0.0ms) error:2 message:HttpError: DnsResolve url:"https://clientsettingscdn.roblox.com/v2/settings/application/PCDesktopClient" ip: external:0 numberOfTimesRetried:0
2022-06-20T04:34:32.019Z,374.019653,1f70,12 [DFLog::HttpTraceError] HttpResponse(#612 45ED7038) time:5628.6ms (net:2157.5ms callback:0.0ms timeInRetryQueue:0.0ms) error:2 message:HttpError: DnsResolve url:"https://assetgame.roblox.com/Game/ClientPresence.ashx?version=old&PlaceID=2768379856&GameID=a5822e4b-b0af-43b2-9b79-0fe26b1a37b9&UserID=3635455297" ip: external:0 numberOfTimesRetried:0
2022-06-20T04:34:36.322Z,378.322876,1140,7 [FLog::Network] AckTimeout: Last Packet received time: 10109 ms
2022-06-20T04:34:36.323Z,378.323822,1140,7 [FLog::Network] Connection lost
2022-06-20T04:34:36.323Z,378.323822,1140,7 [FLog::Network] Connection lost: connectMode: Connected, timeMS:378325, connectionTime 5496
2022-06-20T04:34:36.323Z,378.323822,1140,7 [FLog::Network] Connection lost: AckTimeout 1, IsOutgoingDataWaiting 1
2022-06-20T04:34:36.323Z,378.323822,1140,7 [FLog::Network] Connection lost - Cannot contact server/client
2022-06-20T04:34:36.501Z,378.501099,1038,7 [FLog::Network] Lost connection to 128.116.76.241|50751: ID_CONNECTION_LOST
2022-06-20T04:34:36.501Z,378.501099,1038,6 [FLog::Output] Lost connection to 128.116.76.241|50751

2022-06-20T04:34:36.908Z,378.908875,1038,6 [FLog::Output] OnDisconnect http req time:403.88ms
2022-06-20T04:34:37.086Z,379.086395,1038,7 [DFLog::MegaReplicatorLogDisconnectCleanUpLog] MRD cleanup WorkerCount available: 2, for MRD table size: 146322
2022-06-20T04:34:37.119Z,379.119354,1038,7 [FLog::Network] Time to disconnect replication data: 27.889099
2022-06-20T04:34:37.414Z,379.414673,1038,7 [FLog::Network] Sending disconnect with reason: -1
2022-06-20T04:34:37.423Z,379.423981,1038,7 [FLog::Network] Replicator destroyed: 18BBA040
2022-06-20T04:48:34.762Z,1216.762451,17e0,7 [FLog::Network] Client:Disconnect
2022-06-20T05:40:08.422Z,4310.422363,1f70,12 [DFLog::HttpTraceError] HttpResponse(#1204 45EDAAB8) time:2125.7ms (net:2125.6ms callback:0.0ms timeInRetryQueue:0.0ms)status:502 Bad Gateway bodySize:0 url:"https://ecsv2.roblox.com/pe?t=client&ctx=gameperf&evt=counterdata&lt=2022%2D06%2D20T06%3A11%3A14%2E973Z&cpu=Intel%28R%29%20Core%28TM%29%20i7%2D6700HQ%20CPU%20%40%202%2E60GHz%2F%23cores%3A2%2F2%2F1&placeid=2768379856&performAverage=18%2E0955&materialChanges=210&universeid=1000233041&version=0%2E531%2E0%2E5310423&os=Win32%2F2%2F148%2E10%2E0%2E19042%2FPC&gpu%5Finfo=VMware%20SVGA%203D&gpu%5FmemMB=vid%3A%204%2E00%20sys%3A%202521%2E49&gpu%5Fdriver=vm3dum%5Floader%2Edll%208%2E17%2E2%2E14&time=2022%2D06%2D20T06%3A11%3A14%2E973Z&memMB=1119%2E95%2F5042&physicsFPS=60%2E02&MsFrames=297%2B1391%2B31%2B0%2B0%2B0%2B0%2B0%2B0%2B0%2B0%2B0&averageFPS=38%2E5559&presentVariance=0%2E250199&deviceFeatureLevel=D3D11%2E0&renderPresentMs=1%2E79583&renderGPUMs=7%2E31994&qualityLevel=11&frameTimeVariance=0%2E878428&frameSpikeCount=3&pr
2022-06-20T06:38:30.591Z,7812.591309,0b58,6 [DFLog::PerfHistogram] Performance histogram MutexContentionWait
2022-06-20T06:38:30.591Z,7812.591309,0b58,6 [DFLog::PerfHistogram]   <1     us : 439
2022-06-20T06:38:30.591Z,7812.591309,0b58,6 [DFLog::PerfHistogram]   <3     us : 0
2022-06-20T06:38:30.593Z,7812.593262,0b58,6 [DFLog::PerfHistogram]   <9     us : 0
2022-06-20T06:38:30.593Z,7812.593262,0b58,6 [DFLog::PerfHistogram]   <27    us : 0
2022-06-20T06:38:30.594Z,7812.594238,0b58,6 [DFLog::PerfHistogram]   <81    us : 0
2022-06-20T06:38:30.594Z,7812.594238,0b58,6 [DFLog::PerfHistogram]   <243   us : 0
2022-06-20T06:38:30.594Z,7812.594238,0b58,6 [DFLog::PerfHistogram]   <729   us : 0
2022-06-20T06:38:30.594Z,7812.594238,0b58,6 [DFLog::PerfHistogram]   <2187  us : 0
2022-06-20T06:38:30.594Z,7812.594238,0b58,6 [DFLog::PerfHistogram]   <6561  us : 0
2022-06-20T06:38:30.594Z,7812.594238,0b58,6 [DFLog::PerfHistogram]  (larger)   : 0
2022-06-20T06:38:30.618Z,7812.618164,0b58,7 [FLog::Network] Client:Disconnect
2022-06-20T06:38:32.726Z,7814.726562,0b58,7 [FLog::Network] Client:Disconnect
2022-06-20T06:38:32.755Z,7814.755371,0b58,6 [FLog::Output] Closing Fmod (as 70, ml 0, sl 0).
2022-06-20T06:38:33.062Z,7815.062500,0b58,6 [FLog::Output] Fmod Closed.
2022-06-20T06:38:33.062Z,7815.062500,0b58,7 [FLog::Network] NetworkClient:Remove
2022-06-20T06:38:33.062Z,7815.062500,0b58,7 [DFLog::MegaReplicatorLogDisconnectCleanUpLog] Destroying MegaReplicator.
