2022-06-20T01:56:08.217Z,0.217958,09cc,6 [FLog::Output] RobloxGitHash: 4d6c4589e833eb28bf4e444d7eea6ce3f388fc88
2022-06-20T01:56:08.217Z,0.217958,09cc,6 [FLog::Output] The channel is production
2022-06-20T01:56:09.519Z,1.519009,09cc,6 [FLog::Error] Test log: Map check complete and successful!
2022-06-20T01:56:09.520Z,1.520009,09cc,6 [FLog::Error] Dynamic initializer test result: SUCCESS
2022-06-20T01:56:09.520Z,1.520009,09cc,6 [FLog::Output] TaskSchedulerMk2::applyAsyncTaskThreadCount( 3 ) <req: 0 active: 0>
2022-06-20T01:56:09.540Z,1.540007,09cc,6 [FLog::Output] TaskSchedulerMk2::applyAsyncTaskThreadCount( 3 ) <req: 3 active: 3>
2022-06-20T01:56:09.597Z,1.597021,09cc,6 [FLog::Output] Loading AppSettings.xml from C:\Users\adminbot6000\AppData\Local\Roblox\Versions\version-fb795406f04b4467\AppSettings.xml
2022-06-20T01:56:09.597Z,1.597021,09cc,6 [FLog::Output] setAssetFolder content
2022-06-20T01:56:09.598Z,1.598021,09cc,6 [FLog::Output] setExtraAssetFolder C:/Users\adminbot6000\AppData\Local\Roblox\Versions\version-fb795406f04b4467\ExtraContent
2022-06-20T01:56:10.211Z,2.211840,09cc,6 [FLog::Output] CrashReporter Start
2022-06-20T01:56:10.211Z,2.211840,09cc,6 [FLog::Output] The crash upload percentage is 10
2022-06-20T01:56:10.211Z,2.211840,09cc,6 [FLog::Output] Authentication request URL: https://auth.roblox.com/v1/authentication-ticket/redeem ticket: IdIBwXUe764oBytslACsO_m3bgbA7_sEMn3zIbxdaXmmgJd-XV5CvTblxvOXwyICcglbmR_TEGZM8PBMjxzYu9HZ7WLhzK9jCjz_8Zw5QVr3T279C6S15NmR_Vi225_MZjBOabhJQ7ic6Mv88yswMEdX0S8dS5YVf5kRUunTTvD4hfQ8L0QHG-azQL9xwWUfTeRRVurIqTZ7blO_G-ft_9Gmm2nlomjjm-zNn-UbkOQ
2022-06-20T01:56:10.249Z,2.249165,1040,6 [FLog::Output] WatcherThread Started
2022-06-20T01:56:14.374Z,6.374068,09cc,6 [FLog::Error] Error: Important !Loading shader files
2022-06-20T01:56:14.374Z,6.374068,09cc,6 [FLog::Output] TaskSchedulerMk2::applyAsyncTaskThreadCount( 3 ) <req: 3 active: 3>
2022-06-20T01:56:14.376Z,6.376080,09cc,6 [FLog::Output] Info: Initializing new game
2022-06-20T01:56:14.471Z,6.471651,09cc,6 [FLog::Output] account = UA-43420590-14, schedule = 500
2022-06-20T01:56:14.471Z,6.471651,09cc,6 [FLog::Output] TaskSchedulerMk2::applyAsyncTaskThreadCount( 3 ) <req: 3 active: 3>
2022-06-20T01:56:17.125Z,9.125360,09cc,6 [FLog::Output] Hello Avatars!
2022-06-20T01:56:17.125Z,9.125360,09cc,6 [FLog::Output] Hello! <Tap tap> Is this thing on?
2022-06-20T01:56:17.125Z,9.125360,09cc,6 [FLog::Output] Hello World will suffice.
2022-06-20T01:56:17.125Z,9.125360,09cc,6 [FLog::Output] Hello from a lush garden!
2022-06-20T01:56:17.126Z,9.126353,09cc,6 [FLog::Output] Hello! Happy to meet you.
2022-06-20T01:56:17.126Z,9.126353,09cc,6 [FLog::Output] Hello Cool Kids!
2022-06-20T01:56:17.126Z,9.126353,09cc,6 [FLog::Output] Hello! Let's hope this works.
2022-06-20T01:56:17.126Z,9.126353,09cc,6 [FLog::Output] Hello from the other side of the galaxy!
2022-06-20T01:56:17.437Z,9.437873,09cc,6 [FLog::VR] VR: VR_IsSteamVRRunning returned false
2022-06-20T01:56:17.630Z,9.630209,09cc,6 [FLog::Graphics] D3D11 Adapter: VMware SVGA 3D
2022-06-20T01:56:17.630Z,9.630209,09cc,6 [FLog::Graphics] D3D11 Adapter: Vendor 15ad Device 0405 VRAM 4 RAM 2521
2022-06-20T01:56:17.630Z,9.630209,09cc,6 [channel] Caps: ThreadSafe 0 Framebuffer 1 FpFramebuffer 1 Shaders 1 Compute 1 Instancing 1 ConstBuffers 1
2022-06-20T01:56:17.630Z,9.630209,09cc,6 [channel] Caps: Framebuffer: MRT 8 MSAA 8 Stencil 1
2022-06-20T01:56:17.630Z,9.630209,09cc,6 [channel] Caps: Framebuffer: Depth16 1 Depth24 1 DepthFloat 1 DepthClamp 1
2022-06-20T01:56:17.630Z,9.630209,09cc,6 [channel] Caps: Border Color 1
2022-06-20T01:56:17.630Z,9.630209,09cc,6 [channel] Caps: Texture: RGB10A2 1 RG11B10F 1
2022-06-20T01:56:17.630Z,9.630209,09cc,6 [channel] Caps: Texture: DXT 1 PVR 0 ETC1 0 ETC2 0 Half 1
2022-06-20T01:56:17.630Z,9.630209,09cc,6 [channel] Caps: Texture: 3D 1 Array 1 Depth 1 MSAA 1 MSAAFP16 0
2022-06-20T01:56:17.630Z,9.630209,09cc,6 [channel] Caps: Texture: NPOT 1 PartialMips 1 CubeMipGen 1 CubeFramebuffer 1
2022-06-20T01:56:17.632Z,9.632219,09cc,6 [channel] Caps: Texture: Size 16384 Units 16
2022-06-20T01:56:17.632Z,9.632219,09cc,6 [channel] Caps: ConstantBufferSize 65536
2022-06-20T01:56:17.632Z,9.632219,09cc,6 [channel] Caps: 32bIdx 1 Memoryless 0 mediump 0
2022-06-20T01:56:17.632Z,9.632219,09cc,6 [channel] Caps: ColorBGR 0 RTFlip 0 MinusOneToOneDepth 0
2022-06-20T01:56:17.715Z,9.715563,09cc,6 [FLog::Graphics] Video memory size: 2147483648
2022-06-20T01:56:18.153Z,10.153302,09cc,6 [FLog::Graphics] Loaded 676 shaders from pack d3d11 variant defaultRoughnessRemap (8598140 bytes)
2022-06-20T01:56:18.153Z,10.153302,09cc,6 [FLog::Graphics] Compiled 676 shaders in 436 ms
2022-06-20T01:56:20.866Z,12.866461,09cc,6 [FLog::Output] Studio D3D9 GPU: VMware SVGA 3D
2022-06-20T01:56:20.866Z,12.866461,09cc,6 [FLog::Output] Studio D3D9 GPU: Vendor 15ad Device 0405
2022-06-20T01:56:20.867Z,12.867463,09cc,6 [FLog::Output] Studio D3D9 Driver: vm3dum_loader.dll 8.17.2.14
2022-06-20T01:56:20.891Z,12.891267,09cc,6 [FLog::Output] ESGamePerfMonitor GPU: Vendor 000015ad Device 00000405
2022-06-20T01:56:20.892Z,12.892259,09cc,6 [FLog::Output] ESGamePerfMonitor GPU: SubSys 040515ad Revision 00000000
2022-06-20T01:56:20.892Z,12.892259,09cc,6 [FLog::Output] ESGamePerfMonitor GPU: DedicatedVidMem 4194304 DedicatedSysMem 2643976192 SharedSystemMemory 123221580930088960
2022-06-20T01:56:21.059Z,13.059412,03f0,6 [FLog::Output] PlaceLauncher URL : https://assetgame.roblox.com/game/PlaceLauncher.ashx?request=RequestGame&browserTrackerId=136867614413&placeId=734159876&isPlayTogetherGame=false
2022-06-20T01:56:21.059Z,13.059412,03f0,6 [FLog::GameJoinUtil] GameJoinUtil::joinGame
2022-06-20T01:56:21.060Z,13.060412,03f0,6 [FLog::GameJoinUtil] GameJoinUtil::joinGamePostStandard: URL: https://gamejoin.roblox.com/v1/join-game BODY: {"placeId":734159876,"gameJoinAttemptId":"81A9F98C-1025-40B8-A1B8-D57DB6F7155E","browserTrackerId":"136867614413"}
2022-06-20T01:56:21.060Z,13.060412,03f0,6 [FLog::GameJoinUtil] GameJoinUtil::makePlaceLauncherRequest: requestCount: 0, url: https://gamejoin.roblox.com/v1/join-game.
2022-06-20T01:56:21.060Z,13.060412,03f0,6 [FLog::GameJoinUtil] Delaying request by 0.00 seconds
2022-06-20T01:56:21.188Z,13.188580,09cc,6 [FLog::Graphics] LayeredClothingMode updated: LC=1 SkeletonAPI=1 HSR=1 TC2=1
2022-06-20T01:56:24.091Z,16.091330,1180,6 [FLog::GameJoinUtil] GameJoinUtil::makePlaceLauncherRequest, response:
{"jobId":"c51c6df2-c97d-48e4-9886-b7236296d9d3","status":2,"joinScriptUrl":"https://assetgame.roblox.com/Game/Join.ashx?ticketVersion=2&ticket=%7b%22UserId%22%3a3635455297%2c%22UserName%22%3a%22ftcsvisgreat%22%2c%22DisplayName%22%3a%22ftcsvisgreat%22%2c%22CharacterFetchUrl%22%3a%22https%3a%2f%2fapi.roblox.com%2fv1.1%2favatar-fetch%2f%3fplaceId%3d734159876%26userId%3d3635455297%22%2c%22GameId%22%3a%22c51c6df2-c97d-48e4-9886-b7236296d9d3%22%2c%22PlaceId%22%3a734159876%2c%22UniverseId%22%3a321279858%2c%22ServerId%22%3a127847%2c%22ServerPort%22%3a57602%2c%22IsTeleport%22%3afalse%2c%22FollowUserId%22%3anull%2c%22TimeStamp%22%3a%226%2f19%2f2022+8%3a56%3a24+PM%22%2c%22CharacterAppearanceId%22%3a3635455297%2c%22AlternateName%22%3anull%2c%22JoinTypeId%22%3a10%2c%22MatchmakingDecisionId%22%3a%223fd71934-934b-49ac-bf5b-baea24f3240f%22%2c%22GameJoinMetadata%22%3a%7b%22JoinSource%22%3a0%2c%22RequestType%22%3a
2022-06-20T01:56:24.091Z,16.091330,1180,6 [FLog::GameJoinUtil] Default handler, game join succeeded.
2022-06-20T01:56:24.091Z,16.091330,1180,6 [FLog::GameJoinUtil] GameJoinUtil::processing join parameters
2022-06-20T01:56:24.093Z,16.093325,06d4,7 [FLog::Network] NetworkClient:Create
2022-06-20T01:56:24.096Z,16.096321,06d4,10 [DFLog::KeyRing] Parsed config created at: 19:56 11/23/2021.
2022-06-20T01:56:24.113Z,16.113291,06d4,6 [FLog::Output] ! Joining game 'c51c6df2-c97d-48e4-9886-b7236296d9d3' place 734159876 at 128.116.28.86
2022-06-20T01:56:24.113Z,16.113291,06d4,6 [FLog::GameJoinLoadTime] Report game_join_loadtime: placeid:734159876, join_time:3.0359078119999960421, universeid:321279858, referral_page:, sid:792b407f-7ed7-4d73-8f78-85b415bd1f42, clienttime:1655690184.7109999657, userid:3635455297, 
2022-06-20T01:56:24.129Z,16.129263,06d4,7 [FLog::Network] Client will attempt to connect following server endpoints with threadSleepTime(-1)
2022-06-20T01:56:24.130Z,16.130260,06d4,7 [FLog::Network] Server Address = 128.116.28.86, Port = 57602
2022-06-20T01:56:24.132Z,16.132257,06d4,7 [FLog::Network] binding socket on inaddr_any:0

2022-06-20T01:56:24.185Z,16.185417,1180,7 [FLog::Network] Setting latency from Ixp tx: 0 rx: 0
2022-06-20T01:56:24.185Z,16.185417,1180,7 [FLog::Network] Set latency from Ixp live response after 56.154156 ms
2022-06-20T01:56:24.191Z,16.191420,06d4,6 [FLog::Output] Connecting to 128.116.28.86:57602
2022-06-20T01:56:24.191Z,16.191420,06d4,7 [FLog::Network] Connecting to server, IP(inet_addr): 1444705408 Port: 57602
2022-06-20T01:56:24.318Z,16.318474,18c0,6 [FLog::Output] Connection accepted from 128.116.28.86|57602
2022-06-20T01:56:24.319Z,16.319475,18c0,7 [FLog::Network] serverId: 128.116.28.86|57602
2022-06-20T01:56:24.319Z,16.319475,18c0,7 [FLog::Network] Replicator created for player 128.116.28.86|57602
2022-06-20T01:56:24.319Z,16.319475,18c0,7 [FLog::Network] Replicator created: 18B16FA8
2022-06-20T01:56:24.516Z,16.516201,18c0,7 [FLog::Network] Time taken to initialize schema = 27.303801 ms
2022-06-20T01:56:24.516Z,16.516201,18c0,7 [FLog::Network] Assigned peer id = 538
2022-06-20T01:56:24.516Z,16.516201,18c0,7 [FLog::Network] Join snapshot timer: 0.130800
2022-06-20T01:56:25.490Z,17.490385,18c0,6 [FLog::Output] Loading started
2022-06-20T01:56:26.758Z,18.758690,18c0,6 [FLog::Output] Chat message from unknown Player 128.116.28.86|57602 Gogogo
2022-06-20T01:56:29.411Z,21.411060,09cc,6 [FLog::Graphics] Future is bright shadows
2022-06-20T01:56:33.769Z,25.769096,1180,12 [DFLog::HttpTraceError] HttpResponse(#23 18D32D20) time:8285.1ms (net:8036.1ms callback:0.0ms timeInRetryQueue:0.0ms) error:5 message:HttpError: Timedout url:"https://apis.roblox.com/product-experimentation-platform/v1/projects/1/values" ip:128.116.125.4 external:0 numberOfTimesRetried:0
2022-06-20T01:56:34.826Z,26.826469,09cc,6 [FLog::Error] signalr: new state: 0, message: stop was called
2022-06-20T01:56:34.828Z,26.828400,09cc,6 [DFLog::PerfHistogram] Performance histogram MutexContentionWait
2022-06-20T01:56:34.828Z,26.828400,09cc,6 [DFLog::PerfHistogram]   <1     us : 6
2022-06-20T01:56:34.828Z,26.828400,09cc,6 [DFLog::PerfHistogram]   <3     us : 0
2022-06-20T01:56:34.828Z,26.828400,09cc,6 [DFLog::PerfHistogram]   <9     us : 0
2022-06-20T01:56:34.828Z,26.828400,09cc,6 [DFLog::PerfHistogram]   <27    us : 0
2022-06-20T01:56:34.828Z,26.828400,09cc,6 [DFLog::PerfHistogram]   <81    us : 0
2022-06-20T01:56:34.828Z,26.828400,09cc,6 [DFLog::PerfHistogram]   <243   us : 0
2022-06-20T01:56:34.829Z,26.829363,09cc,6 [DFLog::PerfHistogram]   <729   us : 0
2022-06-20T01:56:34.829Z,26.829363,09cc,6 [DFLog::PerfHistogram]   <2187  us : 0
2022-06-20T01:56:34.829Z,26.829363,09cc,6 [DFLog::PerfHistogram]   <6561  us : 0
2022-06-20T01:56:34.829Z,26.829363,09cc,6 [DFLog::PerfHistogram]  (larger)   : 0
2022-06-20T01:56:36.704Z,28.704775,06d4,6 [FLog::Output] Server RobloxGitHash: 4d6c4589e833eb28bf4e444d7eea6ce3f388fc88
2022-06-20T01:56:36.704Z,28.704775,06d4,6 [FLog::Output] Server Prefix: 0.531.0.5310423_20220619T175043Z_RCC_57fc9
2022-06-20T01:56:41.722Z,33.722942,06d4,6 [FLog::Error] Error: Failed to load sound rbxassetid://194777183: Unable to download sound data
2022-06-20T01:56:41.723Z,33.723942,06d4,6 [FLog::Error] Error: Failed to load sound rbxassetid://160885281: Unable to download sound data
2022-06-20T01:56:41.723Z,33.723942,06d4,6 [FLog::Error] Error: Failed to load sound rbxassetid://173682108: Unable to download sound data
2022-06-20T01:56:41.723Z,33.723942,06d4,6 [FLog::Error] Error: Failed to load sound rbxassetid://173682108: Unable to download sound data
2022-06-20T01:56:41.723Z,33.723942,06d4,6 [FLog::Error] Error: Failed to load sound rbxassetid://173682108: Unable to download sound data
2022-06-20T01:56:41.736Z,33.736942,06d4,6 [FLog::Error] Error: Failed to load sound rbxassetid://173682108: Unable to download sound data
2022-06-20T01:56:41.757Z,33.757946,09cc,7 [FLog::Network] Client:Disconnect
2022-06-20T01:56:41.758Z,33.758945,09cc,7 [DFLog::MegaReplicatorLogDisconnectCleanUpLog] MRD cleanup WorkerCount available: 2, for MRD table size: 11909
2022-06-20T01:56:41.763Z,33.763947,09cc,7 [FLog::Network] Time to disconnect replication data: 5.562000
2022-06-20T01:56:41.764Z,33.764946,09cc,7 [FLog::Network] Sending disconnect with reason: 285
2022-06-20T01:56:41.828Z,33.828770,0618,7 [FLog::Network] Connection lost
2022-06-20T01:56:41.828Z,33.828770,0618,7 [FLog::Network] Connection lost: connectMode: Disconnect ASAP, timeMS:33829, connectionTime 16267
2022-06-20T01:56:41.828Z,33.828770,0618,7 [FLog::Network] Connection lost: AckTimeout 0, IsOutgoingDataWaiting 0
2022-06-20T01:56:41.828Z,33.828770,0618,7 [FLog::Network] Disconnection Notification. Reason: 285
2022-06-20T01:56:43.097Z,35.097572,09cc,12 [DFLog::HttpTraceError] HttpResponse(#169 2CD1A970) time:1330.8ms (net:1062.0ms callback:0.0ms timeInRetryQueue:0.0ms) error:9 message:HttpError: Aborted url:"https://assetgame.roblox.com/Game/ClientPresence.ashx?version=old&PlaceID=734159876&GameID=c51c6df2-c97d-48e4-9886-b7236296d9d3&UserID=3635455297&disconnect=true" ip: external:0 numberOfTimesRetried:0
2022-06-20T01:56:43.097Z,35.097572,09cc,6 [FLog::Output] OnDisconnect http req time:1331.62ms (timeout)
2022-06-20T01:56:43.097Z,35.097572,09cc,7 [FLog::Network] Replicator destroyed: 18B16FA8
2022-06-20T01:56:43.147Z,35.147018,09cc,7 [FLog::Network] Sending disconnect with reason: 285
2022-06-20T01:56:45.193Z,37.193932,09cc,7 [FLog::Network] Client:Disconnect
2022-06-20T01:56:45.233Z,37.233036,09cc,6 [FLog::Output] Closing Fmod (as 8, ml 0, sl 0).
2022-06-20T01:56:46.330Z,38.330631,09cc,6 [FLog::Output] Fmod Closed.
2022-06-20T01:56:46.331Z,38.331619,09cc,7 [FLog::Network] NetworkClient:Remove
2022-06-20T01:56:46.331Z,38.331619,09cc,7 [DFLog::MegaReplicatorLogDisconnectCleanUpLog] Destroying MegaReplicator.
2022-06-20T01:56:50.439Z,42.439838,09cc,12 [DFLog::HttpTraceError] HttpResponse(#176 2AA708F0) time:108.2ms (net:52.2ms callback:0.0ms timeInRetryQueue:0.0ms) error:9 message:HttpError: Aborted url:"https://client-telemetry.roblox.com" ip: external:0 numberOfTimesRetried:0
2022-06-20T01:56:50.441Z,42.441849,09cc,6 [FLog::Error] can not set or delete IE compatible version
