2022-06-20T02:50:32.098Z,0.098283,0740,6 [FLog::Output] RobloxGitHash: 4d6c4589e833eb28bf4e444d7eea6ce3f388fc88
2022-06-20T02:50:32.099Z,0.099283,0740,6 [FLog::Output] The channel is production
2022-06-20T02:50:32.361Z,0.361065,0740,6 [FLog::Error] Test log: Map check complete and successful!
2022-06-20T02:50:32.362Z,0.362063,0740,6 [FLog::Error] Dynamic initializer test result: SUCCESS
2022-06-20T02:50:32.363Z,0.363062,0740,6 [FLog::Output] TaskSchedulerMk2::applyAsyncTaskThreadCount( 3 ) <req: 0 active: 0>
2022-06-20T02:50:32.368Z,0.368053,0740,6 [FLog::Output] TaskSchedulerMk2::applyAsyncTaskThreadCount( 3 ) <req: 3 active: 3>
2022-06-20T02:50:32.422Z,0.422106,0740,6 [FLog::Output] Loading AppSettings.xml from C:\Users\adminbot6000\AppData\Local\Roblox\Versions\version-fb795406f04b4467\AppSettings.xml
2022-06-20T02:50:32.423Z,0.423105,0740,6 [FLog::Output] setAssetFolder content
2022-06-20T02:50:32.426Z,0.426102,0740,6 [FLog::Output] setExtraAssetFolder C:/Users\adminbot6000\AppData\Local\Roblox\Versions\version-fb795406f04b4467\ExtraContent
2022-06-20T02:50:32.659Z,0.659078,0740,6 [FLog::Output] CrashReporter Start
2022-06-20T02:50:32.660Z,0.660088,0740,6 [FLog::Output] The crash upload percentage is 10
2022-06-20T02:50:32.660Z,0.660088,0740,6 [FLog::Output] Authentication request URL: https://auth.roblox.com/v1/authentication-ticket/redeem ticket: fP1XGbW-I_xtWRBFXpzwCB75ZsWhZ2QaKh6jX5G_gbHD_w9GwgGc2hOrFdiPUYzD3-eeaYodvGf1WcgGmLJejUx0v57jK1RIgRsPKLiEIyrxp8fcdz83LxxnE2FVNDmmVKzUSdZY-NMZn8Yh9kY11FNmI81GX8ZYvSc8C8gRMk7YH_426S6eoDUdkuN9OpRKBny9lUR0n72XC7yXferR91b57_TEEXmn8qfXXFbU1zY
2022-06-20T02:50:32.733Z,0.733045,0b2c,6 [FLog::Output] WatcherThread Started
2022-06-20T02:50:34.326Z,2.326195,0740,6 [FLog::Error] Error: Important !Loading shader files
2022-06-20T02:50:34.329Z,2.329164,0740,6 [FLog::Output] TaskSchedulerMk2::applyAsyncTaskThreadCount( 3 ) <req: 3 active: 3>
2022-06-20T02:50:34.331Z,2.331143,0740,6 [FLog::Output] Info: Initializing new game
2022-06-20T02:50:34.347Z,2.347964,0740,6 [FLog::Output] account = UA-43420590-14, schedule = 500
2022-06-20T02:50:34.347Z,2.347964,0740,6 [FLog::Output] TaskSchedulerMk2::applyAsyncTaskThreadCount( 3 ) <req: 3 active: 3>
2022-06-20T02:50:34.972Z,2.972202,0740,6 [FLog::Output] Hello Avatars!
2022-06-20T02:50:34.972Z,2.972202,0740,6 [FLog::Output] Hello! <Tap tap> Is this thing on?
2022-06-20T02:50:34.972Z,2.972202,0740,6 [FLog::Output] Hello World will suffice.
2022-06-20T02:50:34.972Z,2.972202,0740,6 [FLog::Output] Hello from a lush garden!
2022-06-20T02:50:34.972Z,2.972202,0740,6 [FLog::Output] Hello! Happy to meet you.
2022-06-20T02:50:34.972Z,2.972202,0740,6 [FLog::Output] Hello Cool Kids!
2022-06-20T02:50:34.972Z,2.972202,0740,6 [FLog::Output] Hello! Let's hope this works.
2022-06-20T02:50:34.972Z,2.972202,0740,6 [FLog::Output] Hello from the other side of the galaxy!
2022-06-20T02:50:35.193Z,3.193972,0740,6 [FLog::VR] VR: VR_IsSteamVRRunning returned false
2022-06-20T02:50:35.218Z,3.218963,0740,6 [FLog::Graphics] D3D11 Adapter: VMware SVGA 3D
2022-06-20T02:50:35.218Z,3.218963,0740,6 [FLog::Graphics] D3D11 Adapter: Vendor 15ad Device 0405 VRAM 4 RAM 2521
2022-06-20T02:50:35.219Z,3.219963,0740,6 [channel] Caps: ThreadSafe 0 Framebuffer 1 FpFramebuffer 1 Shaders 1 Compute 1 Instancing 1 ConstBuffers 1
2022-06-20T02:50:35.219Z,3.219963,0740,6 [channel] Caps: Framebuffer: MRT 8 MSAA 8 Stencil 1
2022-06-20T02:50:35.219Z,3.219963,0740,6 [channel] Caps: Framebuffer: Depth16 1 Depth24 1 DepthFloat 1 DepthClamp 1
2022-06-20T02:50:35.219Z,3.219963,0740,6 [channel] Caps: Border Color 1
2022-06-20T02:50:35.219Z,3.219963,0740,6 [channel] Caps: Texture: RGB10A2 1 RG11B10F 1
2022-06-20T02:50:35.219Z,3.219963,0740,6 [channel] Caps: Texture: DXT 1 PVR 0 ETC1 0 ETC2 0 Half 1
2022-06-20T02:50:35.219Z,3.219963,0740,6 [channel] Caps: Texture: 3D 1 Array 1 Depth 1 MSAA 1 MSAAFP16 0
2022-06-20T02:50:35.220Z,3.220962,0740,6 [channel] Caps: Texture: NPOT 1 PartialMips 1 CubeMipGen 1 CubeFramebuffer 1
2022-06-20T02:50:35.220Z,3.220962,0740,6 [channel] Caps: Texture: Size 16384 Units 16
2022-06-20T02:50:35.220Z,3.220962,0740,6 [channel] Caps: ConstantBufferSize 65536
2022-06-20T02:50:35.220Z,3.220962,0740,6 [channel] Caps: 32bIdx 1 Memoryless 0 mediump 0
2022-06-20T02:50:35.220Z,3.220962,0740,6 [channel] Caps: ColorBGR 0 RTFlip 0 MinusOneToOneDepth 0
2022-06-20T02:50:35.270Z,3.270890,0740,6 [FLog::Graphics] Video memory size: 2147483648
2022-06-20T02:50:35.424Z,3.424718,0740,6 [FLog::Graphics] Loaded 676 shaders from pack d3d11 variant defaultRoughnessRemap (8598140 bytes)
2022-06-20T02:50:35.424Z,3.424718,0740,6 [FLog::Graphics] Compiled 676 shaders in 152 ms
2022-06-20T02:50:36.167Z,4.167886,0740,6 [FLog::Output] Studio D3D9 GPU: VMware SVGA 3D
2022-06-20T02:50:36.168Z,4.168884,0740,6 [FLog::Output] Studio D3D9 GPU: Vendor 15ad Device 0405
2022-06-20T02:50:36.168Z,4.168884,0740,6 [FLog::Output] Studio D3D9 Driver: vm3dum_loader.dll 8.17.2.14
2022-06-20T02:50:36.169Z,4.169882,0740,6 [FLog::Output] ESGamePerfMonitor GPU: Vendor 000015ad Device 00000405
2022-06-20T02:50:36.170Z,4.170816,0740,6 [FLog::Output] ESGamePerfMonitor GPU: SubSys 040515ad Revision 00000000
2022-06-20T02:50:36.170Z,4.170816,0740,6 [FLog::Output] ESGamePerfMonitor GPU: DedicatedVidMem 4194304 DedicatedSysMem 2643976192 SharedSystemMemory 123221580930088960
2022-06-20T02:50:36.176Z,4.176800,1f98,6 [FLog::Output] PlaceLauncher URL : https://assetgame.roblox.com/game/PlaceLauncher.ashx?request=RequestGame&browserTrackerId=136867614413&placeId=142823291&isPlayTogetherGame=false
2022-06-20T02:50:36.176Z,4.176800,1f98,6 [FLog::GameJoinUtil] GameJoinUtil::joinGame
2022-06-20T02:50:36.176Z,4.176800,1f98,6 [FLog::GameJoinUtil] GameJoinUtil::joinGamePostStandard: URL: https://gamejoin.roblox.com/v1/join-game BODY: {"placeId":142823291,"gameJoinAttemptId":"AEC617F9-F4E9-4839-8BE7-46C35D458D99","browserTrackerId":"136867614413"}
2022-06-20T02:50:36.176Z,4.176800,1f98,6 [FLog::GameJoinUtil] GameJoinUtil::makePlaceLauncherRequest: requestCount: 0, url: https://gamejoin.roblox.com/v1/join-game.
2022-06-20T02:50:36.176Z,4.176800,1f98,6 [FLog::GameJoinUtil] Delaying request by 0.00 seconds
2022-06-20T02:50:36.203Z,4.203726,0740,6 [FLog::Graphics] LayeredClothingMode updated: LC=1 SkeletonAPI=1 HSR=1 TC2=1
2022-06-20T02:50:37.299Z,5.299227,0f04,6 [FLog::GameJoinUtil] GameJoinUtil::makePlaceLauncherRequest, response:
{"jobId":"10f8088f-9542-42c1-a87d-5355fbb3d28b","status":2,"joinScriptUrl":"https://assetgame.roblox.com/Game/Join.ashx?ticketVersion=2&ticket=%7b%22UserId%22%3a3635455297%2c%22UserName%22%3a%22ftcsvisgreat%22%2c%22DisplayName%22%3a%22ftcsvisgreat%22%2c%22CharacterFetchUrl%22%3a%22https%3a%2f%2fapi.roblox.com%2fv1.1%2favatar-fetch%2f%3fplaceId%3d142823291%26userId%3d3635455297%22%2c%22GameId%22%3a%2210f8088f-9542-42c1-a87d-5355fbb3d28b%22%2c%22PlaceId%22%3a142823291%2c%22UniverseId%22%3a66654135%2c%22ServerId%22%3a103248%2c%22ServerPort%22%3a55104%2c%22IsTeleport%22%3afalse%2c%22FollowUserId%22%3anull%2c%22TimeStamp%22%3a%226%2f19%2f2022+9%3a50%3a36+PM%22%2c%22CharacterAppearanceId%22%3a3635455297%2c%22AlternateName%22%3anull%2c%22JoinTypeId%22%3a10%2c%22MatchmakingDecisionId%22%3a%22b78d4f5c-70c7-4beb-aaaa-8ec18d5ee5df%22%2c%22GameJoinMetadata%22%3a%7b%22JoinSource%22%3a0%2c%22RequestType%22%3a0%
2022-06-20T02:50:37.300Z,5.300224,0f04,6 [FLog::GameJoinUtil] Default handler, game join succeeded.
2022-06-20T02:50:37.300Z,5.300224,0f04,6 [FLog::GameJoinUtil] GameJoinUtil::processing join parameters
2022-06-20T02:50:37.301Z,5.301220,1afc,7 [FLog::Network] NetworkClient:Create
2022-06-20T02:50:37.301Z,5.301220,1afc,10 [DFLog::KeyRing] Parsed config created at: 19:56 11/23/2021.
2022-06-20T02:50:37.313Z,5.313179,1afc,6 [FLog::Output] ! Joining game '10f8088f-9542-42c1-a87d-5355fbb3d28b' place 142823291 at 128.116.32.27
2022-06-20T02:50:37.314Z,5.314175,1afc,6 [FLog::GameJoinLoadTime] Report game_join_loadtime: placeid:142823291, join_time:1.1244207620001818171, universeid:66654135, referral_page:, sid:498e7b47-1702-4342-8a32-ef3be32cf5c0, clienttime:1655693437.4110000134, userid:3635455297, 
2022-06-20T02:50:37.340Z,5.340084,1afc,7 [FLog::Network] Client will attempt to connect following server endpoints with threadSleepTime(-1)
2022-06-20T02:50:37.340Z,5.340084,1afc,7 [FLog::Network] Server Address = 128.116.32.27, Port = 55104
2022-06-20T02:50:37.344Z,5.344070,1afc,7 [FLog::Network] binding socket on inaddr_any:0

2022-06-20T02:50:37.356Z,5.356028,1afc,6 [FLog::Output] Connecting to 128.116.32.27:55104
2022-06-20T02:50:37.356Z,5.356028,1afc,7 [FLog::Network] Connecting to server, IP(inet_addr): 455111808 Port: 55104
2022-06-20T02:50:37.389Z,5.389203,0f04,7 [FLog::Network] Setting latency from Ixp tx: 0 rx: 0
2022-06-20T02:50:37.389Z,5.389203,0f04,7 [FLog::Network] Set latency from Ixp live response after 49.119064 ms
2022-06-20T02:50:37.448Z,5.448142,1afc,6 [FLog::Output] Connection accepted from 128.116.32.27|55104
2022-06-20T02:50:37.449Z,5.449141,1afc,7 [FLog::Network] serverId: 128.116.32.27|55104
2022-06-20T02:50:37.456Z,5.456133,1afc,7 [FLog::Network] Replicator created for player 128.116.32.27|55104
2022-06-20T02:50:37.456Z,5.456133,1afc,7 [FLog::Network] Replicator created: 190A0710
2022-06-20T02:50:37.622Z,5.622039,1afc,7 [FLog::Network] call to onreceive before physicsReceiver is initialized are ready, dropping packet
2022-06-20T02:50:37.635Z,5.635026,1afc,7 [FLog::Network] Time taken to initialize schema = 12.366800 ms
2022-06-20T02:50:37.635Z,5.635026,1afc,7 [FLog::Network] Assigned peer id = 707
2022-06-20T02:50:37.636Z,5.636024,1afc,7 [FLog::Network] Join snapshot timer: 0.175000
2022-06-20T02:50:38.800Z,6.800616,0f04,7 [FLog::Network] Setting latency from Ixp tx: 0 rx: 0
2022-06-20T02:50:40.148Z,8.148983,0740,6 [FLog::Error] signalr: new state: 0, message: stop was called
2022-06-20T02:50:40.149Z,8.149985,0740,6 [DFLog::PerfHistogram] Performance histogram MutexContentionWait
2022-06-20T02:50:40.149Z,8.149985,0740,6 [DFLog::PerfHistogram]   <1     us : 0
2022-06-20T02:50:40.149Z,8.149985,0740,6 [DFLog::PerfHistogram]   <3     us : 0
2022-06-20T02:50:40.149Z,8.149985,0740,6 [DFLog::PerfHistogram]   <9     us : 0
2022-06-20T02:50:40.149Z,8.149985,0740,6 [DFLog::PerfHistogram]   <27    us : 0
2022-06-20T02:50:40.149Z,8.149985,0740,6 [DFLog::PerfHistogram]   <81    us : 0
2022-06-20T02:50:40.149Z,8.149985,0740,6 [DFLog::PerfHistogram]   <243   us : 0
2022-06-20T02:50:40.171Z,8.171038,0740,6 [DFLog::PerfHistogram]   <729   us : 0
2022-06-20T02:50:40.171Z,8.171038,0740,6 [DFLog::PerfHistogram]   <2187  us : 0
2022-06-20T02:50:40.171Z,8.171038,0740,6 [DFLog::PerfHistogram]   <6561  us : 0
2022-06-20T02:50:40.171Z,8.171501,0740,6 [DFLog::PerfHistogram]  (larger)   : 0
2022-06-20T02:50:40.179Z,8.179478,0740,7 [FLog::Network] Client:Disconnect
2022-06-20T02:50:44.462Z,12.462815,0740,7 [DFLog::MegaReplicatorLogDisconnectCleanUpLog] MRD cleanup WorkerCount available: 1, for MRD table size: 30
2022-06-20T02:50:44.462Z,12.462815,0740,7 [FLog::Network] Time to disconnect replication data: 0.241300
2022-06-20T02:50:44.463Z,12.463811,0740,7 [FLog::Network] Sending disconnect with reason: 285
2022-06-20T02:50:44.513Z,12.513776,0b70,7 [FLog::Network] Connection lost
2022-06-20T02:50:44.515Z,12.515798,0b70,7 [FLog::Network] Connection lost: connectMode: Disconnect ASAP, timeMS:12513, connectionTime 5401
2022-06-20T02:50:44.515Z,12.515798,0b70,7 [FLog::Network] Connection lost: AckTimeout 0, IsOutgoingDataWaiting 0
2022-06-20T02:50:44.515Z,12.515798,0b70,7 [FLog::Network] Disconnection Notification. Reason: 285
2022-06-20T02:50:44.967Z,12.967355,0740,12 [DFLog::HttpTraceError] HttpResponse(#30 2A49C350) time:500.8ms (net:500.5ms callback:0.0ms timeInRetryQueue:0.0ms) error:9 message:HttpError: Aborted url:"https://assetgame.roblox.com/Game/ClientPresence.ashx?version=old&PlaceID=142823291&GameID=10f8088f-9542-42c1-a87d-5355fbb3d28b&UserID=3635455297&disconnect=true" ip: external:0 numberOfTimesRetried:0
2022-06-20T02:50:44.967Z,12.967355,0740,6 [FLog::Output] OnDisconnect http req time:503.54ms (timeout)
2022-06-20T02:50:44.967Z,12.967355,0740,7 [FLog::Network] Replicator destroyed: 190A0710
2022-06-20T02:50:45.527Z,13.527739,0740,7 [FLog::Network] Sending disconnect with reason: 285
2022-06-20T02:50:45.835Z,13.835226,0740,7 [FLog::Network] Client:Disconnect
2022-06-20T02:50:45.875Z,13.875284,0740,6 [FLog::Output] Closing Fmod (as 0, ml 0, sl 0).
2022-06-20T02:50:45.922Z,13.922483,0740,6 [FLog::Output] Fmod Closed.
2022-06-20T02:50:45.928Z,13.928323,0740,7 [FLog::Network] NetworkClient:Remove
2022-06-20T02:50:45.928Z,13.928323,0740,7 [DFLog::MegaReplicatorLogDisconnectCleanUpLog] Destroying MegaReplicator.
2022-06-20T02:50:46.777Z,14.777129,0740,12 [DFLog::HttpTraceError] HttpResponse(#33 1F1ED5C8) time:99.3ms (net:99.2ms callback:0.0ms timeInRetryQueue:0.0ms) error:9 message:HttpError: Aborted url:"https://client-telemetry.roblox.com" ip: external:0 numberOfTimesRetried:0
