2022-06-20T01:47:37.318Z,0.318978,1d1c,6 [FLog::Output] RobloxGitHash: 4d6c4589e833eb28bf4e444d7eea6ce3f388fc88
2022-06-20T01:47:37.326Z,0.326977,1d1c,6 [FLog::Output] The channel is production
2022-06-20T01:47:37.630Z,0.630449,1d1c,6 [FLog::Error] Test log: Map check complete and successful!
2022-06-20T01:47:37.630Z,0.630449,1d1c,6 [FLog::Error] Dynamic initializer test result: SUCCESS
2022-06-20T01:47:37.630Z,0.630449,1d1c,6 [FLog::Output] TaskSchedulerMk2::applyAsyncTaskThreadCount( 3 ) <req: 0 active: 0>
2022-06-20T01:47:37.663Z,0.663863,1d1c,6 [FLog::Output] TaskSchedulerMk2::applyAsyncTaskThreadCount( 3 ) <req: 3 active: 3>
2022-06-20T01:47:37.735Z,0.735924,1d1c,6 [FLog::Output] Loading AppSettings.xml from C:\Users\adminbot6000\AppData\Local\Roblox\Versions\version-fb795406f04b4467\AppSettings.xml
2022-06-20T01:47:37.735Z,0.735924,1d1c,6 [FLog::Output] setAssetFolder content
2022-06-20T01:47:37.737Z,0.737922,1d1c,6 [FLog::Output] setExtraAssetFolder C:/Users\adminbot6000\AppData\Local\Roblox\Versions\version-fb795406f04b4467\ExtraContent
2022-06-20T01:47:38.223Z,1.223522,1d1c,6 [FLog::Output] CrashReporter Start
2022-06-20T01:47:38.224Z,1.224535,1d1c,6 [FLog::Output] The crash upload percentage is 10
2022-06-20T01:47:38.226Z,1.226563,1d1c,6 [FLog::Output] Authentication request URL: https://auth.roblox.com/v1/authentication-ticket/redeem ticket: V58TfsCcl6f2hng2Pr8bcVMhtA6zWXLLMZPvTRm8SyX_DJmKUT223K3haVrjd0Wz6rDC39XghceMcrPwRjaV8WclQu5PVPJJGTV3I99Cm_4eEofUPvOiIYeZvbf3hh8bWmd3MJrGtQ-lRdWJX7447w2e6WexPzNGO45bkC3Nq_CXQ5VXdTzE90Rvrw9nk7QEu1M49aHfGl_q0X_rQaqaOgkvI3U6TJ-_uOVQTQfHDkU
2022-06-20T01:47:38.228Z,1.228590,1460,6 [FLog::Output] WatcherThread Started
2022-06-20T01:47:42.355Z,5.355564,1d1c,6 [FLog::Error] Error: Important !Loading shader files
2022-06-20T01:47:42.357Z,5.357548,1d1c,6 [FLog::Output] TaskSchedulerMk2::applyAsyncTaskThreadCount( 3 ) <req: 3 active: 3>
2022-06-20T01:47:42.358Z,5.358541,1d1c,6 [FLog::Output] Info: Initializing new game
2022-06-20T01:47:42.480Z,5.480694,1d1c,6 [FLog::Output] account = UA-43420590-14, schedule = 500
2022-06-20T01:47:42.480Z,5.480694,1d1c,6 [FLog::Output] TaskSchedulerMk2::applyAsyncTaskThreadCount( 3 ) <req: 3 active: 3>
2022-06-20T01:47:43.174Z,6.174193,1d1c,6 [FLog::Output] Hello Avatars!
2022-06-20T01:47:43.174Z,6.174193,1d1c,6 [FLog::Output] Hello! <Tap tap> Is this thing on?
2022-06-20T01:47:43.174Z,6.174193,1d1c,6 [FLog::Output] Hello World will suffice.
2022-06-20T01:47:43.174Z,6.174193,1d1c,6 [FLog::Output] Hello from a lush garden!
2022-06-20T01:47:43.174Z,6.174193,1d1c,6 [FLog::Output] Hello! Happy to meet you.
2022-06-20T01:47:43.174Z,6.174193,1d1c,6 [FLog::Output] Hello Cool Kids!
2022-06-20T01:47:43.174Z,6.174193,1d1c,6 [FLog::Output] Hello! Let's hope this works.
2022-06-20T01:47:43.174Z,6.174193,1d1c,6 [FLog::Output] Hello from the other side of the galaxy!
2022-06-20T01:47:48.855Z,11.855693,1d1c,6 [FLog::VR] VR: VR_IsSteamVRRunning returned false
2022-06-20T01:47:49.248Z,12.248791,1d1c,6 [FLog::Graphics] D3D11 Adapter: VMware SVGA 3D
2022-06-20T01:47:49.248Z,12.248791,1d1c,6 [FLog::Graphics] D3D11 Adapter: Vendor 15ad Device 0405 VRAM 4 RAM 2521
2022-06-20T01:47:49.257Z,12.257775,1d1c,6 [channel] Caps: ThreadSafe 0 Framebuffer 1 FpFramebuffer 1 Shaders 1 Compute 1 Instancing 1 ConstBuffers 1
2022-06-20T01:47:49.257Z,12.257775,1d1c,6 [channel] Caps: Framebuffer: MRT 8 MSAA 8 Stencil 1
2022-06-20T01:47:49.258Z,12.258774,1d1c,6 [channel] Caps: Framebuffer: Depth16 1 Depth24 1 DepthFloat 1 DepthClamp 1
2022-06-20T01:47:49.258Z,12.258774,1d1c,6 [channel] Caps: Border Color 1
2022-06-20T01:47:49.258Z,12.258774,1d1c,6 [channel] Caps: Texture: RGB10A2 1 RG11B10F 1
2022-06-20T01:47:49.258Z,12.258774,1d1c,6 [channel] Caps: Texture: DXT 1 PVR 0 ETC1 0 ETC2 0 Half 1
2022-06-20T01:47:49.258Z,12.258774,1d1c,6 [channel] Caps: Texture: 3D 1 Array 1 Depth 1 MSAA 1 MSAAFP16 0
2022-06-20T01:47:49.258Z,12.258774,1d1c,6 [channel] Caps: Texture: NPOT 1 PartialMips 1 CubeMipGen 1 CubeFramebuffer 1
2022-06-20T01:47:49.258Z,12.258774,1d1c,6 [channel] Caps: Texture: Size 16384 Units 16
2022-06-20T01:47:49.258Z,12.258774,1d1c,6 [channel] Caps: ConstantBufferSize 65536
2022-06-20T01:47:49.258Z,12.258774,1d1c,6 [channel] Caps: 32bIdx 1 Memoryless 0 mediump 0
2022-06-20T01:47:49.258Z,12.258774,1d1c,6 [channel] Caps: ColorBGR 0 RTFlip 0 MinusOneToOneDepth 0
2022-06-20T01:47:49.376Z,12.376489,1d1c,6 [FLog::Graphics] Video memory size: 2147483648
2022-06-20T01:47:49.925Z,12.925719,1d1c,6 [FLog::Graphics] Loaded 676 shaders from pack d3d11 variant defaultRoughnessRemap (8598140 bytes)
2022-06-20T01:47:49.925Z,12.925719,1d1c,6 [FLog::Graphics] Compiled 676 shaders in 549 ms
2022-06-20T01:47:51.061Z,14.061860,1d1c,6 [FLog::Output] Studio D3D9 GPU: VMware SVGA 3D
2022-06-20T01:47:51.061Z,14.061860,1d1c,6 [FLog::Output] Studio D3D9 GPU: Vendor 15ad Device 0405
2022-06-20T01:47:51.061Z,14.061860,1d1c,6 [FLog::Output] Studio D3D9 Driver: vm3dum_loader.dll 8.17.2.14
2022-06-20T01:47:51.065Z,14.065872,1d1c,6 [FLog::Output] ESGamePerfMonitor GPU: Vendor 000015ad Device 00000405
2022-06-20T01:47:51.065Z,14.065872,1d1c,6 [FLog::Output] ESGamePerfMonitor GPU: SubSys 040515ad Revision 00000000
2022-06-20T01:47:51.066Z,14.066875,1d1c,6 [FLog::Output] ESGamePerfMonitor GPU: DedicatedVidMem 4194304 DedicatedSysMem 2643976192 SharedSystemMemory 123221580930088960
2022-06-20T01:47:51.099Z,14.099413,07b8,6 [FLog::Output] PlaceLauncher URL : https://assetgame.roblox.com/game/PlaceLauncher.ashx?request=RequestGame&browserTrackerId=136867614413&placeId=891852901&isPlayTogetherGame=false
2022-06-20T01:47:51.099Z,14.099413,07b8,6 [FLog::GameJoinUtil] GameJoinUtil::joinGame
2022-06-20T01:47:51.099Z,14.099413,07b8,6 [FLog::GameJoinUtil] GameJoinUtil::joinGamePostStandard: URL: https://gamejoin.roblox.com/v1/join-game BODY: {"placeId":891852901,"gameJoinAttemptId":"FEA3CD1F-C248-4169-9719-8F0687D2AD84","browserTrackerId":"136867614413"}
2022-06-20T01:47:51.099Z,14.099413,07b8,6 [FLog::GameJoinUtil] GameJoinUtil::makePlaceLauncherRequest: requestCount: 0, url: https://gamejoin.roblox.com/v1/join-game.
2022-06-20T01:47:51.099Z,14.099413,07b8,6 [FLog::GameJoinUtil] Delaying request by 0.00 seconds
2022-06-20T01:47:51.250Z,14.250006,1d1c,6 [FLog::Graphics] LayeredClothingMode updated: LC=1 SkeletonAPI=1 HSR=1 TC2=1
2022-06-20T01:47:52.409Z,15.409801,0f2c,6 [FLog::GameJoinUtil] GameJoinUtil::makePlaceLauncherRequest, response:
{"jobId":"4557796b-f505-4087-b757-a3b59a3f3133","status":2,"joinScriptUrl":"https://assetgame.roblox.com/Game/Join.ashx?ticketVersion=2&ticket=%7b%22UserId%22%3a3635455297%2c%22UserName%22%3a%22ftcsvisgreat%22%2c%22DisplayName%22%3a%22ftcsvisgreat%22%2c%22CharacterFetchUrl%22%3a%22https%3a%2f%2fapi.roblox.com%2fv1.1%2favatar-fetch%2f%3fplaceId%3d891852901%26userId%3d3635455297%22%2c%22GameId%22%3a%224557796b-f505-4087-b757-a3b59a3f3133%22%2c%22PlaceId%22%3a891852901%2c%22UniverseId%22%3a371263894%2c%22ServerId%22%3a120692%2c%22ServerPort%22%3a64530%2c%22IsTeleport%22%3afalse%2c%22FollowUserId%22%3anull%2c%22TimeStamp%22%3a%226%2f19%2f2022+8%3a47%3a51+PM%22%2c%22CharacterAppearanceId%22%3a3635455297%2c%22AlternateName%22%3anull%2c%22JoinTypeId%22%3a10%2c%22MatchmakingDecisionId%22%3a%228bdcae5b-f039-4732-86ac-21feed774e80%22%2c%22GameJoinMetadata%22%3a%7b%22JoinSource%22%3a0%2c%22RequestType%22%3a
2022-06-20T01:47:52.410Z,15.410797,0f2c,6 [FLog::GameJoinUtil] Default handler, game join succeeded.
2022-06-20T01:47:52.410Z,15.410797,0f2c,6 [FLog::GameJoinUtil] GameJoinUtil::processing join parameters
2022-06-20T01:47:52.411Z,15.411794,111c,7 [FLog::Network] NetworkClient:Create
2022-06-20T01:47:52.412Z,15.412790,111c,10 [DFLog::KeyRing] Parsed config created at: 19:56 11/23/2021.
2022-06-20T01:47:52.597Z,15.597858,111c,6 [FLog::Output] ! Joining game '4557796b-f505-4087-b757-a3b59a3f3133' place 891852901 at 128.116.74.27
2022-06-20T01:47:52.597Z,15.597858,111c,6 [FLog::GameJoinLoadTime] Report game_join_loadtime: placeid:891852901, join_time:1.3133767959999680386, universeid:371263894, referral_page:, sid:e1335cca-1986-4604-a2f6-076c750138e4, clienttime:1655689672.8110001087, userid:3635455297, 
2022-06-20T01:47:52.610Z,15.610743,111c,7 [FLog::Network] Client will attempt to connect following server endpoints with threadSleepTime(-1)
2022-06-20T01:47:52.611Z,15.611732,111c,7 [FLog::Network] Server Address = 128.116.74.27, Port = 64530
2022-06-20T01:47:52.613Z,15.613712,111c,7 [FLog::Network] binding socket on inaddr_any:0

2022-06-20T01:47:52.680Z,15.680056,0f2c,7 [FLog::Network] Setting latency from Ixp tx: 0 rx: 0
2022-06-20T01:47:52.680Z,15.680056,0f2c,7 [FLog::Network] Set latency from Ixp live response after 71.293968 ms
2022-06-20T01:47:52.749Z,15.749478,111c,6 [FLog::Output] Connecting to 128.116.74.27:64530
2022-06-20T01:47:52.749Z,15.749478,111c,7 [FLog::Network] Connecting to server, IP(inet_addr): 457864320 Port: 64530
2022-06-20T01:47:53.058Z,16.058180,111c,6 [FLog::Output] Connection accepted from 128.116.74.27|64530
2022-06-20T01:47:53.066Z,16.066219,111c,7 [FLog::Network] serverId: 128.116.74.27|64530
2022-06-20T01:47:53.072Z,16.072248,111c,7 [FLog::Network] Replicator created for player 128.116.74.27|64530
2022-06-20T01:47:53.072Z,16.072248,111c,7 [FLog::Network] Replicator created: 190771E8
2022-06-20T01:47:53.398Z,16.398512,0fcc,7 [FLog::Network] Time taken to initialize schema = 10.037200 ms
2022-06-20T01:47:53.398Z,16.398512,0fcc,7 [FLog::Network] Assigned peer id = 350
2022-06-20T01:47:53.398Z,16.398512,0fcc,7 [FLog::Network] Join snapshot timer: 0.166700
2022-06-20T01:47:54.496Z,17.496330,0f2c,7 [FLog::Network] Setting latency from Ixp tx: 0 rx: 0
2022-06-20T01:48:00.273Z,23.273600,0fcc,6 [FLog::Output] Server RobloxGitHash: 4d6c4589e833eb28bf4e444d7eea6ce3f388fc88
2022-06-20T01:48:00.274Z,23.274580,0fcc,6 [FLog::Output] Server Prefix: 0.531.0.5310423_20220619T222015Z_RCC_42199
2022-06-20T01:48:06.646Z,29.646002,0fcc,6 [FLog::Error] Error: Failed to load sound rbxassetid://1124255533: Unable to download sound data
2022-06-20T01:48:08.665Z,31.665943,1d1c,6 [FLog::Graphics] Future is bright shadows
2022-06-20T01:48:09.453Z,32.453617,1d1c,6 [FLog::Graphics] SolidTextures::initSolidTextures()
2022-06-20T01:48:09.453Z,32.453617,1d1c,6 [FLog::Graphics] Terrain TextureArray 512x512, arraySize: 36, mip: 10
2022-06-20T01:48:12.706Z,35.706856,0f2c,6 [FLog::Error] Asset (Image) "https://assetdelivery.roblox.com/v1/asset?id=244514423" load failed in Workspace.SessionVehicles.sjsjjsjssjei-Car.ReplaceSmokeWinter.Test.P.Texture: Request failed
2022-06-20T01:48:12.706Z,35.706856,0f2c,12 [DFLog::HttpTraceError] HttpResponse(#117 25580D20) time:2336.6ms (net:2014.9ms callback:0.0ms timeInRetryQueue:0.0ms) error:12 message:HttpError: Unknown url:"https://assetdelivery.roblox.com/v1/asset?id=244514423" ip:23.218.224.86 external:0 numberOfTimesRetried:0
2022-06-20T01:48:16.785Z,39.785088,0f2c,6 [FLog::Error] Asset (Image) "https://assetdelivery.roblox.com/v1/asset?id=241629053" load failed in Workspace.SessionVehicles.IIICSH-Car.CrashFXEvent.CrashFXServer.Smoke.Texture: Request failed
2022-06-20T01:48:16.785Z,39.785088,0f2c,12 [DFLog::HttpTraceError] HttpResponse(#118 25582310) time:3628.9ms (net:3167.9ms callback:0.0ms timeInRetryQueue:0.0ms) error:12 message:HttpError: Unknown url:"https://assetdelivery.roblox.com/v1/asset?id=241629053" ip:23.218.224.86 external:0 numberOfTimesRetried:0
2022-06-20T01:48:35.736Z,58.736652,0750,6 [FLog::Error] Asset (Image) "https://assetdelivery.roblox.com/v1/asset?id=630062557" load failed in Workspace.Makycrack76.Humanoid.Clothes: Failed to resolve texture format | 76 65 72 73 69 6f 6e 20 32 2e 30 30 0a 0c 00 24 0c ec 02 00 00 68 01 00 00 dd fe 94 be 40 54 87 be a2 76 07 3f ee 29 21 bf 3f fe 06 3d 3a b9 46 3f 00 7b 0f 3c 64 e5 63 3f 00 00 00 00 8a 61 55     version 2.00...$.ì...h...Ýþ”¾@T‡¾¢v.?î)!¿?þ.=:¹F?.{.<dåc?....ŠaU
2022-06-20T01:48:50.238Z,73.238998,1d1c,6 [FLog::Graphics] Setting screen DPI scale to 0.00 (was 1.00)
2022-06-20T01:48:51.349Z,74.349258,1d1c,6 [FLog::Error] signalr: new state: 0, message: stop was called
2022-06-20T01:48:51.349Z,74.349258,1d1c,6 [DFLog::PerfHistogram] Performance histogram MutexContentionWait
2022-06-20T01:48:51.349Z,74.349258,1d1c,6 [DFLog::PerfHistogram]   <1     us : 112
2022-06-20T01:48:51.349Z,74.349258,1d1c,6 [DFLog::PerfHistogram]   <3     us : 0
2022-06-20T01:48:51.349Z,74.349258,1d1c,6 [DFLog::PerfHistogram]   <9     us : 0
2022-06-20T01:48:51.349Z,74.349258,1d1c,6 [DFLog::PerfHistogram]   <27    us : 0
2022-06-20T01:48:51.357Z,74.357445,1d1c,6 [DFLog::PerfHistogram]   <81    us : 0
2022-06-20T01:48:51.360Z,74.360519,1d1c,6 [DFLog::PerfHistogram]   <243   us : 0
2022-06-20T01:48:51.360Z,74.360519,1d1c,6 [DFLog::PerfHistogram]   <729   us : 0
2022-06-20T01:48:51.360Z,74.360519,1d1c,6 [DFLog::PerfHistogram]   <2187  us : 0
2022-06-20T01:48:51.360Z,74.360519,1d1c,6 [DFLog::PerfHistogram]   <6561  us : 0
2022-06-20T01:48:51.361Z,74.361542,1d1c,6 [DFLog::PerfHistogram]  (larger)   : 0
2022-06-20T01:48:51.399Z,74.399414,1d1c,7 [FLog::Network] Client:Disconnect
2022-06-20T01:48:51.438Z,74.438347,1d1c,7 [DFLog::MegaReplicatorLogDisconnectCleanUpLog] MRD cleanup WorkerCount available: 2, for MRD table size: 97720
2022-06-20T01:48:51.579Z,74.579521,1d1c,7 [FLog::Network] Time to disconnect replication data: 138.702698
2022-06-20T01:48:56.293Z,79.293839,0f2c,12 [DFLog::HttpTraceError] HttpResponse(#355 255859E8) time:9363.3ms (net:4282.8ms callback:0.0ms timeInRetryQueue:0.0ms) error:12 message:HttpError: Unknown url:"https://assetdelivery.roblox.com/v1/asset?id=9345226180" ip:23.218.224.90 external:0 numberOfTimesRetried:0
2022-06-20T01:48:56.658Z,79.658958,1d1c,7 [FLog::Network] Sending disconnect with reason: 285
2022-06-20T01:48:56.730Z,79.730331,1ed0,7 [FLog::Network] Connection lost
2022-06-20T01:48:56.731Z,79.731339,1ed0,7 [FLog::Network] Connection lost: connectMode: Disconnect ASAP, timeMS:79730, connectionTime 15883
2022-06-20T01:48:56.731Z,79.731339,1ed0,7 [FLog::Network] Connection lost: AckTimeout 0, IsOutgoingDataWaiting 0
2022-06-20T01:48:56.731Z,79.731339,1ed0,7 [FLog::Network] Disconnection Notification. Reason: 285
2022-06-20T01:48:57.070Z,80.070595,1d1c,6 [FLog::Output] OnDisconnect http req time:411.63ms
2022-06-20T01:48:57.070Z,80.070595,1d1c,7 [FLog::Network] Replicator destroyed: 190771E8
2022-06-20T01:48:57.076Z,80.076622,1d1c,7 [FLog::Network] Sending disconnect with reason: 285
2022-06-20T01:48:59.027Z,82.027954,1d1c,7 [FLog::Network] Client:Disconnect
2022-06-20T01:48:59.097Z,82.097527,1d1c,6 [FLog::Output] Closing Fmod (as 49, ml 0, sl 0).
2022-06-20T01:48:59.386Z,82.386520,1d1c,6 [FLog::Output] Fmod Closed.
2022-06-20T01:48:59.433Z,82.433395,1d1c,7 [FLog::Network] NetworkClient:Remove
2022-06-20T01:48:59.433Z,82.433395,1d1c,7 [DFLog::MegaReplicatorLogDisconnectCleanUpLog] Destroying MegaReplicator.
2022-06-20T01:49:06.430Z,89.430634,1d1c,12 [DFLog::HttpTraceError] HttpResponse(#1112 36128BD0) time:135.1ms (net:114.6ms callback:0.0ms timeInRetryQueue:0.0ms) error:9 message:HttpError: Aborted url:"https://client-telemetry.roblox.com" ip: external:0 numberOfTimesRetried:0
