2022-06-20T01:00:41.172Z,0.172882,1e40,6 [FLog::Output] RobloxGitHash: 4d6c4589e833eb28bf4e444d7eea6ce3f388fc88
2022-06-20T01:00:41.175Z,0.175882,1e40,6 [FLog::Output] The channel is production
2022-06-20T01:00:41.419Z,0.419287,1e40,6 [FLog::Error] Test log: Map check complete and successful!
2022-06-20T01:00:41.419Z,0.419287,1e40,6 [FLog::Error] Dynamic initializer test result: SUCCESS
2022-06-20T01:00:41.421Z,0.421281,1e40,6 [FLog::Output] TaskSchedulerMk2::applyAsyncTaskThreadCount( 3 ) <req: 0 active: 0>
2022-06-20T01:00:41.527Z,0.527474,1e40,6 [FLog::Output] TaskSchedulerMk2::applyAsyncTaskThreadCount( 3 ) <req: 3 active: 3>
2022-06-20T01:00:41.610Z,0.610395,1e40,6 [FLog::Output] Loading AppSettings.xml from C:\Users\adminbot6000\AppData\Local\Roblox\Versions\version-fb795406f04b4467\AppSettings.xml
2022-06-20T01:00:41.612Z,0.612411,1e40,6 [FLog::Output] setAssetFolder content
2022-06-20T01:00:41.614Z,0.614426,1e40,6 [FLog::Output] setExtraAssetFolder C:/Users\adminbot6000\AppData\Local\Roblox\Versions\version-fb795406f04b4467\ExtraContent
2022-06-20T01:00:41.843Z,0.843274,1e40,6 [FLog::Output] CrashReporter Start
2022-06-20T01:00:41.845Z,0.845264,1e40,6 [FLog::Output] The crash upload percentage is 10
2022-06-20T01:00:41.845Z,0.845264,1e40,6 [FLog::Output] Authentication request URL: https://auth.roblox.com/v1/authentication-ticket/redeem ticket: z98iu_A42yCAdtbwVDypjiQUXQ-_hcl9Fu9vjhQ9TWE6LyI_S3HMddpxrs1OV6ONtqARHI6dvJed95DQeNBx9Nay0OuMzcs6tKyfBj_SNHUZqVVl6JUAL7cVtB6bn9PiWw_SU_oVePJo4M_0gO2CBY1SI5y4P-zsgQA4h8pSU23QEQtxnEeL3jVHSvVgplKOKKJz9B4oI7BY80LEdbPm7EYiPWO3Ghv5UyfLo4pqLhY
2022-06-20T01:00:41.847Z,0.847254,0338,6 [FLog::Output] WatcherThread Started
2022-06-20T01:00:43.689Z,2.689713,1e40,6 [FLog::Error] Error: Important !Loading shader files
2022-06-20T01:00:43.690Z,2.690716,1e40,6 [FLog::Output] TaskSchedulerMk2::applyAsyncTaskThreadCount( 3 ) <req: 3 active: 3>
2022-06-20T01:00:43.692Z,2.692723,1e40,6 [FLog::Output] Info: Initializing new game
2022-06-20T01:00:43.746Z,2.746914,1e40,6 [FLog::Output] account = UA-43420590-14, schedule = 500
2022-06-20T01:00:43.747Z,2.747918,1e40,6 [FLog::Output] TaskSchedulerMk2::applyAsyncTaskThreadCount( 3 ) <req: 3 active: 3>
2022-06-20T01:00:44.415Z,3.415448,1e40,6 [FLog::Output] Hello Avatars!
2022-06-20T01:00:44.417Z,3.417435,1e40,6 [FLog::Output] Hello! <Tap tap> Is this thing on?
2022-06-20T01:00:44.417Z,3.417435,1e40,6 [FLog::Output] Hello World will suffice.
2022-06-20T01:00:44.417Z,3.417435,1e40,6 [FLog::Output] Hello from a lush garden!
2022-06-20T01:00:44.417Z,3.417435,1e40,6 [FLog::Output] Hello! Happy to meet you.
2022-06-20T01:00:44.417Z,3.417435,1e40,6 [FLog::Output] Hello Cool Kids!
2022-06-20T01:00:44.417Z,3.417435,1e40,6 [FLog::Output] Hello! Let's hope this works.
2022-06-20T01:00:44.417Z,3.417435,1e40,6 [FLog::Output] Hello from the other side of the galaxy!
2022-06-20T01:00:45.108Z,4.108591,1e40,6 [FLog::VR] VR: VR_IsSteamVRRunning returned false
2022-06-20T01:00:45.154Z,4.154682,1e40,6 [FLog::Graphics] D3D11 Adapter: VMware SVGA 3D
2022-06-20T01:00:45.155Z,4.155684,1e40,6 [FLog::Graphics] D3D11 Adapter: Vendor 15ad Device 0405 VRAM 4 RAM 1023
2022-06-20T01:00:45.155Z,4.155684,1e40,6 [channel] Caps: ThreadSafe 0 Framebuffer 1 FpFramebuffer 1 Shaders 1 Compute 1 Instancing 1 ConstBuffers 1
2022-06-20T01:00:45.156Z,4.156686,1e40,6 [channel] Caps: Framebuffer: MRT 8 MSAA 8 Stencil 1
2022-06-20T01:00:45.156Z,4.156686,1e40,6 [channel] Caps: Framebuffer: Depth16 1 Depth24 1 DepthFloat 1 DepthClamp 1
2022-06-20T01:00:45.156Z,4.156686,1e40,6 [channel] Caps: Border Color 1
2022-06-20T01:00:45.156Z,4.156686,1e40,6 [channel] Caps: Texture: RGB10A2 1 RG11B10F 1
2022-06-20T01:00:45.157Z,4.157688,1e40,6 [channel] Caps: Texture: DXT 1 PVR 0 ETC1 0 ETC2 0 Half 1
2022-06-20T01:00:45.157Z,4.157688,1e40,6 [channel] Caps: Texture: 3D 1 Array 1 Depth 1 MSAA 1 MSAAFP16 0
2022-06-20T01:00:45.157Z,4.157688,1e40,6 [channel] Caps: Texture: NPOT 1 PartialMips 1 CubeMipGen 1 CubeFramebuffer 1
2022-06-20T01:00:45.157Z,4.157688,1e40,6 [channel] Caps: Texture: Size 16384 Units 16
2022-06-20T01:00:45.157Z,4.157688,1e40,6 [channel] Caps: ConstantBufferSize 65536
2022-06-20T01:00:45.157Z,4.157688,1e40,6 [channel] Caps: 32bIdx 1 Memoryless 0 mediump 0
2022-06-20T01:00:45.157Z,4.157688,1e40,6 [channel] Caps: ColorBGR 0 RTFlip 0 MinusOneToOneDepth 0
2022-06-20T01:00:45.297Z,4.297019,1e40,6 [FLog::Graphics] Video memory size: 1077403648
2022-06-20T01:00:45.482Z,4.482853,1e40,6 [FLog::Graphics] Loaded 676 shaders from pack d3d11 variant defaultRoughnessRemap (8598140 bytes)
2022-06-20T01:00:45.482Z,4.482853,1e40,6 [FLog::Graphics] Compiled 676 shaders in 182 ms
2022-06-20T01:00:46.450Z,5.450529,1e40,6 [FLog::Output] Studio D3D9 GPU: VMware SVGA 3D
2022-06-20T01:00:46.450Z,5.450529,1e40,6 [FLog::Output] Studio D3D9 GPU: Vendor 15ad Device 0405
2022-06-20T01:00:46.450Z,5.450529,1e40,6 [FLog::Output] Studio D3D9 Driver: vm3dum_loader.dll 8.17.2.14
2022-06-20T01:00:46.450Z,5.450529,1e40,6 [FLog::Output] ESGamePerfMonitor GPU: Vendor 000015ad Device 00000405
2022-06-20T01:00:46.450Z,5.450529,1e40,6 [FLog::Output] ESGamePerfMonitor GPU: SubSys 040515ad Revision 00000000
2022-06-20T01:00:46.450Z,5.450529,1e40,6 [FLog::Output] ESGamePerfMonitor GPU: DedicatedVidMem 4194304 DedicatedSysMem 1073209344 SharedSystemMemory 97888833026129920
2022-06-20T01:00:46.476Z,5.476164,14f8,6 [FLog::Output] PlaceLauncher URL : https://assetgame.roblox.com/game/PlaceLauncher.ashx?request=RequestGame&browserTrackerId=136867614413&placeId=2753915549&isPlayTogetherGame=false
2022-06-20T01:00:46.476Z,5.476164,14f8,6 [FLog::GameJoinUtil] GameJoinUtil::joinGame
2022-06-20T01:00:46.477Z,5.477150,14f8,6 [FLog::GameJoinUtil] GameJoinUtil::joinGamePostStandard: URL: https://gamejoin.roblox.com/v1/join-game BODY: {"placeId":2753915549,"gameJoinAttemptId":"141C4D4D-91D1-4898-B2CF-70E993F51CCE","browserTrackerId":"136867614413"}
2022-06-20T01:00:46.477Z,5.477150,14f8,6 [FLog::GameJoinUtil] GameJoinUtil::makePlaceLauncherRequest: requestCount: 0, url: https://gamejoin.roblox.com/v1/join-game.
2022-06-20T01:00:46.477Z,5.477150,14f8,6 [FLog::GameJoinUtil] Delaying request by 0.00 seconds
2022-06-20T01:00:46.501Z,5.501698,1e40,6 [FLog::Graphics] LayeredClothingMode updated: LC=1 SkeletonAPI=1 HSR=1 TC2=1
2022-06-20T01:00:47.339Z,6.339778,0d58,6 [FLog::GameJoinUtil] GameJoinUtil::makePlaceLauncherRequest, response:
{"jobId":"2e2cd744-bd87-4058-b004-b8d7fbadfa4f","status":2,"joinScriptUrl":"https://assetgame.roblox.com/Game/Join.ashx?ticketVersion=2&ticket=%7b%22UserId%22%3a3635455297%2c%22UserName%22%3a%22ftcsvisgreat%22%2c%22DisplayName%22%3a%22ftcsvisgreat%22%2c%22CharacterFetchUrl%22%3a%22https%3a%2f%2fapi.roblox.com%2fv1.1%2favatar-fetch%2f%3fplaceId%3d2753915549%26userId%3d3635455297%22%2c%22GameId%22%3a%222e2cd744-bd87-4058-b004-b8d7fbadfa4f%22%2c%22PlaceId%22%3a2753915549%2c%22UniverseId%22%3a994732206%2c%22ServerId%22%3a120723%2c%22ServerPort%22%3a63376%2c%22IsTeleport%22%3afalse%2c%22FollowUserId%22%3anull%2c%22TimeStamp%22%3a%226%2f19%2f2022+8%3a00%3a48+PM%22%2c%22CharacterAppearanceId%22%3a3635455297%2c%22AlternateName%22%3anull%2c%22JoinTypeId%22%3a10%2c%22MatchmakingDecisionId%22%3a%22eb589108-ee1a-4296-bec1-155c06a33693%22%2c%22GameJoinMetadata%22%3a%7b%22JoinSource%22%3a0%2c%22RequestType%22%3
2022-06-20T01:00:47.354Z,6.354809,0d58,6 [FLog::GameJoinUtil] Default handler, game join succeeded.
2022-06-20T01:00:47.357Z,6.357815,0d58,6 [FLog::GameJoinUtil] GameJoinUtil::processing join parameters
2022-06-20T01:00:47.357Z,6.357815,16e0,7 [FLog::Network] NetworkClient:Create
2022-06-20T01:00:47.357Z,6.357815,16e0,10 [DFLog::KeyRing] Parsed config created at: 19:56 11/23/2021.
2022-06-20T01:00:47.436Z,6.436461,16e0,6 [FLog::Output] ! Joining game '2e2cd744-bd87-4058-b004-b8d7fbadfa4f' place 2753915549 at 128.116.76.119
2022-06-20T01:00:47.436Z,6.436461,16e0,6 [FLog::GameJoinLoadTime] Report game_join_loadtime: placeid:2753915549, join_time:0.88066502200012131141, universeid:994732206, referral_page:, sid:64ac0799-7bce-430b-9f1f-f08fda7468ed, clienttime:1655686848.1270000935, userid:3635455297, 
2022-06-20T01:00:47.684Z,6.684454,16e0,7 [FLog::Network] Client will attempt to connect following server endpoints with threadSleepTime(-1)
2022-06-20T01:00:47.685Z,6.685451,16e0,7 [FLog::Network] Server Address = 128.116.76.119, Port = 63376
2022-06-20T01:00:47.686Z,6.686448,16e0,7 [FLog::Network] binding socket on inaddr_any:0

2022-06-20T01:00:47.701Z,6.701439,16e0,6 [FLog::Output] Connecting to 128.116.76.119:63376
2022-06-20T01:00:47.701Z,6.701439,16e0,7 [FLog::Network] Connecting to server, IP(inet_addr): 2001499264 Port: 63376
2022-06-20T01:00:47.927Z,6.927002,0d58,7 [FLog::Network] Setting latency from Ixp tx: 0 rx: 0
2022-06-20T01:00:47.930Z,6.930022,0d58,7 [FLog::Network] Set latency from Ixp live response after 245.568130 ms
2022-06-20T01:00:48.055Z,7.055291,16e0,6 [FLog::Output] Connection accepted from 128.116.76.119|63376
2022-06-20T01:00:48.056Z,7.056298,16e0,7 [FLog::Network] serverId: 128.116.76.119|63376
2022-06-20T01:00:48.056Z,7.056298,16e0,7 [FLog::Network] Replicator created for player 128.116.76.119|63376
2022-06-20T01:00:48.056Z,7.056298,16e0,7 [FLog::Network] Replicator created: 181A2938
2022-06-20T01:00:48.230Z,7.230136,16e0,7 [FLog::Network] Time taken to initialize schema = 11.769900 ms
2022-06-20T01:00:48.230Z,7.230136,16e0,7 [FLog::Network] Assigned peer id = 805
2022-06-20T01:00:48.230Z,7.230136,16e0,7 [FLog::Network] Join snapshot timer: 0.119400
2022-06-20T01:00:48.876Z,7.876452,0d58,7 [FLog::Network] Setting latency from Ixp tx: 0 rx: 0
2022-06-20T01:00:54.481Z,13.481536,16e0,6 [FLog::Output] Requiring Sound
2022-06-20T01:00:54.482Z,13.482535,16e0,6 [FLog::Output] Requiring CopyTable
2022-06-20T01:00:54.482Z,13.482535,16e0,6 [FLog::Output] Requiring FPSTracker
2022-06-20T01:00:54.482Z,13.482535,16e0,6 [FLog::Output] Requiring Debris
2022-06-20T01:00:54.483Z,13.483536,16e0,6 [FLog::Output] Requiring ServerWait
2022-06-20T01:00:54.483Z,13.483536,16e0,6 [FLog::Output] Requiring RenderDistance
2022-06-20T01:00:54.483Z,13.483536,16e0,6 [FLog::Output] Requiring Ray
2022-06-20T01:00:54.483Z,13.483536,16e0,6 [FLog::Output] Requiring Spring
2022-06-20T01:00:54.485Z,13.485535,16e0,6 [FLog::Output] Requiring VRichText
2022-06-20T01:00:54.486Z,13.486534,16e0,6 [FLog::Output] Requiring Routine
2022-06-20T01:00:54.486Z,13.486534,16e0,6 [FLog::Output] Requiring Signal
2022-06-20T01:00:54.486Z,13.486534,16e0,6 [FLog::Output] Requiring WaitFrame
2022-06-20T01:00:54.486Z,13.486534,16e0,6 [FLog::Output] Requiring Tween
2022-06-20T01:00:54.487Z,13.487534,16e0,6 [FLog::Output] Requiring RichText
2022-06-20T01:00:54.487Z,13.487534,16e0,6 [FLog::Output] Requiring BodyMover
2022-06-20T01:00:54.487Z,13.487534,16e0,6 [FLog::Output] Requiring Anims
2022-06-20T01:00:54.487Z,13.487534,16e0,6 [FLog::Output] Requiring MasterClock
2022-06-20T01:00:54.487Z,13.487534,16e0,6 [FLog::Output] Requiring ReplicatedTween
2022-06-20T01:00:54.499Z,13.499405,16e0,6 [FLog::Output] Requiring Other
2022-06-20T01:00:54.499Z,13.499405,16e0,6 [FLog::Output] Requiring FABRIK
2022-06-20T01:00:54.499Z,13.499405,16e0,6 [FLog::Output] Requiring CameraShaker
2022-06-20T01:00:54.500Z,13.500412,16e0,6 [FLog::Output] Requiring LightningBolt
2022-06-20T01:00:54.501Z,13.501420,16e0,6 [FLog::Output] Requiring RotatableRegion
2022-06-20T01:00:54.501Z,13.501420,16e0,6 [FLog::Output] Requiring CuboidPlane
2022-06-20T01:00:54.501Z,13.501420,16e0,6 [FLog::Output] Requiring Flare
2022-06-20T01:00:54.501Z,13.501420,16e0,6 [FLog::Output] Requiring Create
2022-06-20T01:00:54.502Z,13.502427,16e0,6 [FLog::Output] Requiring Wings
2022-06-20T01:00:54.502Z,13.502427,16e0,6 [FLog::Output] Requiring CFrameToNormal
2022-06-20T01:00:54.502Z,13.502427,16e0,6 [FLog::Output] Requiring Rock
2022-06-20T01:00:54.502Z,13.502427,16e0,6 [FLog::Output] Requiring RayCastWhitelist
2022-06-20T01:00:54.502Z,13.502427,16e0,6 [FLog::Output] Requiring Maid
2022-06-20T01:00:54.502Z,13.502427,16e0,6 [FLog::Output] Requiring Lightning
2022-06-20T01:00:54.504Z,13.504442,16e0,6 [FLog::Output] Requiring Beziers
2022-06-20T01:00:54.504Z,13.504442,16e0,6 [FLog::Output] Requiring PartCache
2022-06-20T01:00:54.504Z,13.504442,16e0,6 [FLog::Output] Requiring HeartbeatLoopFor
2022-06-20T01:00:54.504Z,13.504442,16e0,6 [FLog::Output] Requiring Promise
2022-06-20T01:00:54.507Z,13.507465,16e0,6 [FLog::Output] Requiring LightningBolt2
2022-06-20T01:00:54.508Z,13.508472,16e0,6 [FLog::Output] Requiring DestroyAfter
2022-06-20T01:00:54.509Z,13.509480,16e0,6 [FLog::Output] Requiring RotatedRegion3
2022-06-20T01:00:54.613Z,13.613554,16e0,6 [FLog::Warning] Warning: Initiating render distance system
2022-06-20T01:00:54.613Z,13.613554,16e0,6 [FLog::Output] Running queue.
2022-06-20T01:00:54.657Z,13.657276,16e0,6 [FLog::Output] Server RobloxGitHash: 4d6c4589e833eb28bf4e444d7eea6ce3f388fc88
2022-06-20T01:00:54.657Z,13.657276,16e0,6 [FLog::Output] Server Prefix: 0.531.0.5310423_20220619T144257Z_RCC_13a18
2022-06-20T01:00:58.722Z,17.722807,16e0,6 [FLog::Output] Required Sound
2022-06-20T01:00:58.833Z,17.833475,1c08,6 [FLog::Error] Asset (Animation) "rbxassetid://1499319573" load failed in Animation.AnimationId: Animation failed to load
2022-06-20T01:01:00.755Z,19.755672,16e0,6 [FLog::Warning] Warning: Infinite yield possible on 'Players.ftcsvisgreat.PlayerGui:WaitForChild("Main")'
2022-06-20T01:01:00.756Z,19.756662,16e0,6 [FLog::Output] Info: Stack Begin
2022-06-20T01:01:00.756Z,19.756662,16e0,6 [FLog::Output] Info: Script 'Players.ftcsvisgreat.PlayerScripts.AnimateEntrance', Line 9
2022-06-20T01:01:00.756Z,19.756662,16e0,6 [FLog::Output] Info: Stack End
2022-06-20T01:01:00.756Z,19.756662,16e0,6 [FLog::Warning] Warning: Infinite yield possible on 'Players.ftcsvisgreat.PlayerGui:WaitForChild("Main")'
2022-06-20T01:01:00.757Z,19.757650,16e0,6 [FLog::Output] Info: Stack Begin
2022-06-20T01:01:00.757Z,19.757650,16e0,6 [FLog::Output] Info: Script 'ReplicatedStorage.DialoguesList', Line 103
2022-06-20T01:01:00.757Z,19.757650,16e0,6 [FLog::Output] Info: Stack End
2022-06-20T01:01:00.826Z,19.826784,16e0,6 [FLog::Error] Error: Failed to load sound rbxassetid://255679384: Unable to download sound data
2022-06-20T01:01:00.828Z,19.828804,16e0,6 [FLog::Error] Error: Failed to load sound rbxassetid://1418723483: Unable to download sound data
2022-06-20T01:01:00.829Z,19.829815,16e0,6 [FLog::Error] Error: Failed to load sound rbxassetid://4820624669: Unable to download sound data
2022-06-20T01:01:00.829Z,19.829815,16e0,6 [FLog::Error] Error: Failed to load sound rbxassetid://7340784429: Unable to download sound data
2022-06-20T01:01:00.879Z,19.879320,16e0,6 [FLog::Error] Error: Failed to load sound rbxassetid://161190414: Unable to download sound data
2022-06-20T01:01:00.879Z,19.879320,16e0,6 [FLog::Error] Error: Failed to load sound rbxassetid://161190414: Unable to download sound data
2022-06-20T01:01:03.801Z,22.801464,1e40,6 [FLog::Graphics] SolidTextures::initSolidTextures()
2022-06-20T01:01:03.801Z,22.801464,1e40,6 [FLog::Graphics] Terrain TextureArray 512x512, arraySize: 36, mip: 10
2022-06-20T01:01:04.547Z,23.547312,1e40,6 [FLog::Error] Asset (Image) "" load failed in Workspace.Boats.Dinghy.Decal.Decal.Texture: Unexpected URL
2022-06-20T01:01:05.853Z,24.853067,16e0,6 [FLog::Output] Required CopyTable
2022-06-20T01:01:08.376Z,27.376587,18f4,6 [FLog::Output] Required FPSTracker
2022-06-20T01:01:08.552Z,27.552849,16e0,6 [FLog::Output] Required Debris
2022-06-20T01:01:09.007Z,28.007294,16e0,6 [FLog::Output] Required ServerWait
2022-06-20T01:01:09.086Z,28.086899,18f4,6 [FLog::Warning] Warning: Shared server-client clock has been created
2022-06-20T01:01:09.086Z,28.086899,18f4,6 [FLog::Output] Required RenderDistance
2022-06-20T01:01:09.342Z,28.342237,18f4,6 [FLog::Output] Required Ray
2022-06-20T01:01:09.342Z,28.342237,18f4,6 [FLog::Output] Required Spring
2022-06-20T01:01:09.344Z,28.344240,18f4,6 [FLog::Output] Required VRichText
2022-06-20T01:01:09.344Z,28.344240,18f4,6 [FLog::Output] Required Routine
2022-06-20T01:01:09.576Z,28.576900,18f4,6 [FLog::Output] Required Signal
2022-06-20T01:01:09.577Z,28.577906,18f4,6 [FLog::Output] Required WaitFrame
2022-06-20T01:01:09.577Z,28.577906,18f4,6 [FLog::Output] Required Tween
2022-06-20T01:01:09.578Z,28.578913,18f4,6 [FLog::Output] Required RichText
2022-06-20T01:01:09.579Z,28.579918,18f4,6 [FLog::Output] Required BodyMover
2022-06-20T01:01:09.777Z,28.777431,18f4,6 [FLog::Output] Required Anims
2022-06-20T01:01:09.777Z,28.777431,18f4,6 [FLog::Output] Required MasterClock
2022-06-20T01:01:09.897Z,28.897051,18f4,6 [FLog::Output] Required ReplicatedTween
2022-06-20T01:01:09.898Z,28.898048,18f4,6 [FLog::Output] Required Other
2022-06-20T01:01:10.056Z,29.056330,18f4,6 [FLog::Output] Required FABRIK
2022-06-20T01:01:10.056Z,29.056330,18f4,6 [FLog::Output] Required CameraShaker
2022-06-20T01:01:10.058Z,29.058321,18f4,6 [FLog::Output] Required LightningBolt
2022-06-20T01:01:10.231Z,29.231478,18f4,6 [FLog::Output] Required RotatableRegion
2022-06-20T01:01:10.232Z,29.232475,18f4,6 [FLog::Output] Required CuboidPlane
2022-06-20T01:01:10.361Z,29.361156,18f4,6 [FLog::Output] Required Flare
2022-06-20T01:01:10.361Z,29.361156,18f4,6 [FLog::Output] Required Create
2022-06-20T01:01:10.361Z,29.361156,18f4,6 [FLog::Output] Required Wings
2022-06-20T01:01:10.361Z,29.361156,18f4,6 [FLog::Output] Required CFrameToNormal
2022-06-20T01:01:10.363Z,29.363163,18f4,6 [FLog::Output] Required Rock
2022-06-20T01:01:10.516Z,29.516186,16e0,6 [FLog::Output] Required RayCastWhitelist
2022-06-20T01:01:10.521Z,29.521147,16e0,6 [FLog::Output] Required Maid
2022-06-20T01:01:10.686Z,29.686255,16e0,6 [FLog::Output] Required Lightning
2022-06-20T01:01:10.689Z,29.689268,16e0,6 [FLog::Output] Required Beziers
2022-06-20T01:01:10.869Z,29.869913,16e0,6 [FLog::Output] Required PartCache
2022-06-20T01:01:10.870Z,29.870913,16e0,6 [FLog::Output] Required HeartbeatLoopFor
2022-06-20T01:01:10.870Z,29.870913,16e0,6 [FLog::Output] Required Promise
2022-06-20T01:01:10.996Z,29.996574,16e0,6 [FLog::Output] Required LightningBolt2
2022-06-20T01:01:11.146Z,30.146355,18f4,6 [FLog::Output] Required DestroyAfter
2022-06-20T01:01:11.148Z,30.148352,18f4,6 [FLog::Output] Required RotatedRegion3
2022-06-20T01:01:11.171Z,30.171312,18f4,6 [FLog::Warning] Warning: Didn't run effect Shared.Dodge because it took 22.76948308944702 to reach the client.
2022-06-20T01:01:11.172Z,30.172310,18f4,6 [FLog::Warning] Warning: Didn't run effect Shared.Dodge because it took 22.37501883506775 to reach the client.
2022-06-20T01:01:11.172Z,30.172310,18f4,6 [FLog::Warning] Warning: Didn't run effect Shared.Dodge because it took 21.56156325340271 to reach the client.
2022-06-20T01:01:11.172Z,30.172310,18f4,6 [FLog::Warning] Warning: Didn't run effect Shared.Dodge because it took 21.510749101638794 to reach the client.
2022-06-20T01:01:11.172Z,30.172310,18f4,6 [FLog::Warning] Warning: Didn't run effect Shared.Dodge because it took 21.377357244491577 to reach the client.
2022-06-20T01:01:11.172Z,30.172310,18f4,6 [FLog::Warning] Warning: Didn't run effect Shared.Dodge because it took 21.343636751174927 to reach the client.
2022-06-20T01:01:11.172Z,30.172310,18f4,6 [FLog::Warning] Warning: Didn't run effect Shared.Dodge because it took 21.061847925186157 to reach the client.
2022-06-20T01:01:11.172Z,30.172310,18f4,6 [FLog::Warning] Warning: Didn't run effect Shared.Dodge because it took 21.044846534729004 to reach the client.
2022-06-20T01:01:11.174Z,30.174307,18f4,6 [FLog::Warning] Warning: Didn't run effect Shared.Dodge because it took 20.562795400619507 to reach the client.
2022-06-20T01:01:11.174Z,30.174307,18f4,6 [FLog::Warning] Warning: Didn't run effect Kilo.Z because it took 20.283608436584473 to reach the client.
2022-06-20T01:01:11.174Z,30.174307,18f4,6 [FLog::Warning] Warning: Didn't run effect Misc.Damage because it took 20.283178091049194 to reach the client.
2022-06-20T01:01:11.174Z,30.174307,18f4,6 [FLog::Warning] Warning: Didn't run effect Shared.Dodge because it took 19.74589228630066 to reach the client.
2022-06-20T01:01:11.174Z,30.174307,18f4,6 [FLog::Warning] Warning: Didn't run effect Shared.Dodge because it took 19.210562467575073 to reach the client.
2022-06-20T01:01:11.174Z,30.174307,18f4,6 [FLog::Warning] Warning: Didn't run effect Shared.Dodge because it took 18.430214405059814 to reach the client.
2022-06-20T01:01:11.174Z,30.174307,18f4,6 [FLog::Warning] Warning: Didn't run effect Shared.Dodge because it took 18.084713220596313 to reach the client.
2022-06-20T01:01:11.175Z,30.175304,18f4,6 [FLog::Warning] Warning: Didn't run effect Shared.Dodge because it took 17.480812311172485 to reach the client.
2022-06-20T01:01:11.175Z,30.175304,18f4,6 [FLog::Warning] Warning: Didn't run effect Misc.Damage because it took 16.008509874343872 to reach the client.
2022-06-20T01:01:11.175Z,30.175304,18f4,6 [FLog::Warning] Warning: Didn't run effect Misc.Damage because it took 15.333636999130249 to reach the client.
2022-06-20T01:01:11.175Z,30.175304,18f4,6 [FLog::Warning] Warning: Didn't run effect Shared.Dodge because it took 14.731207609176636 to reach the client.
2022-06-20T01:01:11.175Z,30.175304,18f4,6 [FLog::Warning] Warning: Didn't run effect Misc.Damage because it took 14.517377853393555 to reach the client.
2022-06-20T01:01:11.175Z,30.175304,18f4,6 [FLog::Warning] Warning: Didn't run effect Misc.Damage because it took 14.11452865600586 to reach the client.
2022-06-20T01:01:11.175Z,30.175304,18f4,6 [FLog::Warning] Warning: Didn't run effect Shared.Dodge because it took 12.871764898300171 to reach the client.
2022-06-20T01:01:11.176Z,30.176304,18f4,6 [FLog::Warning] Warning: Didn't run effect Shared.Dodge because it took 12.025312185287476 to reach the client.
2022-06-20T01:01:17.823Z,36.823902,0d58,12 [DFLog::HttpTraceError] HttpResponse(#363 2994F098) time:11170.1ms (net:10569.0ms callback:0.0ms timeInRetryQueue:0.0ms) error:12 message:HttpError: Unknown url:"https://thumbnails.roblox.com/v1/batch" ip:128.116.125.3 external:0 numberOfTimesRetried:0
2022-06-20T01:01:17.876Z,36.876850,16e0,6 [FLog::Error] Asset (Image) "rbxthumb://type=Avatar&id=156020072&w=100&h=100&filters=" load failed in Workspace.NPCs.Indra.Head.Decal.Texture: Request failed
2022-06-20T01:01:17.876Z,36.876850,16e0,6 [FLog::Error] Asset (Image) "rbxthumb://type=Asset&id=7987672503&w=420&h=420&filters=" load failed in Workspace.Boats.Swan.MeshParts.CustomDecal.Mesh.TextureId: Request failed
2022-06-20T01:01:21.792Z,40.792522,1c08,6 [FLog::Error] Asset (Image) "https://assetdelivery.roblox.com/v1/asset?id=7340784429" load failed in TextureManager::PreloadTexture: Request failed
2022-06-20T01:01:21.794Z,40.794506,1c08,6 [FLog::Error] Asset (Image) "https://assetdelivery.roblox.com/v1/asset?id=7152367896" load failed in TextureManager::PreloadTexture: Request failed
2022-06-20T01:01:21.794Z,40.794506,1c08,6 [FLog::Error] Asset (Image) "https://assetdelivery.roblox.com/v1/asset?id=7152363872" load failed in TextureManager::PreloadTexture: Request failed
2022-06-20T01:01:32.421Z,51.421467,0d58,6 [FLog::Error] Asset (Animation) "rbxassetid://2937719525" load failed in Animation.AnimationId: Animation failed to load
2022-06-20T01:01:32.421Z,51.421467,0d58,12 [DFLog::HttpTraceError] HttpResponse(#349 1D215AD8) time:33328.5ms (net:10440.0ms callback:0.0ms timeInRetryQueue:0.0ms) error:10 message:HttpError: SslConnectFail url:"https://assetdelivery.roblox.com/v1/asset?id=2937719525&serverplaceid=2753915549" ip:205.185.216.42 external:0 numberOfTimesRetried:0
2022-06-20T01:01:32.438Z,51.438587,0d58,6 [FLog::Error] Asset (Animation) "rbxassetid://2842967286" load failed in Animation.AnimationId: Animation failed to load
2022-06-20T01:01:32.438Z,51.438587,0d58,12 [DFLog::HttpTraceError] HttpResponse(#346 1D212400) time:33350.5ms (net:10464.2ms callback:0.0ms timeInRetryQueue:0.0ms) error:10 message:HttpError: SslConnectFail url:"https://assetdelivery.roblox.com/v1/asset?id=2842967286&serverplaceid=2753915549" ip:205.185.216.42 external:0 numberOfTimesRetried:0
2022-06-20T01:01:32.439Z,51.439594,0d58,6 [FLog::Error] Asset (Animation) "rbxassetid://2756929903" load failed in Animation.AnimationId: Animation failed to load
2022-06-20T01:01:32.439Z,51.439594,0d58,12 [DFLog::HttpTraceError] HttpResponse(#350 1D214C38) time:33328.4ms (net:10432.8ms callback:0.0ms timeInRetryQueue:0.0ms) error:10 message:HttpError: SslConnectFail url:"https://assetdelivery.roblox.com/v1/asset?id=2756929903&serverplaceid=2753915549" ip:205.185.216.42 external:0 numberOfTimesRetried:0
2022-06-20T01:01:46.003Z,65.003899,18f4,6 [FLog::Error] Asset (Animation) "rbxassetid://2937719525" load failed in Animation.AnimationId: Animation failed to load
2022-06-20T01:01:47.383Z,66.383667,16e0,6 [FLog::Error] Asset (Animation) "rbxassetid://2756929903" load failed in Animation.AnimationId: Animation failed to load
2022-06-20T01:01:49.676Z,68.676598,0d58,6 [FLog::Error] Asset (Image) "https://assetdelivery.roblox.com/v1/asset?id=2917184801" load failed in Workspace.Characters.BigWolff1.RightLowerLeg.Logia_Dark-Dark.Texture: Request failed
2022-06-20T01:01:49.678Z,68.678589,0d58,12 [DFLog::HttpTraceError] HttpResponse(#633 2ECEB210) time:27801.4ms (net:2853.5ms callback:0.0ms timeInRetryQueue:0.0ms) error:12 message:HttpError: Unknown url:"https://assetdelivery.roblox.com/v1/asset?id=2917184801" ip:23.218.224.80 external:0 numberOfTimesRetried:0
2022-06-20T01:01:49.682Z,68.682587,0d58,6 [FLog::Error] Asset (Image) "https://assetdelivery.roblox.com/v1/asset?id=2347752759" load failed in Workspace.Map.Desert.Burn.Fire.Particles.Texture: Request failed
2022-06-20T01:01:49.682Z,68.682587,0d58,12 [DFLog::HttpTraceError] HttpResponse(#634 2ECE94D0) time:27801.4ms (net:2853.4ms callback:2.0ms timeInRetryQueue:0.0ms) error:12 message:HttpError: Unknown url:"https://assetdelivery.roblox.com/v1/asset?id=2347752759" ip:23.218.224.80 external:0 numberOfTimesRetried:0
2022-06-20T01:01:50.330Z,69.330849,0d58,6 [FLog::Error] Asset (Image) "https://assetdelivery.roblox.com/v1/asset?id=248625108" load failed in Workspace.Characters.Zylnax.DragonHandFire.Attachment.Fire.Texture: Request failed
2022-06-20T01:01:50.351Z,69.351837,0d58,12 [DFLog::HttpTraceError] HttpResponse(#635 2ECE9C20) time:28101.9ms (net:3146.0ms callback:21.0ms timeInRetryQueue:0.0ms) error:12 message:HttpError: Unknown url:"https://assetdelivery.roblox.com/v1/asset?id=248625108" ip:23.218.224.86 external:0 numberOfTimesRetried:0
2022-06-20T01:02:17.175Z,96.175392,1e40,6 [DFLog::PerfHistogram] Performance histogram MutexContentionWait
2022-06-20T01:02:17.176Z,96.176361,1e40,6 [DFLog::PerfHistogram]   <1     us : 232
2022-06-20T01:02:17.176Z,96.176361,1e40,6 [DFLog::PerfHistogram]   <3     us : 0
2022-06-20T01:02:17.176Z,96.176361,1e40,6 [DFLog::PerfHistogram]   <9     us : 0
2022-06-20T01:02:17.176Z,96.176361,1e40,6 [DFLog::PerfHistogram]   <27    us : 0
2022-06-20T01:02:17.176Z,96.176361,1e40,6 [DFLog::PerfHistogram]   <81    us : 0
2022-06-20T01:02:17.176Z,96.176361,1e40,6 [DFLog::PerfHistogram]   <243   us : 0
2022-06-20T01:02:17.176Z,96.176361,1e40,6 [DFLog::PerfHistogram]   <729   us : 0
2022-06-20T01:02:17.176Z,96.176361,1e40,6 [DFLog::PerfHistogram]   <2187  us : 0
2022-06-20T01:02:17.176Z,96.176361,1e40,6 [DFLog::PerfHistogram]   <6561  us : 0
2022-06-20T01:02:17.176Z,96.176361,1e40,6 [DFLog::PerfHistogram]  (larger)   : 0
2022-06-20T01:02:17.417Z,96.417953,1e40,7 [FLog::Network] Client:Disconnect
2022-06-20T01:02:17.417Z,96.417953,1e40,7 [DFLog::MegaReplicatorLogDisconnectCleanUpLog] MRD cleanup WorkerCount available: 2, for MRD table size: 97806
2022-06-20T01:02:17.472Z,96.472198,1e40,7 [FLog::Network] Time to disconnect replication data: 53.462502
2022-06-20T01:02:24.626Z,103.626724,1e40,7 [FLog::Network] Sending disconnect with reason: 285
2022-06-20T01:02:24.704Z,103.704041,1f88,7 [FLog::Network] Connection lost
2022-06-20T01:02:24.705Z,103.705040,1f88,7 [FLog::Network] Connection lost: connectMode: Disconnect ASAP, timeMS:103704, connectionTime 6975
2022-06-20T01:02:24.705Z,103.705040,1f88,7 [FLog::Network] Connection lost: AckTimeout 0, IsOutgoingDataWaiting 0
2022-06-20T01:02:24.705Z,103.705040,1f88,7 [FLog::Network] Disconnection Notification. Reason: 285
2022-06-20T01:02:25.626Z,104.626251,1e40,12 [DFLog::HttpTraceError] HttpResponse(#1010 2DD16828) time:998.8ms (net:998.3ms callback:0.0ms timeInRetryQueue:0.0ms) error:9 message:HttpError: Aborted url:"https://assetgame.roblox.com/Game/ClientPresence.ashx?version=old&PlaceID=2753915549&GameID=2e2cd744-bd87-4058-b004-b8d7fbadfa4f&UserID=3635455297&disconnect=true" ip: external:0 numberOfTimesRetried:0
2022-06-20T01:02:25.721Z,104.721718,1e40,6 [FLog::Output] OnDisconnect http req time:1094.99ms (timeout)
2022-06-20T01:02:25.724Z,104.724724,1e40,7 [FLog::Network] Replicator destroyed: 181A2938
2022-06-20T01:02:25.742Z,104.742760,1e40,7 [FLog::Network] Sending disconnect with reason: 285
2022-06-20T01:02:30.824Z,109.824921,1e40,7 [FLog::Network] Client:Disconnect
2022-06-20T01:02:30.888Z,109.888748,1e40,6 [FLog::Output] Closing Fmod (as 307, ml 0, sl 0).
2022-06-20T01:02:32.891Z,111.891411,1e40,6 [FLog::Output] Fmod Closed.
2022-06-20T01:02:32.912Z,111.912231,1e40,7 [FLog::Network] NetworkClient:Remove
2022-06-20T01:02:32.912Z,111.912231,1e40,7 [DFLog::MegaReplicatorLogDisconnectCleanUpLog] Destroying MegaReplicator.
2022-06-20T01:02:38.091Z,117.091934,1e40,6 [FLog::Error] signalr: new state: 0, message: stop was called
2022-06-20T01:02:38.092Z,117.092934,1e40,6 [DFLog::PerfHistogram] Performance histogram MutexContentionWait
2022-06-20T01:02:38.092Z,117.092934,1e40,6 [DFLog::PerfHistogram]   <1     us : 233
2022-06-20T01:02:38.092Z,117.092934,1e40,6 [DFLog::PerfHistogram]   <3     us : 0
2022-06-20T01:02:38.092Z,117.092934,1e40,6 [DFLog::PerfHistogram]   <9     us : 0
2022-06-20T01:02:38.092Z,117.092934,1e40,6 [DFLog::PerfHistogram]   <27    us : 0
2022-06-20T01:02:38.092Z,117.092934,1e40,6 [DFLog::PerfHistogram]   <81    us : 0
2022-06-20T01:02:38.092Z,117.092934,1e40,6 [DFLog::PerfHistogram]   <243   us : 0
2022-06-20T01:02:38.092Z,117.092934,1e40,6 [DFLog::PerfHistogram]   <729   us : 0
2022-06-20T01:02:38.092Z,117.092934,1e40,6 [DFLog::PerfHistogram]   <2187  us : 0
2022-06-20T01:02:38.092Z,117.092934,1e40,6 [DFLog::PerfHistogram]   <6561  us : 0
2022-06-20T01:02:38.093Z,117.093941,1e40,6 [DFLog::PerfHistogram]  (larger)   : 0
2022-06-20T01:02:38.359Z,117.359222,1e40,12 [DFLog::HttpTraceError] HttpResponse(#1016 2DD13C48) time:99.9ms (net:99.7ms callback:0.0ms timeInRetryQueue:0.0ms) error:9 message:HttpError: Aborted url:"https://client-telemetry.roblox.com" ip: external:0 numberOfTimesRetried:0
